#
# A fatal error has been detected by the Java Runtime Environment:
#
#  EXCEPTION_ACCESS_VIOLATION (0xc0000005) at pc=0x00007ffbb544ce03, pid=7476, tid=7116
#
# JRE version: OpenJDK Runtime Environment (11.0.11+9) (build 11.0.11+9-b60-7590822)
# Java VM: OpenJDK 64-Bit Server VM (11.0.11+9-b60-7590822, mixed mode, tiered, compressed oops, g1 gc, windows-amd64)
# Problematic frame:
# V  [jvm.dll+0xbce03]
#
# No core dump will be written. Minidumps are not enabled by default on client versions of Windows
#
# If you would like to submit a bug report, please visit:
#   https://bugreport.java.com/bugreport/crash.jsp
#

---------------  S U M M A R Y ------------

Command Line: --add-opens=java.base/java.util=ALL-UNNAMED --add-opens=java.base/java.lang=ALL-UNNAMED --add-opens=java.base/java.lang.invoke=ALL-UNNAMED --add-opens=java.base/java.util=ALL-UNNAMED --add-opens=java.prefs/java.util.prefs=ALL-UNNAMED --add-opens=java.prefs/java.util.prefs=ALL-UNNAMED --add-opens=java.base/java.nio.charset=ALL-UNNAMED --add-opens=java.base/java.net=ALL-UNNAMED --add-opens=java.base/java.util.concurrent.atomic=ALL-UNNAMED -Xmx2048m -Dfile.encoding=UTF-8 -Duser.country=IN -Duser.language=en -Duser.variant org.gradle.launcher.daemon.bootstrap.GradleDaemon 7.2

Host: Intel(R) Core(TM) i5-8250U CPU @ 1.60GHz, 8 cores, 7G,  Windows 10 , 64 bit Build 19041 (10.0.19041.1566)
Time: Sun Apr 10 19:51:12 2022 India Standard Time elapsed time: 1.851006 seconds (0d 0h 0m 1s)

---------------  T H R E A D  ---------------

Current thread (0x000001ed41bb4000):  JavaThread "Reference Handler" daemon [_thread_in_vm, id=7116, stack(0x00000050ab100000,0x00000050ab200000)]

Stack: [0x00000050ab100000,0x00000050ab200000],  sp=0x00000050ab1ffaf8,  free space=1022k
Native frames: (J=compiled Java code, j=interpreted, Vv=VM code, C=native code)
V  [jvm.dll+0xbce03]

Java frames: (J=compiled Java code, j=interpreted, Vv=VM code)
j  java.lang.ref.ReferenceQueue.enqueue(Ljava/lang/ref/Reference;)Z+7 java.base@11.0.11
j  java.lang.ref.Reference.processPendingReferences()V+96 java.base@11.0.11
j  java.lang.ref.Reference$ReferenceHandler.run()V+0 java.base@11.0.11
v  ~StubRoutines::call_stub
C  0xc28b4c006967f405

[error occurred during error reporting (printing Java stack), id 0xc0000005, EXCEPTION_ACCESS_VIOLATION (0xc0000005) at pc=0x00007ffbb5659630]


siginfo: EXCEPTION_ACCESS_VIOLATION (0xc0000005), reading address 0x0000000000001322


Register to memory mapping:

RIP=0x00007ffbb544ce03 jvm.dll
RAX=0x00000000000000d8 is an unknown value
RBX=0x000001ed41bb4000 is a thread
RCX=0x00000000000012fa is an unknown value
RDX=0x00000000000000d8 is an unknown value
RSP=0x00000050ab1ffaf8 is pointing into the stack for thread: 0x000001ed41bb4000
RBP=0x00000050ab1ffbc0 is pointing into the stack for thread: 0x000001ed41bb4000
RSI=0x00000000000012fa is an unknown value
RDI=0x00000050ab1ff968 is pointing into the stack for thread: 0x000001ed41bb4000
R8 =0x0 is NULL
R9 =0x0000000000000001 is an unknown value
R10=0x00007ffbb56fdf90 jvm.dll
R11=0x00000050ab1ffb60 is pointing into the stack for thread: 0x000001ed41bb4000
R12=0x0 is NULL
R13=0x000001ed41d3cf87 is pointing into metadata
R14=0x00000050ab1ffbf0 is pointing into the stack for thread: 0x000001ed41bb4000
R15=0x000001ed41bb4000 is a thread


Registers:
RAX=0x00000000000000d8, RBX=0x000001ed41bb4000, RCX=0x00000000000012fa, RDX=0x00000000000000d8
RSP=0x00000050ab1ffaf8, RBP=0x00000050ab1ffbc0, RSI=0x00000000000012fa, RDI=0x00000050ab1ff968
R8 =0x0000000000000000, R9 =0x0000000000000001, R10=0x00007ffbb56fdf90, R11=0x00000050ab1ffb60
R12=0x0000000000000000, R13=0x000001ed41d3cf87, R14=0x00000050ab1ffbf0, R15=0x000001ed41bb4000
RIP=0x00007ffbb544ce03, EFLAGS=0x0000000000010286

Top of Stack: (sp=0x00000050ab1ffaf8)
0x00000050ab1ffaf8:   00007ffbb56fe02e 000001ed254ca7b8
0x00000050ab1ffb08:   000001ed41bb4000 000001ed41bb4000
0x00000050ab1ffb18:   0000000000000000 000001ed41bb4000
0x00000050ab1ffb28:   000001ed2aa9f64f 000001ed2aa8a0c3
0x00000050ab1ffb38:   000001ed2aa9f42a 0000000000000002
0x00000050ab1ffb48:   000001ed2aa80d57 000001ed2aa9f5f6
0x00000050ab1ffb58:   0000000083c11458 000001ed2aa9f3d1
0x00000050ab1ffb68:   0000000000000003 0000000083c11458
0x00000050ab1ffb78:   00000050ab1ffb68 000001ed41d3cf87
0x00000050ab1ffb88:   00000050ab1ffbf0 000001ed41d3d6d0
0x00000050ab1ffb98:   0000000000000000 0000000083c0b338
0x00000050ab1ffba8:   000001ed41d3d050 0000000000000000
0x00000050ab1ffbb8:   00000050ab1ffbe8 00000050ab1ffe50
0x00000050ab1ffbc8:   000001ed2aa89890 0000000000000000
0x00000050ab1ffbd8:   0000000000000000 0000000083c11458
0x00000050ab1ffbe8:   0000000083c94590 0000000083c11468 

Instructions: (pc=0x00007ffbb544ce03)
0x00007ffbb544cd03:   f8 02 7c 21 48 8d 05 12 60 94 00 0f b6 d3 48 c1
0x00007ffbb544cd13:   e2 05 48 83 c9 ff 48 03 d0 48 83 c4 20 5b 48 ff
0x00007ffbb544cd23:   25 58 51 8f 00 48 83 c4 20 5b c3 cc cc 48 89 5c
0x00007ffbb544cd33:   24 08 57 48 83 ec 20 8b 05 6c 40 8f 00 48 8b d9
0x00007ffbb544cd43:   8b fa 3d ff 00 00 00 75 17 e8 af 30 4d 00 89 05
0x00007ffbb544cd53:   55 40 8f 00 8b 05 4f 40 8f 00 89 05 4d 40 8f 00
0x00007ffbb544cd63:   8b 05 43 40 8f 00 83 f8 02 7c 20 48 85 db 74 1b
0x00007ffbb544cd73:   48 8d 05 ae 5f 94 00 40 0f b6 d7 48 c1 e2 05 48
0x00007ffbb544cd83:   8b cb 48 03 d0 ff 15 f2 50 8f 00 48 8b 5c 24 30
0x00007ffbb544cd93:   48 83 c4 20 5f c3 cc cc cc cc cc cc cc 40 53 48
0x00007ffbb544cda3:   83 ec 20 8b 05 00 40 8f 00 8b d9 3d ff 00 00 00
0x00007ffbb544cdb3:   75 17 e8 46 30 4d 00 89 05 ec 3f 8f 00 8b 05 e6
0x00007ffbb544cdc3:   3f 8f 00 89 05 e4 3f 8f 00 8b 05 da 3f 8f 00 83
0x00007ffbb544cdd3:   f8 02 7c 22 48 8d 05 42 5f 94 00 0f b6 d3 48 c1
0x00007ffbb544cde3:   e2 05 b9 01 00 00 00 48 03 d0 48 83 c4 20 5b 48
0x00007ffbb544cdf3:   ff 25 87 50 8f 00 48 83 c4 20 5b c3 cc 48 8b c2
0x00007ffbb544ce03:   48 8b 51 28 48 3b d0 74 11 48 89 41 28 48 2b c2
0x00007ffbb544ce13:   8b 11 48 8b c8 e9 13 ff ff ff c3 cc cc 48 83 ec
0x00007ffbb544ce23:   38 4c 89 44 24 28 48 8d 05 f4 67 69 00 4c 8b c2
0x00007ffbb544ce33:   48 89 44 24 20 ba 5b 01 00 00 48 8d 0d cc 7a 72
0x00007ffbb544ce43:   00 41 b9 01 00 00 e0 e8 c1 63 18 00 48 83 c4 38
0x00007ffbb544ce53:   e9 48 da 52 00 cc cc cc cc cc cc cc cc 40 53 48
0x00007ffbb544ce63:   83 ec 20 45 33 c0 41 8d 50 07 8d 4a 09 e8 fb 6a
0x00007ffbb544ce73:   ff ff 48 8b d8 48 85 c0 74 24 ba 88 13 00 00 48
0x00007ffbb544ce83:   8b c8 e8 66 c2 60 00 48 8d 05 af 7a 72 00 48 8b
0x00007ffbb544ce93:   cb 48 89 03 48 83 c4 20 5b e9 2f c3 60 00 33 db
0x00007ffbb544cea3:   8b cb 48 83 c4 20 5b e9 21 c3 60 00 cc 48 83 ec
0x00007ffbb544ceb3:   28 48 8b 0d fd 5e 93 00 ba 05 00 00 00 e8 bb fa
0x00007ffbb544cec3:   ff ff 48 8b 0d e4 5e 93 00 ba 05 00 00 00 e8 aa
0x00007ffbb544ced3:   fa ff ff 48 8b 0d cb 5e 93 00 ba 05 00 00 00 e8
0x00007ffbb544cee3:   99 fa ff ff 48 8b 0d b2 5e 93 00 ba 05 00 00 00
0x00007ffbb544cef3:   48 83 c4 28 e9 84 fa ff ff cc cc cc cc 48 8b 51 


Stack slot to memory mapping:
stack at sp + 0 slots: 0x00007ffbb56fe02e jvm.dll
stack at sp + 1 slots: 0x000001ed254ca7b8 points into unknown readable memory: 0x0000000083c11458 | 58 14 c1 83 00 00 00 00
stack at sp + 2 slots: 0x000001ed41bb4000 is a thread
stack at sp + 3 slots: 0x000001ed41bb4000 is a thread
stack at sp + 4 slots: 0x0 is NULL
stack at sp + 5 slots: 0x000001ed41bb4000 is a thread
stack at sp + 6 slots: 0x000001ed2aa9f64f is at code_begin+399 in an Interpreter codelet
monitorexit  195 monitorexit  [0x000001ed2aa9f4c0, 0x000001ed2aa9f6c0]  512 bytes
stack at sp + 7 slots: 0x000001ed2aa8a0c3 is at code_begin+2307 in an Interpreter codelet
invoke return entry points  [0x000001ed2aa897c0, 0x000001ed2aa8a1a0]  2528 bytes


---------------  P R O C E S S  ---------------

Threads class SMR info:
_java_thread_list=0x000001ed446163b0, length=19, elements={
0x000001ed26f7d000, 0x000001ed41bb4000, 0x000001ed41bbd000, 0x000001ed42536000,
0x000001ed42537000, 0x000001ed42539000, 0x000001ed4253e000, 0x000001ed4253f000,
0x000001ed42540800, 0x000001ed42691800, 0x000001ed4408a000, 0x000001ed4275c800,
0x000001ed44b88000, 0x000001ed4511c000, 0x000001ed44ba9000, 0x000001ed43bb0800,
0x000001ed44efa800, 0x000001ed44e3b800, 0x000001ed451ef000
}

Java Threads: ( => current thread )
  0x000001ed26f7d000 JavaThread "main" [_thread_blocked, id=4944, stack(0x00000050aaa00000,0x00000050aab00000)]
=>0x000001ed41bb4000 JavaThread "Reference Handler" daemon [_thread_in_vm, id=7116, stack(0x00000050ab100000,0x00000050ab200000)]
  0x000001ed41bbd000 JavaThread "Finalizer" daemon [_thread_blocked, id=5196, stack(0x00000050ab200000,0x00000050ab300000)]
  0x000001ed42536000 JavaThread "Signal Dispatcher" daemon [_thread_blocked, id=4784, stack(0x00000050ab300000,0x00000050ab400000)]
  0x000001ed42537000 JavaThread "Attach Listener" daemon [_thread_blocked, id=7180, stack(0x00000050ab400000,0x00000050ab500000)]
  0x000001ed42539000 JavaThread "Service Thread" daemon [_thread_blocked, id=2892, stack(0x00000050ab500000,0x00000050ab600000)]
  0x000001ed4253e000 JavaThread "C2 CompilerThread0" daemon [_thread_blocked, id=5208, stack(0x00000050ab600000,0x00000050ab700000)]
  0x000001ed4253f000 JavaThread "C1 CompilerThread0" daemon [_thread_blocked, id=6736, stack(0x00000050ab700000,0x00000050ab800000)]
  0x000001ed42540800 JavaThread "Sweeper thread" daemon [_thread_blocked, id=2976, stack(0x00000050ab800000,0x00000050ab900000)]
  0x000001ed42691800 JavaThread "Common-Cleaner" daemon [_thread_blocked, id=3444, stack(0x00000050ab900000,0x00000050aba00000)]
  0x000001ed4408a000 JavaThread "Daemon health stats" [_thread_blocked, id=9488, stack(0x00000050abe00000,0x00000050abf00000)]
  0x000001ed4275c800 JavaThread "Incoming local TCP Connector on port 49986" [_thread_in_native, id=1640, stack(0x00000050abb00000,0x00000050abc00000)]
  0x000001ed44b88000 JavaThread "Daemon periodic checks" [_thread_blocked, id=3436, stack(0x00000050abf00000,0x00000050ac000000)]
  0x000001ed4511c000 JavaThread "Daemon" [_thread_blocked, id=6116, stack(0x00000050ac000000,0x00000050ac100000)]
  0x000001ed44ba9000 JavaThread "Handler for socket connection from /127.0.0.1:49986 to /127.0.0.1:49987" [_thread_in_native, id=8904, stack(0x00000050ac100000,0x00000050ac200000)]
  0x000001ed43bb0800 JavaThread "Cancel handler" [_thread_blocked, id=4332, stack(0x00000050ac200000,0x00000050ac300000)]
  0x000001ed44efa800 JavaThread "Daemon worker" [_thread_blocked, id=1692, stack(0x00000050ac300000,0x00000050ac400000)]
  0x000001ed44e3b800 JavaThread "Asynchronous log dispatcher for DefaultDaemonConnection: socket connection from /127.0.0.1:49986 to /127.0.0.1:49987" [_thread_blocked, id=4616, stack(0x00000050ac400000,0x00000050ac500000)]
  0x000001ed451ef000 JavaThread "Stdin handler" [_thread_blocked, id=3168, stack(0x00000050ac500000,0x00000050ac600000)]

Other Threads:
  0x000001ed41bb0000 VMThread "VM Thread" [stack: 0x00000050ab000000,0x00000050ab100000] [id=7124]
  0x000001ed426af000 WatcherThread [stack: 0x00000050aba00000,0x00000050abb00000] [id=3720]
  0x000001ed26f95800 GCTaskThread "GC Thread#0" [stack: 0x00000050aab00000,0x00000050aac00000] [id=4608]
  0x000001ed43085800 GCTaskThread "GC Thread#1" [stack: 0x00000050abc00000,0x00000050abd00000] [id=7104]
  0x000001ed4315a000 GCTaskThread "GC Thread#2" [stack: 0x00000050abd00000,0x00000050abe00000] [id=7692]
  0x000001ed44577800 GCTaskThread "GC Thread#3" [stack: 0x00000050ac600000,0x00000050ac700000] [id=4916]
  0x000001ed451fb800 GCTaskThread "GC Thread#4" [stack: 0x00000050ac700000,0x00000050ac800000] [id=9700]
  0x000001ed44324800 GCTaskThread "GC Thread#5" [stack: 0x00000050ac800000,0x00000050ac900000] [id=8932]
  0x000001ed44325000 GCTaskThread "GC Thread#6" [stack: 0x00000050ac900000,0x00000050aca00000] [id=7240]
  0x000001ed45228800 GCTaskThread "GC Thread#7" [stack: 0x00000050aca00000,0x00000050acb00000] [id=8292]
  0x000001ed26fc7800 ConcurrentGCThread "G1 Main Marker" [stack: 0x00000050aac00000,0x00000050aad00000] [id=1860]
  0x000001ed26fc9800 ConcurrentGCThread "G1 Conc#0" [stack: 0x00000050aad00000,0x00000050aae00000] [id=9228]
  0x000001ed41a00800 ConcurrentGCThread "G1 Refine#0" [stack: 0x00000050aae00000,0x00000050aaf00000] [id=9996]
  0x000001ed4277d800 ConcurrentGCThread "G1 Refine#1" [stack: 0x00000050acb00000,0x00000050acc00000] [id=10232]
  0x000001ed41a01800 ConcurrentGCThread "G1 Young RemSet Sampling" [stack: 0x00000050aaf00000,0x00000050ab000000] [id=9568]

Threads with active compile tasks:
C2 CompilerThread0   1884 1641 % !   4       java.util.concurrent.ConcurrentHashMap::transfer @ 96 (828 bytes)

VM state:synchronizing (normal execution)

VM Mutex/Monitor currently owned by a thread:  ([mutex/lock_event])
[0x000001ed26f784e0] Threads_lock - owner thread: 0x000001ed41bb0000

Heap address: 0x0000000080000000, size: 2048 MB, Compressed Oops mode: 32-bit
Narrow klass base: 0x0000000000000000, Narrow klass shift: 3
Compressed class space size: 1073741824 Address: 0x0000000100000000

Heap:
 garbage-first heap   total 131072K, used 16343K [0x0000000080000000, 0x0000000100000000)
  region size 1024K, 10 young (10240K), 9 survivors (9216K)
 Metaspace       used 16960K, capacity 17297K, committed 17536K, reserved 1064960K
  class space    used 1963K, capacity 2069K, committed 2176K, reserved 1048576K
Heap Regions: E=young(eden), S=young(survivor), O=old, HS=humongous(starts), HC=humongous(continues), CS=collection set, F=free, A=archive, TAMS=top-at-mark-start (previous, next)
|   0|0x0000000080000000, 0x0000000080000000, 0x0000000080100000|  0%| F|  |TAMS 0x0000000080000000, 0x0000000080000000| Untracked 
|   1|0x0000000080100000, 0x0000000080100000, 0x0000000080200000|  0%| F|  |TAMS 0x0000000080100000, 0x0000000080100000| Untracked 
|   2|0x0000000080200000, 0x0000000080200000, 0x0000000080300000|  0%| F|  |TAMS 0x0000000080200000, 0x0000000080200000| Untracked 
|   3|0x0000000080300000, 0x0000000080400000, 0x0000000080400000|100%|HS|  |TAMS 0x0000000080300000, 0x0000000080300000| Complete 
|   4|0x0000000080400000, 0x0000000080500000, 0x0000000080500000|100%|HC|  |TAMS 0x0000000080400000, 0x0000000080400000| Complete 
|   5|0x0000000080500000, 0x0000000080600000, 0x0000000080600000|100%|HC|  |TAMS 0x0000000080500000, 0x0000000080500000| Complete 
|   6|0x0000000080600000, 0x0000000080700000, 0x0000000080700000|100%| O|  |TAMS 0x0000000080600000, 0x0000000080600000| Untracked 
|   7|0x0000000080700000, 0x0000000080800000, 0x0000000080800000|100%| O|  |TAMS 0x0000000080700000, 0x0000000080700000| Untracked 
|   8|0x0000000080800000, 0x0000000080900000, 0x0000000080900000|100%| O|  |TAMS 0x0000000080800000, 0x0000000080800000| Untracked 
|   9|0x0000000080900000, 0x00000000809f5c00, 0x0000000080a00000| 95%| O|  |TAMS 0x0000000080900000, 0x0000000080900000| Untracked 
|  10|0x0000000080a00000, 0x0000000080a00000, 0x0000000080b00000|  0%| F|  |TAMS 0x0000000080a00000, 0x0000000080a00000| Untracked 
|  11|0x0000000080b00000, 0x0000000080b00000, 0x0000000080c00000|  0%| F|  |TAMS 0x0000000080b00000, 0x0000000080b00000| Untracked 
|  12|0x0000000080c00000, 0x0000000080c00000, 0x0000000080d00000|  0%| F|  |TAMS 0x0000000080c00000, 0x0000000080c00000| Untracked 
|  13|0x0000000080d00000, 0x0000000080d00000, 0x0000000080e00000|  0%| F|  |TAMS 0x0000000080d00000, 0x0000000080d00000| Untracked 
|  14|0x0000000080e00000, 0x0000000080e00000, 0x0000000080f00000|  0%| F|  |TAMS 0x0000000080e00000, 0x0000000080e00000| Untracked 
|  15|0x0000000080f00000, 0x0000000080f00000, 0x0000000081000000|  0%| F|  |TAMS 0x0000000080f00000, 0x0000000080f00000| Untracked 
|  16|0x0000000081000000, 0x0000000081000000, 0x0000000081100000|  0%| F|  |TAMS 0x0000000081000000, 0x0000000081000000| Untracked 
|  17|0x0000000081100000, 0x0000000081100000, 0x0000000081200000|  0%| F|  |TAMS 0x0000000081100000, 0x0000000081100000| Untracked 
|  18|0x0000000081200000, 0x0000000081200000, 0x0000000081300000|  0%| F|  |TAMS 0x0000000081200000, 0x0000000081200000| Untracked 
|  19|0x0000000081300000, 0x0000000081300000, 0x0000000081400000|  0%| F|  |TAMS 0x0000000081300000, 0x0000000081300000| Untracked 
|  20|0x0000000081400000, 0x0000000081400000, 0x0000000081500000|  0%| F|  |TAMS 0x0000000081400000, 0x0000000081400000| Untracked 
|  21|0x0000000081500000, 0x0000000081500000, 0x0000000081600000|  0%| F|  |TAMS 0x0000000081500000, 0x0000000081500000| Untracked 
|  22|0x0000000081600000, 0x0000000081600000, 0x0000000081700000|  0%| F|  |TAMS 0x0000000081600000, 0x0000000081600000| Untracked 
|  23|0x0000000081700000, 0x0000000081700000, 0x0000000081800000|  0%| F|  |TAMS 0x0000000081700000, 0x0000000081700000| Untracked 
|  24|0x0000000081800000, 0x0000000081800000, 0x0000000081900000|  0%| F|  |TAMS 0x0000000081800000, 0x0000000081800000| Untracked 
|  25|0x0000000081900000, 0x0000000081900000, 0x0000000081a00000|  0%| F|  |TAMS 0x0000000081900000, 0x0000000081900000| Untracked 
|  26|0x0000000081a00000, 0x0000000081a00000, 0x0000000081b00000|  0%| F|  |TAMS 0x0000000081a00000, 0x0000000081a00000| Untracked 
|  27|0x0000000081b00000, 0x0000000081b00000, 0x0000000081c00000|  0%| F|  |TAMS 0x0000000081b00000, 0x0000000081b00000| Untracked 
|  28|0x0000000081c00000, 0x0000000081c00000, 0x0000000081d00000|  0%| F|  |TAMS 0x0000000081c00000, 0x0000000081c00000| Untracked 
|  29|0x0000000081d00000, 0x0000000081d00000, 0x0000000081e00000|  0%| F|  |TAMS 0x0000000081d00000, 0x0000000081d00000| Untracked 
|  30|0x0000000081e00000, 0x0000000081e00000, 0x0000000081f00000|  0%| F|  |TAMS 0x0000000081e00000, 0x0000000081e00000| Untracked 
|  31|0x0000000081f00000, 0x0000000081f00000, 0x0000000082000000|  0%| F|  |TAMS 0x0000000081f00000, 0x0000000081f00000| Untracked 
|  32|0x0000000082000000, 0x0000000082000000, 0x0000000082100000|  0%| F|  |TAMS 0x0000000082000000, 0x0000000082000000| Untracked 
|  33|0x0000000082100000, 0x0000000082100000, 0x0000000082200000|  0%| F|  |TAMS 0x0000000082100000, 0x0000000082100000| Untracked 
|  34|0x0000000082200000, 0x0000000082200000, 0x0000000082300000|  0%| F|  |TAMS 0x0000000082200000, 0x0000000082200000| Untracked 
|  35|0x0000000082300000, 0x0000000082300000, 0x0000000082400000|  0%| F|  |TAMS 0x0000000082300000, 0x0000000082300000| Untracked 
|  36|0x0000000082400000, 0x0000000082400000, 0x0000000082500000|  0%| F|  |TAMS 0x0000000082400000, 0x0000000082400000| Untracked 
|  37|0x0000000082500000, 0x0000000082500000, 0x0000000082600000|  0%| F|  |TAMS 0x0000000082500000, 0x0000000082500000| Untracked 
|  38|0x0000000082600000, 0x0000000082600000, 0x0000000082700000|  0%| F|  |TAMS 0x0000000082600000, 0x0000000082600000| Untracked 
|  39|0x0000000082700000, 0x0000000082700000, 0x0000000082800000|  0%| F|  |TAMS 0x0000000082700000, 0x0000000082700000| Untracked 
|  40|0x0000000082800000, 0x0000000082800000, 0x0000000082900000|  0%| F|  |TAMS 0x0000000082800000, 0x0000000082800000| Untracked 
|  41|0x0000000082900000, 0x0000000082900000, 0x0000000082a00000|  0%| F|  |TAMS 0x0000000082900000, 0x0000000082900000| Untracked 
|  42|0x0000000082a00000, 0x0000000082a00000, 0x0000000082b00000|  0%| F|  |TAMS 0x0000000082a00000, 0x0000000082a00000| Untracked 
|  43|0x0000000082b00000, 0x0000000082b00000, 0x0000000082c00000|  0%| F|  |TAMS 0x0000000082b00000, 0x0000000082b00000| Untracked 
|  44|0x0000000082c00000, 0x0000000082c00000, 0x0000000082d00000|  0%| F|  |TAMS 0x0000000082c00000, 0x0000000082c00000| Untracked 
|  45|0x0000000082d00000, 0x0000000082d00000, 0x0000000082e00000|  0%| F|  |TAMS 0x0000000082d00000, 0x0000000082d00000| Untracked 
|  46|0x0000000082e00000, 0x0000000082e00000, 0x0000000082f00000|  0%| F|  |TAMS 0x0000000082e00000, 0x0000000082e00000| Untracked 
|  47|0x0000000082f00000, 0x0000000082f00000, 0x0000000083000000|  0%| F|  |TAMS 0x0000000082f00000, 0x0000000082f00000| Untracked 
|  48|0x0000000083000000, 0x0000000083000000, 0x0000000083100000|  0%| F|  |TAMS 0x0000000083000000, 0x0000000083000000| Untracked 
|  49|0x0000000083100000, 0x0000000083100000, 0x0000000083200000|  0%| F|  |TAMS 0x0000000083100000, 0x0000000083100000| Untracked 
|  50|0x0000000083200000, 0x0000000083200000, 0x0000000083300000|  0%| F|  |TAMS 0x0000000083200000, 0x0000000083200000| Untracked 
|  51|0x0000000083300000, 0x0000000083300000, 0x0000000083400000|  0%| F|  |TAMS 0x0000000083300000, 0x0000000083300000| Untracked 
|  52|0x0000000083400000, 0x0000000083500000, 0x0000000083500000|100%| S|CS|TAMS 0x0000000083400000, 0x0000000083400000| Complete 
|  53|0x0000000083500000, 0x0000000083600000, 0x0000000083600000|100%| S|CS|TAMS 0x0000000083500000, 0x0000000083500000| Complete 
|  54|0x0000000083600000, 0x0000000083700000, 0x0000000083700000|100%| S|CS|TAMS 0x0000000083600000, 0x0000000083600000| Complete 
|  55|0x0000000083700000, 0x0000000083800000, 0x0000000083800000|100%| S|CS|TAMS 0x0000000083700000, 0x0000000083700000| Complete 
|  56|0x0000000083800000, 0x0000000083900000, 0x0000000083900000|100%| S|CS|TAMS 0x0000000083800000, 0x0000000083800000| Complete 
|  57|0x0000000083900000, 0x0000000083a00000, 0x0000000083a00000|100%| S|CS|TAMS 0x0000000083900000, 0x0000000083900000| Complete 
|  58|0x0000000083a00000, 0x0000000083b00000, 0x0000000083b00000|100%| S|CS|TAMS 0x0000000083a00000, 0x0000000083a00000| Complete 
|  59|0x0000000083b00000, 0x0000000083c00000, 0x0000000083c00000|100%| S|CS|TAMS 0x0000000083b00000, 0x0000000083b00000| Complete 
|  60|0x0000000083c00000, 0x0000000083d00000, 0x0000000083d00000|100%| S|CS|TAMS 0x0000000083c00000, 0x0000000083c00000| Complete 
|  61|0x0000000083d00000, 0x0000000083d00000, 0x0000000083e00000|  0%| F|  |TAMS 0x0000000083d00000, 0x0000000083d00000| Untracked 
|  62|0x0000000083e00000, 0x0000000083e00000, 0x0000000083f00000|  0%| F|  |TAMS 0x0000000083e00000, 0x0000000083e00000| Untracked 
|  63|0x0000000083f00000, 0x0000000083f00000, 0x0000000084000000|  0%| F|  |TAMS 0x0000000083f00000, 0x0000000083f00000| Untracked 
|  64|0x0000000084000000, 0x0000000084000000, 0x0000000084100000|  0%| F|  |TAMS 0x0000000084000000, 0x0000000084000000| Untracked 
|  65|0x0000000084100000, 0x0000000084100000, 0x0000000084200000|  0%| F|  |TAMS 0x0000000084100000, 0x0000000084100000| Untracked 
|  66|0x0000000084200000, 0x0000000084200000, 0x0000000084300000|  0%| F|  |TAMS 0x0000000084200000, 0x0000000084200000| Untracked 
|  67|0x0000000084300000, 0x0000000084300000, 0x0000000084400000|  0%| F|  |TAMS 0x0000000084300000, 0x0000000084300000| Untracked 
|  68|0x0000000084400000, 0x0000000084400000, 0x0000000084500000|  0%| F|  |TAMS 0x0000000084400000, 0x0000000084400000| Untracked 
|  69|0x0000000084500000, 0x0000000084500000, 0x0000000084600000|  0%| F|  |TAMS 0x0000000084500000, 0x0000000084500000| Untracked 
|  70|0x0000000084600000, 0x0000000084600000, 0x0000000084700000|  0%| F|  |TAMS 0x0000000084600000, 0x0000000084600000| Untracked 
|  71|0x0000000084700000, 0x0000000084700000, 0x0000000084800000|  0%| F|  |TAMS 0x0000000084700000, 0x0000000084700000| Untracked 
|  72|0x0000000084800000, 0x0000000084800000, 0x0000000084900000|  0%| F|  |TAMS 0x0000000084800000, 0x0000000084800000| Untracked 
|  73|0x0000000084900000, 0x0000000084900000, 0x0000000084a00000|  0%| F|  |TAMS 0x0000000084900000, 0x0000000084900000| Untracked 
|  74|0x0000000084a00000, 0x0000000084a00000, 0x0000000084b00000|  0%| F|  |TAMS 0x0000000084a00000, 0x0000000084a00000| Untracked 
|  75|0x0000000084b00000, 0x0000000084b00000, 0x0000000084c00000|  0%| F|  |TAMS 0x0000000084b00000, 0x0000000084b00000| Untracked 
|  76|0x0000000084c00000, 0x0000000084c00000, 0x0000000084d00000|  0%| F|  |TAMS 0x0000000084c00000, 0x0000000084c00000| Untracked 
|  77|0x0000000084d00000, 0x0000000084d00000, 0x0000000084e00000|  0%| F|  |TAMS 0x0000000084d00000, 0x0000000084d00000| Untracked 
|  78|0x0000000084e00000, 0x0000000084e00000, 0x0000000084f00000|  0%| F|  |TAMS 0x0000000084e00000, 0x0000000084e00000| Untracked 
|  79|0x0000000084f00000, 0x0000000084f00000, 0x0000000085000000|  0%| F|  |TAMS 0x0000000084f00000, 0x0000000084f00000| Untracked 
|  80|0x0000000085000000, 0x0000000085000000, 0x0000000085100000|  0%| F|  |TAMS 0x0000000085000000, 0x0000000085000000| Untracked 
|  81|0x0000000085100000, 0x0000000085100000, 0x0000000085200000|  0%| F|  |TAMS 0x0000000085100000, 0x0000000085100000| Untracked 
|  82|0x0000000085200000, 0x0000000085200000, 0x0000000085300000|  0%| F|  |TAMS 0x0000000085200000, 0x0000000085200000| Untracked 
|  83|0x0000000085300000, 0x0000000085300000, 0x0000000085400000|  0%| F|  |TAMS 0x0000000085300000, 0x0000000085300000| Untracked 
|  84|0x0000000085400000, 0x0000000085400000, 0x0000000085500000|  0%| F|  |TAMS 0x0000000085400000, 0x0000000085400000| Untracked 
|  85|0x0000000085500000, 0x0000000085500000, 0x0000000085600000|  0%| F|  |TAMS 0x0000000085500000, 0x0000000085500000| Untracked 
|  86|0x0000000085600000, 0x0000000085600000, 0x0000000085700000|  0%| F|  |TAMS 0x0000000085600000, 0x0000000085600000| Untracked 
|  87|0x0000000085700000, 0x0000000085700000, 0x0000000085800000|  0%| F|  |TAMS 0x0000000085700000, 0x0000000085700000| Untracked 
|  88|0x0000000085800000, 0x0000000085800000, 0x0000000085900000|  0%| F|  |TAMS 0x0000000085800000, 0x0000000085800000| Untracked 
|  89|0x0000000085900000, 0x0000000085900000, 0x0000000085a00000|  0%| F|  |TAMS 0x0000000085900000, 0x0000000085900000| Untracked 
|  90|0x0000000085a00000, 0x0000000085a00000, 0x0000000085b00000|  0%| F|  |TAMS 0x0000000085a00000, 0x0000000085a00000| Untracked 
|  91|0x0000000085b00000, 0x0000000085b00000, 0x0000000085c00000|  0%| F|  |TAMS 0x0000000085b00000, 0x0000000085b00000| Untracked 
|  92|0x0000000085c00000, 0x0000000085c00000, 0x0000000085d00000|  0%| F|  |TAMS 0x0000000085c00000, 0x0000000085c00000| Untracked 
|  93|0x0000000085d00000, 0x0000000085d00000, 0x0000000085e00000|  0%| F|  |TAMS 0x0000000085d00000, 0x0000000085d00000| Untracked 
|  94|0x0000000085e00000, 0x0000000085e00000, 0x0000000085f00000|  0%| F|  |TAMS 0x0000000085e00000, 0x0000000085e00000| Untracked 
|  95|0x0000000085f00000, 0x0000000085f00000, 0x0000000086000000|  0%| F|  |TAMS 0x0000000085f00000, 0x0000000085f00000| Untracked 
|  96|0x0000000086000000, 0x0000000086000000, 0x0000000086100000|  0%| F|  |TAMS 0x0000000086000000, 0x0000000086000000| Untracked 
|  97|0x0000000086100000, 0x0000000086100000, 0x0000000086200000|  0%| F|  |TAMS 0x0000000086100000, 0x0000000086100000| Untracked 
|  98|0x0000000086200000, 0x0000000086200000, 0x0000000086300000|  0%| F|  |TAMS 0x0000000086200000, 0x0000000086200000| Untracked 
|  99|0x0000000086300000, 0x0000000086300000, 0x0000000086400000|  0%| F|  |TAMS 0x0000000086300000, 0x0000000086300000| Untracked 
| 100|0x0000000086400000, 0x0000000086400000, 0x0000000086500000|  0%| F|  |TAMS 0x0000000086400000, 0x0000000086400000| Untracked 
| 101|0x0000000086500000, 0x0000000086500000, 0x0000000086600000|  0%| F|  |TAMS 0x0000000086500000, 0x0000000086500000| Untracked 
| 102|0x0000000086600000, 0x0000000086600000, 0x0000000086700000|  0%| F|  |TAMS 0x0000000086600000, 0x0000000086600000| Untracked 
| 103|0x0000000086700000, 0x0000000086700000, 0x0000000086800000|  0%| F|  |TAMS 0x0000000086700000, 0x0000000086700000| Untracked 
| 104|0x0000000086800000, 0x0000000086800000, 0x0000000086900000|  0%| F|  |TAMS 0x0000000086800000, 0x0000000086800000| Untracked 
| 105|0x0000000086900000, 0x0000000086900000, 0x0000000086a00000|  0%| F|  |TAMS 0x0000000086900000, 0x0000000086900000| Untracked 
| 106|0x0000000086a00000, 0x0000000086a00000, 0x0000000086b00000|  0%| F|  |TAMS 0x0000000086a00000, 0x0000000086a00000| Untracked 
| 107|0x0000000086b00000, 0x0000000086b00000, 0x0000000086c00000|  0%| F|  |TAMS 0x0000000086b00000, 0x0000000086b00000| Untracked 
| 108|0x0000000086c00000, 0x0000000086c00000, 0x0000000086d00000|  0%| F|  |TAMS 0x0000000086c00000, 0x0000000086c00000| Untracked 
| 109|0x0000000086d00000, 0x0000000086d00000, 0x0000000086e00000|  0%| F|  |TAMS 0x0000000086d00000, 0x0000000086d00000| Untracked 
| 110|0x0000000086e00000, 0x0000000086e00000, 0x0000000086f00000|  0%| F|  |TAMS 0x0000000086e00000, 0x0000000086e00000| Untracked 
| 111|0x0000000086f00000, 0x0000000086f00000, 0x0000000087000000|  0%| F|  |TAMS 0x0000000086f00000, 0x0000000086f00000| Untracked 
| 112|0x0000000087000000, 0x0000000087000000, 0x0000000087100000|  0%| F|  |TAMS 0x0000000087000000, 0x0000000087000000| Untracked 
| 113|0x0000000087100000, 0x0000000087100000, 0x0000000087200000|  0%| F|  |TAMS 0x0000000087100000, 0x0000000087100000| Untracked 
| 114|0x0000000087200000, 0x0000000087200000, 0x0000000087300000|  0%| F|  |TAMS 0x0000000087200000, 0x0000000087200000| Untracked 
| 115|0x0000000087300000, 0x0000000087300000, 0x0000000087400000|  0%| F|  |TAMS 0x0000000087300000, 0x0000000087300000| Untracked 
| 116|0x0000000087400000, 0x0000000087400000, 0x0000000087500000|  0%| F|  |TAMS 0x0000000087400000, 0x0000000087400000| Untracked 
| 117|0x0000000087500000, 0x0000000087500000, 0x0000000087600000|  0%| F|  |TAMS 0x0000000087500000, 0x0000000087500000| Untracked 
| 118|0x0000000087600000, 0x0000000087600000, 0x0000000087700000|  0%| F|  |TAMS 0x0000000087600000, 0x0000000087600000| Untracked 
| 119|0x0000000087700000, 0x0000000087700000, 0x0000000087800000|  0%| F|  |TAMS 0x0000000087700000, 0x0000000087700000| Untracked 
| 120|0x0000000087800000, 0x0000000087800000, 0x0000000087900000|  0%| F|  |TAMS 0x0000000087800000, 0x0000000087800000| Untracked 
| 121|0x0000000087900000, 0x0000000087900000, 0x0000000087a00000|  0%| F|  |TAMS 0x0000000087900000, 0x0000000087900000| Untracked 
| 122|0x0000000087a00000, 0x0000000087a00000, 0x0000000087b00000|  0%| F|  |TAMS 0x0000000087a00000, 0x0000000087a00000| Untracked 
| 123|0x0000000087b00000, 0x0000000087b00000, 0x0000000087c00000|  0%| F|  |TAMS 0x0000000087b00000, 0x0000000087b00000| Untracked 
| 124|0x0000000087c00000, 0x0000000087c00000, 0x0000000087d00000|  0%| F|  |TAMS 0x0000000087c00000, 0x0000000087c00000| Untracked 
| 125|0x0000000087d00000, 0x0000000087d00000, 0x0000000087e00000|  0%| F|  |TAMS 0x0000000087d00000, 0x0000000087d00000| Untracked 
| 126|0x0000000087e00000, 0x0000000087e00000, 0x0000000087f00000|  0%| F|  |TAMS 0x0000000087e00000, 0x0000000087e00000| Untracked 
| 127|0x0000000087f00000, 0x0000000087f40c90, 0x0000000088000000| 25%| E|  |TAMS 0x0000000087f00000, 0x0000000087f00000| Complete 

Card table byte_map: [0x000001ed3a8e0000,0x000001ed3ace0000] _byte_map_base: 0x000001ed3a4e0000

Marking Bits (Prev, Next): (CMBitMap*) 0x000001ed26fbe838, (CMBitMap*) 0x000001ed26fbe870
 Prev Bits: [0x000001ed3b0e0000, 0x000001ed3d0e0000)
 Next Bits: [0x000001ed3d0e0000, 0x000001ed3f0e0000)

Polling page: 0x000001ed25730000

Metaspace:

Usage:
  Non-class:     14.87 MB capacity,    14.65 MB ( 98%) used,   204.28 KB (  1%) free+waste,    27.19 KB ( <1%) overhead. 
      Class:      2.02 MB capacity,     1.92 MB ( 95%) used,    92.04 KB (  4%) free+waste,    13.19 KB ( <1%) overhead. 
       Both:     16.89 MB capacity,    16.56 MB ( 98%) used,   296.32 KB (  2%) free+waste,    40.38 KB ( <1%) overhead. 

Virtual space:
  Non-class space:       16.00 MB reserved,      15.00 MB ( 94%) committed 
      Class space:        1.00 GB reserved,       2.13 MB ( <1%) committed 
             Both:        1.02 GB reserved,      17.13 MB (  2%) committed 

Chunk freelists:
   Non-Class:  4.00 KB
       Class:  11.00 KB
        Both:  15.00 KB

MaxMetaspaceSize: 17179869184.00 GB
CompressedClassSpaceSize: 1.00 GB

CodeHeap 'non-profiled nmethods': size=120000Kb used=790Kb max_used=790Kb free=119209Kb
 bounds [0x000001ed32550000, 0x000001ed327c0000, 0x000001ed39a80000]
CodeHeap 'profiled nmethods': size=120000Kb used=3480Kb max_used=3480Kb free=116519Kb
 bounds [0x000001ed2b020000, 0x000001ed2b390000, 0x000001ed32550000]
CodeHeap 'non-nmethods': size=5760Kb used=1126Kb max_used=1160Kb free=4633Kb
 bounds [0x000001ed2aa80000, 0x000001ed2acf0000, 0x000001ed2b020000]
 total_blobs=2111 nmethods=1652 adapters=371
 compilation: enabled
              stopped_count=0, restarted_count=0
 full_count=0

Compilation events (20 events):
Event: 1.828 Thread 0x000001ed4253f000 1648       3       java.lang.reflect.AccessibleObject::setAccessible0 (7 bytes)
Event: 1.828 Thread 0x000001ed4253f000 nmethod 1648 0x000001ed2b382190 code [0x000001ed2b382340, 0x000001ed2b382458]
Event: 1.828 Thread 0x000001ed4253e000 nmethod 1646 0x000001ed32614990 code [0x000001ed32614b20, 0x000001ed32614bf8]
Event: 1.828 Thread 0x000001ed4253e000 1632  s    4       java.io.BufferedInputStream::read (49 bytes)
Event: 1.829 Thread 0x000001ed4253f000 1650       3       org.gradle.internal.logging.sink.OutputEventRenderer$LazyListener::onOutput (95 bytes)
Event: 1.830 Thread 0x000001ed4253f000 nmethod 1650 0x000001ed2b382510 code [0x000001ed2b382740, 0x000001ed2b3831c8]
Event: 1.830 Thread 0x000001ed4253f000 1649       1       java.lang.Enum::toString (5 bytes)
Event: 1.830 Thread 0x000001ed4253f000 nmethod 1649 0x000001ed32614d10 code [0x000001ed32614ec0, 0x000001ed32614f78]
Event: 1.830 Thread 0x000001ed4253e000 nmethod 1632 0x000001ed32615010 code [0x000001ed326151c0, 0x000001ed326155e8]
Event: 1.830 Thread 0x000001ed4253e000 1641 % !   4       java.util.concurrent.ConcurrentHashMap::transfer @ 96 (828 bytes)
Event: 1.834 Thread 0x000001ed4253f000 1651       3       org.gradle.internal.event.BroadcastDispatch$SingletonDispatch::dispatch (9 bytes)
Event: 1.834 Thread 0x000001ed4253f000 nmethod 1651 0x000001ed2b383390 code [0x000001ed2b383560, 0x000001ed2b383868]
Event: 1.834 Thread 0x000001ed4253f000 1655       3       sun.invoke.util.VerifyAccess::isClassAccessible (182 bytes)
Event: 1.835 Thread 0x000001ed4253f000 nmethod 1655 0x000001ed2b383990 code [0x000001ed2b383d40, 0x000001ed2b3852f8]
Event: 1.835 Thread 0x000001ed4253f000 1652       3       org.gradle.internal.event.BroadcastDispatch$SingletonDispatch::dispatch (10 bytes)
Event: 1.835 Thread 0x000001ed4253f000 nmethod 1652 0x000001ed2b385990 code [0x000001ed2b385b40, 0x000001ed2b385ce8]
Event: 1.835 Thread 0x000001ed4253f000 1653       3       org.gradle.internal.logging.sink.LogEventDispatcher::dispatch (12 bytes)
Event: 1.835 Thread 0x000001ed4253f000 nmethod 1653 0x000001ed2b385d90 code [0x000001ed2b385f40, 0x000001ed2b386128]
Event: 1.835 Thread 0x000001ed4253f000 1654       1       java.util.concurrent.locks.AbstractOwnableSynchronizer::setExclusiveOwnerThread (6 bytes)
Event: 1.835 Thread 0x000001ed4253f000 nmethod 1654 0x000001ed32615710 code [0x000001ed326158c0, 0x000001ed326159b8]

GC Heap History (4 events):
Event: 0.594 GC heap before
{Heap before GC invocations=0 (full 0):
 garbage-first heap   total 131072K, used 29696K [0x0000000080000000, 0x0000000100000000)
  region size 1024K, 24 young (24576K), 0 survivors (0K)
 Metaspace       used 10243K, capacity 10491K, committed 10624K, reserved 1058816K
  class space    used 1072K, capacity 1141K, committed 1152K, reserved 1048576K
}
Event: 0.600 GC heap after
{Heap after GC invocations=1 (full 0):
 garbage-first heap   total 131072K, used 9639K [0x0000000080000000, 0x0000000100000000)
  region size 1024K, 3 young (3072K), 3 survivors (3072K)
 Metaspace       used 10243K, capacity 10491K, committed 10624K, reserved 1058816K
  class space    used 1072K, capacity 1141K, committed 1152K, reserved 1048576K
}
Event: 1.839 GC heap before
{Heap before GC invocations=1 (full 0):
 garbage-first heap   total 131072K, used 75175K [0x0000000080000000, 0x0000000100000000)
  region size 1024K, 67 young (68608K), 3 survivors (3072K)
 Metaspace       used 16960K, capacity 17297K, committed 17536K, reserved 1064960K
  class space    used 1963K, capacity 2069K, committed 2176K, reserved 1048576K
}
Event: 1.845 GC heap after
{Heap after GC invocations=2 (full 0):
 garbage-first heap   total 131072K, used 16343K [0x0000000080000000, 0x0000000100000000)
  region size 1024K, 9 young (9216K), 9 survivors (9216K)
 Metaspace       used 16960K, capacity 17297K, committed 17536K, reserved 1064960K
  class space    used 1963K, capacity 2069K, committed 2176K, reserved 1048576K
}

Deoptimization events (20 events):
Event: 1.725 Thread 0x000001ed26f7d000 Uncommon trap: trap_request=0xffffffc6 fr.pc=0x000001ed325bc654 relative=0x0000000000000114
Event: 1.725 Thread 0x000001ed26f7d000 Uncommon trap: reason=bimorphic_or_optimized_type_check action=maybe_recompile pc=0x000001ed325bc654 method=java.util.AbstractList$Itr.next()Ljava/lang/Object; @ 14 c2
Event: 1.725 Thread 0x000001ed26f7d000 DEOPT PACKING pc=0x000001ed325bc654 sp=0x00000050aaafdca0
Event: 1.725 Thread 0x000001ed26f7d000 DEOPT UNPACKING pc=0x000001ed2aaa662f sp=0x00000050aaafdc38 mode 2
Event: 1.771 Thread 0x000001ed4275c800 Uncommon trap: trap_request=0xffffffc6 fr.pc=0x000001ed325bc2a4 relative=0x0000000000000084
Event: 1.771 Thread 0x000001ed4275c800 Uncommon trap: reason=bimorphic_or_optimized_type_check action=maybe_recompile pc=0x000001ed325bc2a4 method=java.util.AbstractList$Itr.hasNext()Z @ 8 c2
Event: 1.771 Thread 0x000001ed4275c800 DEOPT PACKING pc=0x000001ed325bc2a4 sp=0x00000050abbfe640
Event: 1.771 Thread 0x000001ed4275c800 DEOPT UNPACKING pc=0x000001ed2aaa662f sp=0x00000050abbfe5d8 mode 2
Event: 1.771 Thread 0x000001ed4275c800 Uncommon trap: trap_request=0xffffffc6 fr.pc=0x000001ed325bc654 relative=0x0000000000000114
Event: 1.771 Thread 0x000001ed4275c800 Uncommon trap: reason=bimorphic_or_optimized_type_check action=maybe_recompile pc=0x000001ed325bc654 method=java.util.AbstractList$Itr.next()Ljava/lang/Object; @ 14 c2
Event: 1.771 Thread 0x000001ed4275c800 DEOPT PACKING pc=0x000001ed325bc654 sp=0x00000050abbfe630
Event: 1.771 Thread 0x000001ed4275c800 DEOPT UNPACKING pc=0x000001ed2aaa662f sp=0x00000050abbfe5c8 mode 2
Event: 1.825 Thread 0x000001ed44efa800 Uncommon trap: trap_request=0xffffffc6 fr.pc=0x000001ed325f2134 relative=0x0000000000000d14
Event: 1.825 Thread 0x000001ed44efa800 Uncommon trap: reason=bimorphic_or_optimized_type_check action=maybe_recompile pc=0x000001ed325f2134 method=java.util.HashMap.putVal(ILjava/lang/Object;Ljava/lang/Object;ZZ)Ljava/lang/Object; @ 253 c2
Event: 1.825 Thread 0x000001ed44efa800 DEOPT PACKING pc=0x000001ed325f2134 sp=0x00000050ac3feb10
Event: 1.825 Thread 0x000001ed44efa800 DEOPT UNPACKING pc=0x000001ed2aaa662f sp=0x00000050ac3fea48 mode 2
Event: 1.825 Thread 0x000001ed44efa800 Uncommon trap: trap_request=0xffffffc6 fr.pc=0x000001ed325f2134 relative=0x0000000000000d14
Event: 1.825 Thread 0x000001ed44efa800 Uncommon trap: reason=bimorphic_or_optimized_type_check action=maybe_recompile pc=0x000001ed325f2134 method=java.util.HashMap.putVal(ILjava/lang/Object;Ljava/lang/Object;ZZ)Ljava/lang/Object; @ 253 c2
Event: 1.825 Thread 0x000001ed44efa800 DEOPT PACKING pc=0x000001ed325f2134 sp=0x00000050ac3fec00
Event: 1.825 Thread 0x000001ed44efa800 DEOPT UNPACKING pc=0x000001ed2aaa662f sp=0x00000050ac3feb38 mode 2

Classes redefined (0 events):
No events

Internal exceptions (13 events):
Event: 0.142 Thread 0x000001ed26f7d000 Exception <a 'java/lang/NoSuchMethodError'{0x0000000087d27488}: 'int java.lang.invoke.DirectMethodHandle$Holder.invokeStaticInit(java.lang.Object, java.lang.Object)'> (0x0000000087d27488) thrown at [./src/hotspot/share/interpreter/linkResolver.cpp, line 773]
Event: 0.175 Thread 0x000001ed26f7d000 Exception <a 'java/lang/NoSuchMethodError'{0x0000000087deb5a8}: 'int java.lang.invoke.DirectMethodHandle$Holder.invokeSpecial(java.lang.Object, java.lang.Object, java.lang.Object, java.lang.Object)'> (0x0000000087deb5a8) thrown at [./src/hotspot/share/interpreter/linkResolver.cpp, line 773]
Event: 0.180 Thread 0x000001ed26f7d000 Exception <a 'java/lang/NoSuchMethodError'{0x0000000087c22c98}: 'int java.lang.invoke.DirectMethodHandle$Holder.invokeSpecialIFC(java.lang.Object, java.lang.Object, int)'> (0x0000000087c22c98) thrown at [./src/hotspot/share/interpreter/linkResolver.cpp, line 773]
Event: 0.380 Thread 0x000001ed26f7d000 Exception <a 'java/lang/NoClassDefFoundError'{0x00000000872fe050}: org/slf4j/impl/StaticMarkerBinder> (0x00000000872fe050) thrown at [./src/hotspot/share/classfile/systemDictionary.cpp, line 220]
Event: 0.437 Thread 0x000001ed26f7d000 Exception <a 'java/lang/NoSuchMethodError'{0x0000000086e9e5c0}: 'java.lang.Object java.lang.invoke.DirectMethodHandle$Holder.invokeVirtual(java.lang.Object, java.lang.Object, java.lang.Object, java.lang.Object, java.lang.Object, java.lang.Object, java.lang.Object)'> (0x0000000086e9e5c0) thrown at [./src/hotspot/share/interpreter/linkResolver.cpp, line 773]
Event: 0.439 Thread 0x000001ed26f7d000 Exception <a 'java/lang/NoSuchMethodError'{0x0000000086eb29c0}: 'java.lang.Object java.lang.invoke.Invokers$Holder.invoker(java.lang.Object, java.lang.Object, java.lang.Object)'> (0x0000000086eb29c0) thrown at [./src/hotspot/share/interpreter/linkResolver.cpp, line 773]
Event: 0.442 Thread 0x000001ed26f7d000 Exception <a 'java/lang/NoSuchMethodError'{0x0000000086ec3a38}: 'void java.lang.invoke.DelegatingMethodHandle$Holder.delegate(java.lang.Object, java.lang.Object, int, java.lang.Object)'> (0x0000000086ec3a38) thrown at [./src/hotspot/share/interpreter/linkResolver.cpp, line 773]
Event: 0.960 Thread 0x000001ed26f7d000 Exception <a 'java/security/PrivilegedActionException'{0x0000000085a61840}> (0x0000000085a61840) thrown at [./src/hotspot/share/prims/jvm.cpp, line 1306]
Event: 0.960 Thread 0x000001ed26f7d000 Exception <a 'java/security/PrivilegedActionException'{0x0000000085a61db8}> (0x0000000085a61db8) thrown at [./src/hotspot/share/prims/jvm.cpp, line 1306]
Event: 1.175 Thread 0x000001ed26f7d000 Exception <a 'java/lang/NoSuchMethodError'{0x0000000084929100}: 'java.lang.Object java.lang.invoke.DirectMethodHandle$Holder.invokeStaticInit(java.lang.Object, java.lang.Object, java.lang.Object)'> (0x0000000084929100) thrown at [./src/hotspot/share/interpreter/linkResolver.cpp, line 773]
Event: 1.326 Thread 0x000001ed26f7d000 Exception <a 'java/lang/NoSuchMethodError'{0x000000008438da50}: 'java.lang.Object java.lang.invoke.DirectMethodHandle$Holder.invokeStaticInit(java.lang.Object, int, int, int, int)'> (0x000000008438da50) thrown at [./src/hotspot/share/interpreter/linkResolver.cpp, line 773]
Event: 1.510 Thread 0x000001ed26f7d000 Exception <a 'java/lang/NoSuchMethodError'{0x00000000843c54d0}: 'java.lang.Object java.lang.invoke.DirectMethodHandle$Holder.invokeStaticInit(java.lang.Object, java.lang.Object, int, int, int, int)'> (0x00000000843c54d0) thrown at [./src/hotspot/share/interpreter/linkResolver.cpp, line 773]
Event: 1.754 Thread 0x000001ed26f7d000 Exception <a 'java/io/IOException'{0x0000000084002118}> (0x0000000084002118) thrown at [./src/hotspot/share/prims/jni.cpp, line 615]

Events (20 events):
Event: 1.837 Executing VM operation: RevokeBias done
Event: 1.837 Executing VM operation: RevokeBias
Event: 1.837 Executing VM operation: RevokeBias done
Event: 1.837 Executing VM operation: RevokeBias
Event: 1.837 Executing VM operation: RevokeBias done
Event: 1.837 loading class org/gradle/internal/featurelifecycle/LoggingDeprecatedFeatureHandler
Event: 1.837 loading class org/gradle/internal/featurelifecycle/LoggingDeprecatedFeatureHandler done
Event: 1.838 loading class org/gradle/internal/featurelifecycle/FeatureHandler
Event: 1.838 loading class org/gradle/internal/featurelifecycle/FeatureHandler done
Event: 1.838 loading class org/gradle/internal/featurelifecycle/UsageLocationReporter
Event: 1.838 loading class org/gradle/internal/featurelifecycle/UsageLocationReporter done
Event: 1.838 loading class org/gradle/internal/featurelifecycle/FeatureUsage
Event: 1.838 loading class org/gradle/internal/featurelifecycle/FeatureUsage done
Event: 1.838 loading class org/gradle/internal/deprecation/DeprecatedFeatureUsage
Event: 1.838 loading class org/gradle/internal/deprecation/DeprecatedFeatureUsage done
Event: 1.839 loading class org/gradle/internal/featurelifecycle/LoggingDeprecatedFeatureHandler$DoNothingReporter
Event: 1.839 loading class org/gradle/internal/featurelifecycle/LoggingDeprecatedFeatureHandler$DoNothingReporter done
Event: 1.839 Executing VM operation: G1CollectForAllocation
Event: 1.845 Executing VM operation: G1CollectForAllocation done
Event: 1.845 Executing VM operation: RevokeBias


Dynamic libraries:
0x00007ff70d940000 - 0x00007ff70d94a000 	C:\Program Files\Android\Android Studio\jre\bin\java.exe
0x00007ffbf5e90000 - 0x00007ffbf6085000 	C:\WINDOWS\SYSTEM32\ntdll.dll
0x00007ffbf5c50000 - 0x00007ffbf5d0e000 	C:\WINDOWS\System32\KERNEL32.DLL
0x00007ffbf3ad0000 - 0x00007ffbf3d98000 	C:\WINDOWS\System32\KERNELBASE.dll
0x00007ffbf3da0000 - 0x00007ffbf3ea0000 	C:\WINDOWS\System32\ucrtbase.dll
0x00007ffbed980000 - 0x00007ffbed999000 	C:\Program Files\Android\Android Studio\jre\bin\jli.dll
0x00007ffbdf3f0000 - 0x00007ffbdf407000 	C:\Program Files\Android\Android Studio\jre\bin\VCRUNTIME140.dll
0x00007ffbf4f80000 - 0x00007ffbf5120000 	C:\WINDOWS\System32\USER32.dll
0x00007ffbf29c0000 - 0x00007ffbf2c5a000 	C:\WINDOWS\WinSxS\amd64_microsoft.windows.common-controls_6595b64144ccf1df_6.0.19041.1110_none_60b5254171f9507e\COMCTL32.dll
0x00007ffbf3680000 - 0x00007ffbf36a2000 	C:\WINDOWS\System32\win32u.dll
0x00007ffbf51b0000 - 0x00007ffbf524e000 	C:\WINDOWS\System32\msvcrt.dll
0x00007ffbf3fa0000 - 0x00007ffbf3fcb000 	C:\WINDOWS\System32\GDI32.dll
0x00007ffbf36b0000 - 0x00007ffbf37bb000 	C:\WINDOWS\System32\gdi32full.dll
0x00007ffbf35b0000 - 0x00007ffbf364d000 	C:\WINDOWS\System32\msvcp_win.dll
0x00007ffbf5120000 - 0x00007ffbf5150000 	C:\WINDOWS\System32\IMM32.DLL
0x00007ffbd2670000 - 0x00007ffbd270d000 	C:\Program Files\Android\Android Studio\jre\bin\msvcp140.dll
0x00007ffbb5390000 - 0x00007ffbb5e65000 	C:\Program Files\Android\Android Studio\jre\bin\server\jvm.dll
0x00007ffbf5250000 - 0x00007ffbf52fe000 	C:\WINDOWS\System32\ADVAPI32.dll
0x00007ffbf4ee0000 - 0x00007ffbf4f7c000 	C:\WINDOWS\System32\sechost.dll
0x00007ffbf4d90000 - 0x00007ffbf4eb5000 	C:\WINDOWS\System32\RPCRT4.dll
0x00007ffbf5440000 - 0x00007ffbf5448000 	C:\WINDOWS\System32\PSAPI.DLL
0x00007ffbdab30000 - 0x00007ffbdab39000 	C:\WINDOWS\SYSTEM32\WSOCK32.dll
0x00007ffbf01b0000 - 0x00007ffbf01ba000 	C:\WINDOWS\SYSTEM32\VERSION.dll
0x00007ffbe0750000 - 0x00007ffbe0777000 	C:\WINDOWS\SYSTEM32\WINMM.dll
0x00007ffbf5de0000 - 0x00007ffbf5e4b000 	C:\WINDOWS\System32\WS2_32.dll
0x00007ffbf1830000 - 0x00007ffbf1842000 	C:\WINDOWS\SYSTEM32\kernel.appcore.dll
0x00007ffbef590000 - 0x00007ffbef5a1000 	C:\Program Files\Android\Android Studio\jre\bin\verify.dll
0x00007ffbf2fd0000 - 0x00007ffbf31b4000 	C:\WINDOWS\SYSTEM32\DBGHELP.DLL
0x00007ffbf2d80000 - 0x00007ffbf2dac000 	C:\WINDOWS\SYSTEM32\dbgcore.DLL
0x00007ffbf3830000 - 0x00007ffbf38b2000 	C:\WINDOWS\System32\bcryptPrimitives.dll
0x00007ffbe8b20000 - 0x00007ffbe8b49000 	C:\Program Files\Android\Android Studio\jre\bin\java.dll
0x00007ffbef680000 - 0x00007ffbef68b000 	C:\Program Files\Android\Android Studio\jre\bin\jimage.dll
0x00007ffbed7a0000 - 0x00007ffbed7b8000 	C:\Program Files\Android\Android Studio\jre\bin\zip.dll
0x00007ffbf4630000 - 0x00007ffbf4d74000 	C:\WINDOWS\System32\SHELL32.dll
0x00007ffbf1050000 - 0x00007ffbf17e4000 	C:\WINDOWS\SYSTEM32\windows.storage.dll
0x00007ffbf3fe0000 - 0x00007ffbf4334000 	C:\WINDOWS\System32\combase.dll
0x00007ffbf2920000 - 0x00007ffbf294c000 	C:\WINDOWS\SYSTEM32\Wldp.dll
0x00007ffbf3ef0000 - 0x00007ffbf3f9d000 	C:\WINDOWS\System32\SHCORE.dll
0x00007ffbf5150000 - 0x00007ffbf51a5000 	C:\WINDOWS\System32\shlwapi.dll
0x00007ffbf34f0000 - 0x00007ffbf350f000 	C:\WINDOWS\SYSTEM32\profapi.dll
0x00007ffbe8c10000 - 0x00007ffbe8c2a000 	C:\Program Files\Android\Android Studio\jre\bin\net.dll
0x00007ffbe0b10000 - 0x00007ffbe0c19000 	C:\WINDOWS\SYSTEM32\WINHTTP.dll
0x00007ffbf2680000 - 0x00007ffbf26ea000 	C:\WINDOWS\system32\mswsock.dll
0x00007ffbe8b00000 - 0x00007ffbe8b14000 	C:\Program Files\Android\Android Studio\jre\bin\nio.dll
0x00007ffbef560000 - 0x00007ffbef587000 	C:\Users\Pranay\.gradle\native\e1d6ef7f7dcc3fd88c89a11ec53ec762bb8ba0a96d01ffa2cd45eb1d1d8dd5c5\windows-amd64\native-platform.dll
0x00007ffbd2520000 - 0x00007ffbd2664000 	C:\Users\Pranay\.gradle\native\5664cfc778a61ccfe75a443a1ab52a65af34e5dc3c78e0209fed803814484fcb\windows-amd64\native-platform-file-events.dll
0x00007ffbecf30000 - 0x00007ffbecf3a000 	C:\Program Files\Android\Android Studio\jre\bin\management.dll
0x00007ffbe8bb0000 - 0x00007ffbe8bbd000 	C:\Program Files\Android\Android Studio\jre\bin\management_ext.dll
0x00007ffbf3330000 - 0x00007ffbf3348000 	C:\WINDOWS\SYSTEM32\CRYPTSP.dll
0x00007ffbf2020000 - 0x00007ffbf2054000 	C:\WINDOWS\system32\rsaenh.dll
0x00007ffbf3650000 - 0x00007ffbf3677000 	C:\WINDOWS\System32\bcrypt.dll
0x00007ffbf3470000 - 0x00007ffbf349e000 	C:\WINDOWS\SYSTEM32\USERENV.dll
0x00007ffbf2910000 - 0x00007ffbf291c000 	C:\WINDOWS\SYSTEM32\CRYPTBASE.dll
0x00007ffbf2370000 - 0x00007ffbf23ab000 	C:\WINDOWS\SYSTEM32\IPHLPAPI.DLL
0x00007ffbf3fd0000 - 0x00007ffbf3fd8000 	C:\WINDOWS\System32\NSI.dll
0x00007ffbea9d0000 - 0x00007ffbea9e7000 	C:\WINDOWS\SYSTEM32\dhcpcsvc6.DLL
0x00007ffbea920000 - 0x00007ffbea93d000 	C:\WINDOWS\SYSTEM32\dhcpcsvc.DLL
0x00007ffbf23b0000 - 0x00007ffbf247a000 	C:\WINDOWS\SYSTEM32\DNSAPI.dll

dbghelp: loaded successfully - version: 4.0.5 - missing functions: none
symbol engine: initialized successfully - sym options: 0x614 - pdb path: .;C:\Program Files\Android\Android Studio\jre\bin;C:\WINDOWS\SYSTEM32;C:\WINDOWS\WinSxS\amd64_microsoft.windows.common-controls_6595b64144ccf1df_6.0.19041.1110_none_60b5254171f9507e;C:\Program Files\Android\Android Studio\jre\bin\server;C:\Users\Pranay\.gradle\native\e1d6ef7f7dcc3fd88c89a11ec53ec762bb8ba0a96d01ffa2cd45eb1d1d8dd5c5\windows-amd64;C:\Users\Pranay\.gradle\native\5664cfc778a61ccfe75a443a1ab52a65af34e5dc3c78e0209fed803814484fcb\windows-amd64

VM Arguments:
jvm_args: --add-opens=java.base/java.util=ALL-UNNAMED --add-opens=java.base/java.lang=ALL-UNNAMED --add-opens=java.base/java.lang.invoke=ALL-UNNAMED --add-opens=java.base/java.util=ALL-UNNAMED --add-opens=java.prefs/java.util.prefs=ALL-UNNAMED --add-opens=java.prefs/java.util.prefs=ALL-UNNAMED --add-opens=java.base/java.nio.charset=ALL-UNNAMED --add-opens=java.base/java.net=ALL-UNNAMED --add-opens=java.base/java.util.concurrent.atomic=ALL-UNNAMED -Xmx2048m -Dfile.encoding=UTF-8 -Duser.country=IN -Duser.language=en -Duser.variant 
java_command: org.gradle.launcher.daemon.bootstrap.GradleDaemon 7.2
java_class_path (initial): C:\Users\Pranay\.gradle\wrapper\dists\gradle-7.2-bin\2dnblmf4td7x66yl1d74lt32g\gradle-7.2\lib\gradle-launcher-7.2.jar
Launcher Type: SUN_STANDARD

[Global flags]
     intx CICompilerCount                          = 4                                         {product} {ergonomic}
     uint ConcGCThreads                            = 2                                         {product} {ergonomic}
     uint G1ConcRefinementThreads                  = 8                                         {product} {ergonomic}
   size_t G1HeapRegionSize                         = 1048576                                   {product} {ergonomic}
    uintx GCDrainStackTargetSize                   = 64                                        {product} {ergonomic}
   size_t InitialHeapSize                          = 134217728                                 {product} {ergonomic}
   size_t MarkStackSize                            = 4194304                                   {product} {ergonomic}
   size_t MaxHeapSize                              = 2147483648                                {product} {command line}
   size_t MaxNewSize                               = 1287651328                                {product} {ergonomic}
   size_t MinHeapDeltaBytes                        = 1048576                                   {product} {ergonomic}
    uintx NonNMethodCodeHeapSize                   = 5836300                                {pd product} {ergonomic}
    uintx NonProfiledCodeHeapSize                  = 122910970                              {pd product} {ergonomic}
    uintx ProfiledCodeHeapSize                     = 122910970                              {pd product} {ergonomic}
    uintx ReservedCodeCacheSize                    = 251658240                              {pd product} {ergonomic}
     bool SegmentedCodeCache                       = true                                      {product} {ergonomic}
     bool UseCompressedClassPointers               = true                                 {lp64_product} {ergonomic}
     bool UseCompressedOops                        = true                                 {lp64_product} {ergonomic}
     bool UseG1GC                                  = true                                      {product} {ergonomic}
     bool UseLargePagesIndividualAllocation        = false                                  {pd product} {ergonomic}

Logging:
Log output configuration:
 #0: stdout all=warning uptime,level,tags
 #1: stderr all=off uptime,level,tags

Environment Variables:
JAVA_HOME=C:\Program Files\Java\jdk-17.0.2\bin
PATH=C:\Program Files\Common Files\Oracle\Java\javapath;C:\WINDOWS\system32;C:\WINDOWS;C:\WINDOWS\System32\Wbem;C:\WINDOWS\System32\WindowsPowerShell\v1.0\;C:\WINDOWS\System32\OpenSSH\;C:\Program Files\Intel\WiFi\bin\;C:\Program Files\Common Files\Intel\WirelessCommon\;C:\Program Files (x86)\Intel\Intel(R) Management Engine Components\DAL;C:\Program Files\Intel\Intel(R) Management Engine Components\DAL;C:\Program Files\nodejs\;C:\Users\Pranay\AppData\Local\Microsoft\WindowsApps;C:\Users\Pranay\AppData\Local\Programs\Microsoft VS Code\bin;C:\Users\Pranay\AppData\Roaming\npm;C:\Users\Pranay\AppData\Local\Programs\Git\cmd
USERNAME=Pranay
OS=Windows_NT
PROCESSOR_IDENTIFIER=Intel64 Family 6 Model 142 Stepping 10, GenuineIntel



---------------  S Y S T E M  ---------------

OS: Windows 10 , 64 bit Build 19041 (10.0.19041.1566)
OS uptime: 0 days 3:16 hours

CPU:total 8 (initial active 8) (4 cores per cpu, 2 threads per core) family 6 model 142 stepping 10 microcode 0xea, cmov, cx8, fxsr, mmx, sse, sse2, sse3, ssse3, sse4.1, sse4.2, popcnt, avx, avx2, aes, clmul, erms, 3dnowpref, lzcnt, ht, tsc, tscinvbit, bmi1, bmi2, adx, fma

Memory: 4k page, system-wide physical 8087M (404M free)
TotalPageFile size 16279M (AvailPageFile size 6694M)
current process WorkingSet (physical memory assigned to process): 184M, peak: 184M
current process commit charge ("private bytes"): 268M, peak: 269M

vm_info: OpenJDK 64-Bit Server VM (11.0.11+9-b60-7590822) for windows-amd64 JRE (11.0.11+9-b60-7590822), built on Jul 29 2021 21:43:44 by "builder" with MS VC++ 14.0 (VS2015)

END.
