#
# A fatal error has been detected by the Java Runtime Environment:
#
#  EXCEPTION_ACCESS_VIOLATION (0xc0000005) at pc=0x000001ce08920b92, pid=1824, tid=11100
#
# JRE version: OpenJDK Runtime Environment (11.0.11+9) (build 11.0.11+9-b60-7590822)
# Java VM: OpenJDK 64-Bit Server VM (11.0.11+9-b60-7590822, mixed mode, tiered, compressed oops, g1 gc, windows-amd64)
# Problematic frame:
# j  java.util.concurrent.ConcurrentHashMap.transfer([Ljava/util/concurrent/ConcurrentHashMap$Node;[Ljava/util/concurrent/ConcurrentHashMap$Node;)V+342 java.base@11.0.11
#
# No core dump will be written. Minidumps are not enabled by default on client versions of Windows
#
# If you would like to submit a bug report, please visit:
#   https://bugreport.java.com/bugreport/crash.jsp
#

---------------  S U M M A R Y ------------

Command Line: --add-opens=java.base/java.util=ALL-UNNAMED --add-opens=java.base/java.lang=ALL-UNNAMED --add-opens=java.base/java.lang.invoke=ALL-UNNAMED --add-opens=java.base/java.util=ALL-UNNAMED --add-opens=java.prefs/java.util.prefs=ALL-UNNAMED --add-opens=java.prefs/java.util.prefs=ALL-UNNAMED --add-opens=java.base/java.nio.charset=ALL-UNNAMED --add-opens=java.base/java.net=ALL-UNNAMED --add-opens=java.base/java.util.concurrent.atomic=ALL-UNNAMED -Xmx2048m -Dfile.encoding=UTF-8 -Duser.country=IN -Duser.language=en -Duser.variant org.gradle.launcher.daemon.bootstrap.GradleDaemon 7.2

Host: Intel(R) Core(TM) i5-8250U CPU @ 1.60GHz, 8 cores, 7G,  Windows 10 , 64 bit Build 19041 (10.0.19041.1566)
Time: Sun Apr 10 12:46:41 2022 India Standard Time elapsed time: 2.454105 seconds (0d 0h 0m 2s)

---------------  T H R E A D  ---------------

Current thread (0x000001ce223aa800):  JavaThread "Daemon health stats" [_thread_in_Java, id=11100, stack(0x0000007662800000,0x0000007662900000)]

Stack: [0x0000007662800000,0x0000007662900000],  sp=0x00000076628fd9e0,  free space=1014k
Native frames: (J=compiled Java code, j=interpreted, Vv=VM code, C=native code)
C  0x000001ce08920b92


siginfo: EXCEPTION_ACCESS_VIOLATION (0xc0000005), reading address 0x0000000000001100


Register to memory mapping:

RIP=0x000001ce08920b92 is at code_begin+18 in an Interpreter codelet
fast_igetfield  208 fast_igetfield  [0x000001ce08920b80, 0x000001ce08920bc0]  64 bytes
RAX=0x0000000000001100 is an unknown value
RBX=0x000000000000000c is an unknown value
RCX=0x000001ce1fbbb9b0 is pointing into metadata
RDX=0x000000007c00dd84 is an unknown value
RSP=0x00000076628fd9e0 is pointing into the stack for thread: 0x000001ce223aa800
RBP=0x00000076628fda38 is pointing into the stack for thread: 0x000001ce223aa800
RSI=0x0 is NULL
RDI=0x0000000000000860 is an unknown value
R8 =0x0000000000000584 is an unknown value
R9 =0x0000000085c9f168 is an oop: java.util.concurrent.ConcurrentHashMap$Node 
{0x0000000085c9f168} - klass: 'java/util/concurrent/ConcurrentHashMap$Node'
R10=0x00007ffed29ce2f0 jvm.dll
R11=0x000001ce103fc0a0 is at entry_point+0 in (nmethod*)0x000001ce103fbf10
R12=0x0 is NULL
R13=0x000001ce1fbb8623 is pointing into metadata
R14=0x00000076628fdb18 is pointing into the stack for thread: 0x000001ce223aa800
R15=0x000001ce223aa800 is a thread


Registers:
RAX=0x0000000000001100, RBX=0x000000000000000c, RCX=0x000001ce1fbbb9b0, RDX=0x000000007c00dd84
RSP=0x00000076628fd9e0, RBP=0x00000076628fda38, RSI=0x0000000000000000, RDI=0x0000000000000860
R8 =0x0000000000000584, R9 =0x0000000085c9f168, R10=0x00007ffed29ce2f0, R11=0x000001ce103fc0a0
R12=0x0000000000000000, R13=0x000001ce1fbb8623, R14=0x00000076628fdb18, R15=0x000001ce223aa800
RIP=0x000001ce08920b92, EFLAGS=0x0000000000010206

Top of Stack: (sp=0x00000076628fd9e0)
0x00000076628fd9e0:   0000000000000001 0000000085c9f168
0x00000076628fd9f0:   00000076628fd9e0 000001ce1fbb85fe
0x00000076628fda00:   00000076628fdb18 000001ce1fbbb9b0
0x00000076628fda10:   000001ce1fd2fa60 00000000808d91f0
0x00000076628fda20:   000001ce1fbb8a78 0000000000000000
0x00000076628fda30:   00000076628fdb08 00000076628fdb68
0x00000076628fda40:   000001ce0890a0c3 0000000000000000
0x00000076628fda50:   0000000000000000 0000000000000000
0x00000076628fda60:   0000000000000000 0000000000000000
0x00000076628fda70:   0000000086080528 0000000086080448
0x00000076628fda80:   000000005072b587 0000000000001100
0x00000076628fda90:   0000000085c9f168 0000000000000800
0x00000076628fdaa0:   0000000000000000 0000000086e610d0
0x00000076628fdab0:   0000000085c9f168 000000007c00dd84
0x00000076628fdac0:   0000000085c9f168 0000000000000580
0x00000076628fdad0:   0000000000000584 0000000000000000 

Instructions: (pc=0x000001ce08920b92)
0x000001ce08920a92:   00 00 00 00 00 00 00 00 00 00 00 00 00 00 60 00
0x000001ce08920aa2:   00 00 00 00 00 00 10 e5 79 d2 fe 7f 00 00 ce 00
0x000001ce08920ab2:   00 00 00 00 00 00 00 00 00 00 00 00 00 00 58 41
0x000001ce08920ac2:   0f b7 5d 01 48 8b 4d d0 c1 e3 02 48 8b 5c d9 30
0x000001ce08920ad2:   48 3b 00 c5 fb 10 04 18 41 0f b6 5d 03 49 83 c5
0x000001ce08920ae2:   03 49 ba f0 da 9c d2 fe 7f 00 00 41 ff 24 da 0f
0x000001ce08920af2:   1f 80 00 00 00 00 00 00 00 00 00 00 00 00 60 00
0x000001ce08920b02:   00 00 00 00 00 00 20 e5 79 d2 fe 7f 00 00 cf 00
0x000001ce08920b12:   00 00 00 00 00 00 00 00 00 00 00 00 00 00 58 41
0x000001ce08920b22:   0f b7 5d 01 48 8b 4d d0 c1 e3 02 48 8b 5c d9 30
0x000001ce08920b32:   48 3b 00 c5 fa 10 04 18 41 0f b6 5d 03 49 83 c5
0x000001ce08920b42:   03 49 ba f0 d2 9c d2 fe 7f 00 00 41 ff 24 da 0f
0x000001ce08920b52:   1f 80 00 00 00 00 00 00 00 00 00 00 00 00 60 00
0x000001ce08920b62:   00 00 00 00 00 00 30 e5 79 d2 fe 7f 00 00 d0 00
0x000001ce08920b72:   00 00 00 00 00 00 00 00 00 00 00 00 00 00 58 41
0x000001ce08920b82:   0f b7 5d 01 48 8b 4d d0 c1 e3 02 48 8b 5c d9 30
0x000001ce08920b92:   48 3b 00 8b 04 18 41 0f b6 5d 03 49 83 c5 03 49
0x000001ce08920ba2:   ba f0 c2 9c d2 fe 7f 00 00 41 ff 24 da 90 00 00
0x000001ce08920bb2:   00 00 00 00 00 00 00 00 00 00 00 00 00 00 60 00
0x000001ce08920bc2:   00 00 00 00 00 00 40 e5 79 d2 fe 7f 00 00 d1 00
0x000001ce08920bd2:   00 00 00 00 00 00 00 00 00 00 00 00 00 00 58 41
0x000001ce08920be2:   0f b7 5d 01 48 8b 4d d0 c1 e3 02 48 8b 5c d9 30
0x000001ce08920bf2:   48 3b 00 48 8b 04 18 41 0f b6 5d 03 49 83 c5 03
0x000001ce08920c02:   49 ba f0 ca 9c d2 fe 7f 00 00 41 ff 24 da 00 00
0x000001ce08920c12:   00 00 00 00 00 00 00 00 00 00 00 00 00 00 60 00
0x000001ce08920c22:   00 00 00 00 00 00 50 e5 79 d2 fe 7f 00 00 d2 00
0x000001ce08920c32:   00 00 00 00 00 00 00 00 00 00 00 00 00 00 58 41
0x000001ce08920c42:   0f b7 5d 01 48 8b 4d d0 c1 e3 02 48 8b 5c d9 30
0x000001ce08920c52:   48 3b 00 0f bf 04 18 41 0f b6 5d 03 49 83 c5 03
0x000001ce08920c62:   49 ba f0 c2 9c d2 fe 7f 00 00 41 ff 24 da 00 00
0x000001ce08920c72:   00 00 00 00 00 00 00 00 00 00 00 00 00 00 c0 01
0x000001ce08920c82:   00 00 00 00 00 00 60 e5 79 d2 fe 7f 00 00 d3 00 


Stack slot to memory mapping:
stack at sp + 0 slots: 0x0000000000000001 is an unknown value
stack at sp + 1 slots: 0x0000000085c9f168 is an oop: java.util.concurrent.ConcurrentHashMap$Node 
{0x0000000085c9f168} - klass: 'java/util/concurrent/ConcurrentHashMap$Node'
stack at sp + 2 slots: 0x00000076628fd9e0 is pointing into the stack for thread: 0x000001ce223aa800
stack at sp + 3 slots: 0x000001ce1fbb85fe is pointing into metadata
stack at sp + 4 slots: 0x00000076628fdb18 is pointing into the stack for thread: 0x000001ce223aa800
stack at sp + 5 slots: 0x000001ce1fbbb9b0 is pointing into metadata
stack at sp + 6 slots: 0x000001ce1fd2fa60 is pointing into metadata
stack at sp + 7 slots: 0x00000000808d91f0 is an oop: java.lang.Class 
{0x00000000808d91f0} - klass: 'java/lang/Class'

fast_igetfield  208 fast_igetfield  [0x000001ce08920b80, 0x000001ce08920bc0]  64 bytes

---------------  P R O C E S S  ---------------

Threads class SMR info:
_java_thread_list=0x000001ce21c7a140, length=20, elements={
0x000001ce0361b800, 0x000001ce1fa42000, 0x000001ce1fa4d800, 0x000001ce203d5800,
0x000001ce203d7000, 0x000001ce203d9000, 0x000001ce203dc800, 0x000001ce203e3000,
0x000001ce1fa62800, 0x000001ce20546000, 0x000001ce223aa800, 0x000001ce221b1000,
0x000001ce2060f000, 0x000001ce22396000, 0x000001ce23de9800, 0x000001ce21626000,
0x000001ce22446000, 0x000001ce222c3800, 0x000001ce22fed000, 0x000001ce21999800
}

Java Threads: ( => current thread )
  0x000001ce0361b800 JavaThread "main" [_thread_blocked, id=2856, stack(0x0000007661300000,0x0000007661400000)]
  0x000001ce1fa42000 JavaThread "Reference Handler" daemon [_thread_blocked, id=10544, stack(0x0000007661a00000,0x0000007661b00000)]
  0x000001ce1fa4d800 JavaThread "Finalizer" daemon [_thread_blocked, id=10696, stack(0x0000007661b00000,0x0000007661c00000)]
  0x000001ce203d5800 JavaThread "Signal Dispatcher" daemon [_thread_blocked, id=1160, stack(0x0000007661c00000,0x0000007661d00000)]
  0x000001ce203d7000 JavaThread "Attach Listener" daemon [_thread_blocked, id=1588, stack(0x0000007661d00000,0x0000007661e00000)]
  0x000001ce203d9000 JavaThread "Service Thread" daemon [_thread_blocked, id=932, stack(0x0000007661e00000,0x0000007661f00000)]
  0x000001ce203dc800 JavaThread "C2 CompilerThread0" daemon [_thread_blocked, id=10332, stack(0x0000007661f00000,0x0000007662000000)]
  0x000001ce203e3000 JavaThread "C1 CompilerThread0" daemon [_thread_blocked, id=6728, stack(0x0000007662000000,0x0000007662100000)]
  0x000001ce1fa62800 JavaThread "Sweeper thread" daemon [_thread_blocked, id=8332, stack(0x0000007662100000,0x0000007662200000)]
  0x000001ce20546000 JavaThread "Common-Cleaner" daemon [_thread_blocked, id=7020, stack(0x0000007662200000,0x0000007662300000)]
=>0x000001ce223aa800 JavaThread "Daemon health stats" [_thread_in_Java, id=11100, stack(0x0000007662800000,0x0000007662900000)]
  0x000001ce221b1000 JavaThread "Incoming local TCP Connector on port 65474" [_thread_in_native, id=5884, stack(0x0000007662400000,0x0000007662500000)]
  0x000001ce2060f000 JavaThread "Daemon periodic checks" [_thread_blocked, id=4308, stack(0x0000007662700000,0x0000007662800000)]
  0x000001ce22396000 JavaThread "Daemon" [_thread_blocked, id=7900, stack(0x0000007662900000,0x0000007662a00000)]
  0x000001ce23de9800 JavaThread "Handler for socket connection from /127.0.0.1:65474 to /127.0.0.1:65475" [_thread_in_native, id=10868, stack(0x0000007662a00000,0x0000007662b00000)]
  0x000001ce21626000 JavaThread "Cancel handler" [_thread_blocked, id=3756, stack(0x0000007662b00000,0x0000007662c00000)]
  0x000001ce22446000 JavaThread "Daemon worker" [_thread_blocked, id=484, stack(0x0000007662c00000,0x0000007662d00000)]
  0x000001ce222c3800 JavaThread "Asynchronous log dispatcher for DefaultDaemonConnection: socket connection from /127.0.0.1:65474 to /127.0.0.1:65475" [_thread_blocked, id=1792, stack(0x0000007662d00000,0x0000007662e00000)]
  0x000001ce22fed000 JavaThread "Stdin handler" [_thread_blocked, id=3440, stack(0x0000007662e00000,0x0000007662f00000)]
  0x000001ce21999800 JavaThread "Daemon client event forwarder" [_thread_blocked, id=4860, stack(0x0000007662f00000,0x0000007663000000)]

Other Threads:
  0x000001ce1fa3e800 VMThread "VM Thread" [stack: 0x0000007661900000,0x0000007661a00000] [id=5012]
  0x000001ce20583800 WatcherThread [stack: 0x0000007662300000,0x0000007662400000] [id=464]
  0x000001ce03634000 GCTaskThread "GC Thread#0" [stack: 0x0000007661400000,0x0000007661500000] [id=6624]
  0x000001ce20e8f800 GCTaskThread "GC Thread#1" [stack: 0x0000007662500000,0x0000007662600000] [id=9844]
  0x000001ce210c5800 GCTaskThread "GC Thread#2" [stack: 0x0000007662600000,0x0000007662700000] [id=4016]
  0x000001ce03666000 ConcurrentGCThread "G1 Main Marker" [stack: 0x0000007661500000,0x0000007661600000] [id=4032]
  0x000001ce03667800 ConcurrentGCThread "G1 Conc#0" [stack: 0x0000007661600000,0x0000007661700000] [id=4360]
  0x000001ce1f890800 ConcurrentGCThread "G1 Refine#0" [stack: 0x0000007661700000,0x0000007661800000] [id=1872]
  0x000001ce1f891800 ConcurrentGCThread "G1 Young RemSet Sampling" [stack: 0x0000007661800000,0x0000007661900000] [id=9552]

Threads with active compile tasks:

VM state:not at safepoint (normal execution)

VM Mutex/Monitor currently owned by a thread: None

Heap address: 0x0000000080000000, size: 2048 MB, Compressed Oops mode: 32-bit
Narrow klass base: 0x0000000000000000, Narrow klass shift: 3
Compressed class space size: 1073741824 Address: 0x0000000100000000

Heap:
 garbage-first heap   total 131072K, used 57124K [0x0000000080000000, 0x0000000100000000)
  region size 1024K, 48 young (49152K), 1 survivors (1024K)
 Metaspace       used 17694K, capacity 18105K, committed 18432K, reserved 1064960K
  class space    used 2075K, capacity 2204K, committed 2304K, reserved 1048576K
Heap Regions: E=young(eden), S=young(survivor), O=old, HS=humongous(starts), HC=humongous(continues), CS=collection set, F=free, A=archive, TAMS=top-at-mark-start (previous, next)
|   0|0x0000000080000000, 0x0000000080100000, 0x0000000080100000|100%| O|  |TAMS 0x0000000080000000, 0x0000000080000000| Untracked 
|   1|0x0000000080100000, 0x0000000080200000, 0x0000000080200000|100%| O|  |TAMS 0x0000000080100000, 0x0000000080100000| Untracked 
|   2|0x0000000080200000, 0x0000000080300000, 0x0000000080300000|100%| O|  |TAMS 0x0000000080200000, 0x0000000080200000| Untracked 
|   3|0x0000000080300000, 0x0000000080400000, 0x0000000080400000|100%|HS|  |TAMS 0x0000000080300000, 0x0000000080300000| Complete 
|   4|0x0000000080400000, 0x0000000080500000, 0x0000000080500000|100%|HC|  |TAMS 0x0000000080400000, 0x0000000080400000| Complete 
|   5|0x0000000080500000, 0x0000000080600000, 0x0000000080600000|100%|HC|  |TAMS 0x0000000080500000, 0x0000000080500000| Complete 
|   6|0x0000000080600000, 0x0000000080700000, 0x0000000080700000|100%| O|  |TAMS 0x0000000080600000, 0x0000000080600000| Untracked 
|   7|0x0000000080700000, 0x0000000080800000, 0x0000000080800000|100%| O|  |TAMS 0x0000000080700000, 0x0000000080700000| Untracked 
|   8|0x0000000080800000, 0x0000000080900000, 0x0000000080900000|100%| O|  |TAMS 0x0000000080800000, 0x0000000080800000| Untracked 
|   9|0x0000000080900000, 0x0000000080923200, 0x0000000080a00000| 13%| O|  |TAMS 0x0000000080900000, 0x0000000080900000| Untracked 
|  10|0x0000000080a00000, 0x0000000080b00000, 0x0000000080b00000|100%|HS|  |TAMS 0x0000000080a00000, 0x0000000080a00000| Complete 
|  11|0x0000000080b00000, 0x0000000080b00000, 0x0000000080c00000|  0%| F|  |TAMS 0x0000000080b00000, 0x0000000080b00000| Untracked 
|  12|0x0000000080c00000, 0x0000000080c00000, 0x0000000080d00000|  0%| F|  |TAMS 0x0000000080c00000, 0x0000000080c00000| Untracked 
|  13|0x0000000080d00000, 0x0000000080d00000, 0x0000000080e00000|  0%| F|  |TAMS 0x0000000080d00000, 0x0000000080d00000| Untracked 
|  14|0x0000000080e00000, 0x0000000080e00000, 0x0000000080f00000|  0%| F|  |TAMS 0x0000000080e00000, 0x0000000080e00000| Untracked 
|  15|0x0000000080f00000, 0x0000000080f00000, 0x0000000081000000|  0%| F|  |TAMS 0x0000000080f00000, 0x0000000080f00000| Untracked 
|  16|0x0000000081000000, 0x0000000081000000, 0x0000000081100000|  0%| F|  |TAMS 0x0000000081000000, 0x0000000081000000| Untracked 
|  17|0x0000000081100000, 0x0000000081100000, 0x0000000081200000|  0%| F|  |TAMS 0x0000000081100000, 0x0000000081100000| Untracked 
|  18|0x0000000081200000, 0x0000000081200000, 0x0000000081300000|  0%| F|  |TAMS 0x0000000081200000, 0x0000000081200000| Untracked 
|  19|0x0000000081300000, 0x0000000081300000, 0x0000000081400000|  0%| F|  |TAMS 0x0000000081300000, 0x0000000081300000| Untracked 
|  20|0x0000000081400000, 0x0000000081400000, 0x0000000081500000|  0%| F|  |TAMS 0x0000000081400000, 0x0000000081400000| Untracked 
|  21|0x0000000081500000, 0x0000000081500000, 0x0000000081600000|  0%| F|  |TAMS 0x0000000081500000, 0x0000000081500000| Untracked 
|  22|0x0000000081600000, 0x0000000081600000, 0x0000000081700000|  0%| F|  |TAMS 0x0000000081600000, 0x0000000081600000| Untracked 
|  23|0x0000000081700000, 0x0000000081700000, 0x0000000081800000|  0%| F|  |TAMS 0x0000000081700000, 0x0000000081700000| Untracked 
|  24|0x0000000081800000, 0x0000000081800000, 0x0000000081900000|  0%| F|  |TAMS 0x0000000081800000, 0x0000000081800000| Untracked 
|  25|0x0000000081900000, 0x0000000081900000, 0x0000000081a00000|  0%| F|  |TAMS 0x0000000081900000, 0x0000000081900000| Untracked 
|  26|0x0000000081a00000, 0x0000000081a00000, 0x0000000081b00000|  0%| F|  |TAMS 0x0000000081a00000, 0x0000000081a00000| Untracked 
|  27|0x0000000081b00000, 0x0000000081b00000, 0x0000000081c00000|  0%| F|  |TAMS 0x0000000081b00000, 0x0000000081b00000| Untracked 
|  28|0x0000000081c00000, 0x0000000081c00000, 0x0000000081d00000|  0%| F|  |TAMS 0x0000000081c00000, 0x0000000081c00000| Untracked 
|  29|0x0000000081d00000, 0x0000000081d00000, 0x0000000081e00000|  0%| F|  |TAMS 0x0000000081d00000, 0x0000000081d00000| Untracked 
|  30|0x0000000081e00000, 0x0000000081e00000, 0x0000000081f00000|  0%| F|  |TAMS 0x0000000081e00000, 0x0000000081e00000| Untracked 
|  31|0x0000000081f00000, 0x0000000081f00000, 0x0000000082000000|  0%| F|  |TAMS 0x0000000081f00000, 0x0000000081f00000| Untracked 
|  32|0x0000000082000000, 0x0000000082000000, 0x0000000082100000|  0%| F|  |TAMS 0x0000000082000000, 0x0000000082000000| Untracked 
|  33|0x0000000082100000, 0x0000000082100000, 0x0000000082200000|  0%| F|  |TAMS 0x0000000082100000, 0x0000000082100000| Untracked 
|  34|0x0000000082200000, 0x0000000082200000, 0x0000000082300000|  0%| F|  |TAMS 0x0000000082200000, 0x0000000082200000| Untracked 
|  35|0x0000000082300000, 0x0000000082300000, 0x0000000082400000|  0%| F|  |TAMS 0x0000000082300000, 0x0000000082300000| Untracked 
|  36|0x0000000082400000, 0x0000000082400000, 0x0000000082500000|  0%| F|  |TAMS 0x0000000082400000, 0x0000000082400000| Untracked 
|  37|0x0000000082500000, 0x0000000082500000, 0x0000000082600000|  0%| F|  |TAMS 0x0000000082500000, 0x0000000082500000| Untracked 
|  38|0x0000000082600000, 0x0000000082600000, 0x0000000082700000|  0%| F|  |TAMS 0x0000000082600000, 0x0000000082600000| Untracked 
|  39|0x0000000082700000, 0x0000000082700000, 0x0000000082800000|  0%| F|  |TAMS 0x0000000082700000, 0x0000000082700000| Untracked 
|  40|0x0000000082800000, 0x0000000082800000, 0x0000000082900000|  0%| F|  |TAMS 0x0000000082800000, 0x0000000082800000| Untracked 
|  41|0x0000000082900000, 0x0000000082900000, 0x0000000082a00000|  0%| F|  |TAMS 0x0000000082900000, 0x0000000082900000| Untracked 
|  42|0x0000000082a00000, 0x0000000082a00000, 0x0000000082b00000|  0%| F|  |TAMS 0x0000000082a00000, 0x0000000082a00000| Untracked 
|  43|0x0000000082b00000, 0x0000000082b00000, 0x0000000082c00000|  0%| F|  |TAMS 0x0000000082b00000, 0x0000000082b00000| Untracked 
|  44|0x0000000082c00000, 0x0000000082c00000, 0x0000000082d00000|  0%| F|  |TAMS 0x0000000082c00000, 0x0000000082c00000| Untracked 
|  45|0x0000000082d00000, 0x0000000082d00000, 0x0000000082e00000|  0%| F|  |TAMS 0x0000000082d00000, 0x0000000082d00000| Untracked 
|  46|0x0000000082e00000, 0x0000000082e00000, 0x0000000082f00000|  0%| F|  |TAMS 0x0000000082e00000, 0x0000000082e00000| Untracked 
|  47|0x0000000082f00000, 0x0000000082f00000, 0x0000000083000000|  0%| F|  |TAMS 0x0000000082f00000, 0x0000000082f00000| Untracked 
|  48|0x0000000083000000, 0x0000000083000000, 0x0000000083100000|  0%| F|  |TAMS 0x0000000083000000, 0x0000000083000000| Untracked 
|  49|0x0000000083100000, 0x0000000083100000, 0x0000000083200000|  0%| F|  |TAMS 0x0000000083100000, 0x0000000083100000| Untracked 
|  50|0x0000000083200000, 0x0000000083200000, 0x0000000083300000|  0%| F|  |TAMS 0x0000000083200000, 0x0000000083200000| Untracked 
|  51|0x0000000083300000, 0x0000000083300000, 0x0000000083400000|  0%| F|  |TAMS 0x0000000083300000, 0x0000000083300000| Untracked 
|  52|0x0000000083400000, 0x0000000083400000, 0x0000000083500000|  0%| F|  |TAMS 0x0000000083400000, 0x0000000083400000| Untracked 
|  53|0x0000000083500000, 0x0000000083500000, 0x0000000083600000|  0%| F|  |TAMS 0x0000000083500000, 0x0000000083500000| Untracked 
|  54|0x0000000083600000, 0x0000000083600000, 0x0000000083700000|  0%| F|  |TAMS 0x0000000083600000, 0x0000000083600000| Untracked 
|  55|0x0000000083700000, 0x0000000083700000, 0x0000000083800000|  0%| F|  |TAMS 0x0000000083700000, 0x0000000083700000| Untracked 
|  56|0x0000000083800000, 0x0000000083800000, 0x0000000083900000|  0%| F|  |TAMS 0x0000000083800000, 0x0000000083800000| Untracked 
|  57|0x0000000083900000, 0x0000000083900000, 0x0000000083a00000|  0%| F|  |TAMS 0x0000000083900000, 0x0000000083900000| Untracked 
|  58|0x0000000083a00000, 0x0000000083a00000, 0x0000000083b00000|  0%| F|  |TAMS 0x0000000083a00000, 0x0000000083a00000| Untracked 
|  59|0x0000000083b00000, 0x0000000083b00000, 0x0000000083c00000|  0%| F|  |TAMS 0x0000000083b00000, 0x0000000083b00000| Untracked 
|  60|0x0000000083c00000, 0x0000000083c00000, 0x0000000083d00000|  0%| F|  |TAMS 0x0000000083c00000, 0x0000000083c00000| Untracked 
|  61|0x0000000083d00000, 0x0000000083d00000, 0x0000000083e00000|  0%| F|  |TAMS 0x0000000083d00000, 0x0000000083d00000| Untracked 
|  62|0x0000000083e00000, 0x0000000083e00000, 0x0000000083f00000|  0%| F|  |TAMS 0x0000000083e00000, 0x0000000083e00000| Untracked 
|  63|0x0000000083f00000, 0x0000000083f00000, 0x0000000084000000|  0%| F|  |TAMS 0x0000000083f00000, 0x0000000083f00000| Untracked 
|  64|0x0000000084000000, 0x0000000084000000, 0x0000000084100000|  0%| F|  |TAMS 0x0000000084000000, 0x0000000084000000| Untracked 
|  65|0x0000000084100000, 0x0000000084100000, 0x0000000084200000|  0%| F|  |TAMS 0x0000000084100000, 0x0000000084100000| Untracked 
|  66|0x0000000084200000, 0x0000000084200000, 0x0000000084300000|  0%| F|  |TAMS 0x0000000084200000, 0x0000000084200000| Untracked 
|  67|0x0000000084300000, 0x0000000084300000, 0x0000000084400000|  0%| F|  |TAMS 0x0000000084300000, 0x0000000084300000| Untracked 
|  68|0x0000000084400000, 0x0000000084400000, 0x0000000084500000|  0%| F|  |TAMS 0x0000000084400000, 0x0000000084400000| Untracked 
|  69|0x0000000084500000, 0x0000000084500000, 0x0000000084600000|  0%| F|  |TAMS 0x0000000084500000, 0x0000000084500000| Untracked 
|  70|0x0000000084600000, 0x0000000084600000, 0x0000000084700000|  0%| F|  |TAMS 0x0000000084600000, 0x0000000084600000| Untracked 
|  71|0x0000000084700000, 0x0000000084700000, 0x0000000084800000|  0%| F|  |TAMS 0x0000000084700000, 0x0000000084700000| Untracked 
|  72|0x0000000084800000, 0x0000000084800000, 0x0000000084900000|  0%| F|  |TAMS 0x0000000084800000, 0x0000000084800000| Untracked 
|  73|0x0000000084900000, 0x0000000084900000, 0x0000000084a00000|  0%| F|  |TAMS 0x0000000084900000, 0x0000000084900000| Untracked 
|  74|0x0000000084a00000, 0x0000000084a00000, 0x0000000084b00000|  0%| F|  |TAMS 0x0000000084a00000, 0x0000000084a00000| Untracked 
|  75|0x0000000084b00000, 0x0000000084b00000, 0x0000000084c00000|  0%| F|  |TAMS 0x0000000084b00000, 0x0000000084b00000| Untracked 
|  76|0x0000000084c00000, 0x0000000084c00000, 0x0000000084d00000|  0%| F|  |TAMS 0x0000000084c00000, 0x0000000084c00000| Untracked 
|  77|0x0000000084d00000, 0x0000000084d00000, 0x0000000084e00000|  0%| F|  |TAMS 0x0000000084d00000, 0x0000000084d00000| Untracked 
|  78|0x0000000084e00000, 0x0000000084e00000, 0x0000000084f00000|  0%| F|  |TAMS 0x0000000084e00000, 0x0000000084e00000| Untracked 
|  79|0x0000000084f00000, 0x0000000084f00000, 0x0000000085000000|  0%| F|  |TAMS 0x0000000084f00000, 0x0000000084f00000| Untracked 
|  80|0x0000000085000000, 0x0000000085080800, 0x0000000085100000| 50%| E|  |TAMS 0x0000000085000000, 0x0000000085000000| Complete 
|  81|0x0000000085100000, 0x0000000085200000, 0x0000000085200000|100%| E|CS|TAMS 0x0000000085100000, 0x0000000085100000| Complete 
|  82|0x0000000085200000, 0x0000000085300000, 0x0000000085300000|100%| E|CS|TAMS 0x0000000085200000, 0x0000000085200000| Complete 
|  83|0x0000000085300000, 0x0000000085400000, 0x0000000085400000|100%| E|CS|TAMS 0x0000000085300000, 0x0000000085300000| Complete 
|  84|0x0000000085400000, 0x0000000085500000, 0x0000000085500000|100%| E|CS|TAMS 0x0000000085400000, 0x0000000085400000| Complete 
|  85|0x0000000085500000, 0x0000000085600000, 0x0000000085600000|100%| E|CS|TAMS 0x0000000085500000, 0x0000000085500000| Complete 
|  86|0x0000000085600000, 0x0000000085700000, 0x0000000085700000|100%| E|CS|TAMS 0x0000000085600000, 0x0000000085600000| Complete 
|  87|0x0000000085700000, 0x0000000085800000, 0x0000000085800000|100%| E|CS|TAMS 0x0000000085700000, 0x0000000085700000| Complete 
|  88|0x0000000085800000, 0x0000000085900000, 0x0000000085900000|100%| E|CS|TAMS 0x0000000085800000, 0x0000000085800000| Complete 
|  89|0x0000000085900000, 0x0000000085a00000, 0x0000000085a00000|100%| E|CS|TAMS 0x0000000085900000, 0x0000000085900000| Complete 
|  90|0x0000000085a00000, 0x0000000085b00000, 0x0000000085b00000|100%| E|CS|TAMS 0x0000000085a00000, 0x0000000085a00000| Complete 
|  91|0x0000000085b00000, 0x0000000085c00000, 0x0000000085c00000|100%| E|CS|TAMS 0x0000000085b00000, 0x0000000085b00000| Complete 
|  92|0x0000000085c00000, 0x0000000085d00000, 0x0000000085d00000|100%| E|CS|TAMS 0x0000000085c00000, 0x0000000085c00000| Complete 
|  93|0x0000000085d00000, 0x0000000085e00000, 0x0000000085e00000|100%| E|CS|TAMS 0x0000000085d00000, 0x0000000085d00000| Complete 
|  94|0x0000000085e00000, 0x0000000085f00000, 0x0000000085f00000|100%| E|CS|TAMS 0x0000000085e00000, 0x0000000085e00000| Complete 
|  95|0x0000000085f00000, 0x0000000086000000, 0x0000000086000000|100%| E|CS|TAMS 0x0000000085f00000, 0x0000000085f00000| Complete 
|  96|0x0000000086000000, 0x0000000086100000, 0x0000000086100000|100%| E|CS|TAMS 0x0000000086000000, 0x0000000086000000| Complete 
|  97|0x0000000086100000, 0x0000000086200000, 0x0000000086200000|100%| E|CS|TAMS 0x0000000086100000, 0x0000000086100000| Complete 
|  98|0x0000000086200000, 0x0000000086300000, 0x0000000086300000|100%| E|CS|TAMS 0x0000000086200000, 0x0000000086200000| Complete 
|  99|0x0000000086300000, 0x0000000086400000, 0x0000000086400000|100%| E|CS|TAMS 0x0000000086300000, 0x0000000086300000| Complete 
| 100|0x0000000086400000, 0x0000000086500000, 0x0000000086500000|100%| E|CS|TAMS 0x0000000086400000, 0x0000000086400000| Complete 
| 101|0x0000000086500000, 0x0000000086600000, 0x0000000086600000|100%| E|CS|TAMS 0x0000000086500000, 0x0000000086500000| Complete 
| 102|0x0000000086600000, 0x0000000086700000, 0x0000000086700000|100%| E|CS|TAMS 0x0000000086600000, 0x0000000086600000| Complete 
| 103|0x0000000086700000, 0x0000000086800000, 0x0000000086800000|100%| E|CS|TAMS 0x0000000086700000, 0x0000000086700000| Complete 
| 104|0x0000000086800000, 0x0000000086900000, 0x0000000086900000|100%| E|CS|TAMS 0x0000000086800000, 0x0000000086800000| Complete 
| 105|0x0000000086900000, 0x00000000869a5e30, 0x0000000086a00000| 64%| S|CS|TAMS 0x0000000086900000, 0x0000000086900000| Complete 
| 106|0x0000000086a00000, 0x0000000086b00000, 0x0000000086b00000|100%| E|CS|TAMS 0x0000000086a00000, 0x0000000086a00000| Complete 
| 107|0x0000000086b00000, 0x0000000086c00000, 0x0000000086c00000|100%| E|CS|TAMS 0x0000000086b00000, 0x0000000086b00000| Complete 
| 108|0x0000000086c00000, 0x0000000086d00000, 0x0000000086d00000|100%| E|CS|TAMS 0x0000000086c00000, 0x0000000086c00000| Complete 
| 109|0x0000000086d00000, 0x0000000086e00000, 0x0000000086e00000|100%| E|CS|TAMS 0x0000000086d00000, 0x0000000086d00000| Complete 
| 110|0x0000000086e00000, 0x0000000086f00000, 0x0000000086f00000|100%| E|CS|TAMS 0x0000000086e00000, 0x0000000086e00000| Complete 
| 111|0x0000000086f00000, 0x0000000087000000, 0x0000000087000000|100%| E|CS|TAMS 0x0000000086f00000, 0x0000000086f00000| Complete 
| 112|0x0000000087000000, 0x0000000087100000, 0x0000000087100000|100%| E|CS|TAMS 0x0000000087000000, 0x0000000087000000| Complete 
| 113|0x0000000087100000, 0x0000000087200000, 0x0000000087200000|100%| E|CS|TAMS 0x0000000087100000, 0x0000000087100000| Complete 
| 114|0x0000000087200000, 0x0000000087300000, 0x0000000087300000|100%| E|CS|TAMS 0x0000000087200000, 0x0000000087200000| Complete 
| 115|0x0000000087300000, 0x0000000087400000, 0x0000000087400000|100%| E|CS|TAMS 0x0000000087300000, 0x0000000087300000| Complete 
| 116|0x0000000087400000, 0x0000000087500000, 0x0000000087500000|100%| E|CS|TAMS 0x0000000087400000, 0x0000000087400000| Complete 
| 117|0x0000000087500000, 0x0000000087600000, 0x0000000087600000|100%| E|CS|TAMS 0x0000000087500000, 0x0000000087500000| Complete 
| 118|0x0000000087600000, 0x0000000087700000, 0x0000000087700000|100%| E|CS|TAMS 0x0000000087600000, 0x0000000087600000| Complete 
| 119|0x0000000087700000, 0x0000000087800000, 0x0000000087800000|100%| E|CS|TAMS 0x0000000087700000, 0x0000000087700000| Complete 
| 120|0x0000000087800000, 0x0000000087900000, 0x0000000087900000|100%| E|  |TAMS 0x0000000087800000, 0x0000000087800000| Complete 
| 121|0x0000000087900000, 0x0000000087a00000, 0x0000000087a00000|100%| E|CS|TAMS 0x0000000087900000, 0x0000000087900000| Complete 
| 122|0x0000000087a00000, 0x0000000087b00000, 0x0000000087b00000|100%| E|CS|TAMS 0x0000000087a00000, 0x0000000087a00000| Complete 
| 123|0x0000000087b00000, 0x0000000087c00000, 0x0000000087c00000|100%| E|CS|TAMS 0x0000000087b00000, 0x0000000087b00000| Complete 
| 124|0x0000000087c00000, 0x0000000087d00000, 0x0000000087d00000|100%| E|CS|TAMS 0x0000000087c00000, 0x0000000087c00000| Complete 
| 125|0x0000000087d00000, 0x0000000087e00000, 0x0000000087e00000|100%| E|CS|TAMS 0x0000000087d00000, 0x0000000087d00000| Complete 
| 126|0x0000000087e00000, 0x0000000087f00000, 0x0000000087f00000|100%| E|CS|TAMS 0x0000000087e00000, 0x0000000087e00000| Complete 
| 127|0x0000000087f00000, 0x0000000088000000, 0x0000000088000000|100%| E|CS|TAMS 0x0000000087f00000, 0x0000000087f00000| Complete 

Card table byte_map: [0x000001ce18770000,0x000001ce18b70000] _byte_map_base: 0x000001ce18370000

Marking Bits (Prev, Next): (CMBitMap*) 0x000001ce0365d1e8, (CMBitMap*) 0x000001ce0365d220
 Prev Bits: [0x000001ce18f70000, 0x000001ce1af70000)
 Next Bits: [0x000001ce1af70000, 0x000001ce1cf70000)

Polling page: 0x000001ce03700000

Metaspace:

Usage:
  Non-class:     15.53 MB capacity,    15.25 MB ( 98%) used,   250.07 KB (  2%) free+waste,    31.75 KB ( <1%) overhead. 
      Class:      2.15 MB capacity,     2.03 MB ( 94%) used,   112.89 KB (  5%) free+waste,    15.81 KB ( <1%) overhead. 
       Both:     17.68 MB capacity,    17.28 MB ( 98%) used,   362.96 KB (  2%) free+waste,    47.56 KB ( <1%) overhead. 

Virtual space:
  Non-class space:       16.00 MB reserved,      15.75 MB ( 98%) committed 
      Class space:        1.00 GB reserved,       2.25 MB ( <1%) committed 
             Both:        1.02 GB reserved,      18.00 MB (  2%) committed 

Chunk freelists:
   Non-Class:  35.00 KB
       Class:  4.00 KB
        Both:  39.00 KB

MaxMetaspaceSize: 17179869184.00 GB
CompressedClassSpaceSize: 1.00 GB

CodeHeap 'non-profiled nmethods': size=120000Kb used=891Kb max_used=891Kb free=119108Kb
 bounds [0x000001ce103d0000, 0x000001ce10640000, 0x000001ce17900000]
CodeHeap 'profiled nmethods': size=120000Kb used=3599Kb max_used=3599Kb free=116400Kb
 bounds [0x000001ce08ea0000, 0x000001ce09230000, 0x000001ce103d0000]
CodeHeap 'non-nmethods': size=5760Kb used=1128Kb max_used=1160Kb free=4631Kb
 bounds [0x000001ce08900000, 0x000001ce08b70000, 0x000001ce08ea0000]
 total_blobs=2229 nmethods=1767 adapters=374
 compilation: enabled
              stopped_count=0, restarted_count=0
 full_count=0

Compilation events (20 events):
Event: 2.044 Thread 0x000001ce203e3000 nmethod 1760 0x000001ce09222a90 code [0x000001ce09222c80, 0x000001ce09223138]
Event: 2.044 Thread 0x000001ce203e3000 1761       1       java.lang.reflect.Constructor::getModifiers (5 bytes)
Event: 2.044 Thread 0x000001ce203e3000 nmethod 1761 0x000001ce104ab210 code [0x000001ce104ab3c0, 0x000001ce104ab478]
Event: 2.052 Thread 0x000001ce203e3000 1762       3       org.gradle.internal.service.DefaultServiceRegistry::access$900 (5 bytes)
Event: 2.052 Thread 0x000001ce203e3000 nmethod 1762 0x000001ce09223410 code [0x000001ce092235c0, 0x000001ce092236c8]
Event: 2.061 Thread 0x000001ce203dc800 nmethod 1730 0x000001ce104ab510 code [0x000001ce104ab700, 0x000001ce104acca8]
Event: 2.061 Thread 0x000001ce203dc800 1753       4       java.lang.AbstractStringBuilder::append (77 bytes)
Event: 2.066 Thread 0x000001ce203dc800 nmethod 1753 0x000001ce104ad410 code [0x000001ce104ad5e0, 0x000001ce104adac8]
Event: 2.066 Thread 0x000001ce203dc800 1751       4       jdk.internal.org.objectweb.asm.Item::<init> (66 bytes)
Event: 2.068 Thread 0x000001ce203dc800 nmethod 1751 0x000001ce104add10 code [0x000001ce104adea0, 0x000001ce104ae178]
Event: 2.139 Thread 0x000001ce203e3000 1764       1       java.util.concurrent.locks.AbstractOwnableSynchronizer::getExclusiveOwnerThread (5 bytes)
Event: 2.139 Thread 0x000001ce203e3000 nmethod 1764 0x000001ce104ae690 code [0x000001ce104ae840, 0x000001ce104ae8f8]
Event: 2.170 Thread 0x000001ce203e3000 1765       1       java.util.concurrent.locks.AbstractQueuedSynchronizer::setState (6 bytes)
Event: 2.170 Thread 0x000001ce203e3000 nmethod 1765 0x000001ce104ae990 code [0x000001ce104aeb40, 0x000001ce104aebf8]
Event: 2.189 Thread 0x000001ce203e3000 1766       3       java.lang.Thread::interrupted (8 bytes)
Event: 2.189 Thread 0x000001ce203e3000 nmethod 1766 0x000001ce09223790 code [0x000001ce09223940, 0x000001ce09223a68]
Event: 2.395 Thread 0x000001ce203dc800 1767       4       java.lang.Class::getName (18 bytes)
Event: 2.396 Thread 0x000001ce203e3000 1768       3       java.util.Collections$UnmodifiableCollection::contains (11 bytes)
Event: 2.397 Thread 0x000001ce203e3000 nmethod 1768 0x000001ce09223b10 code [0x000001ce09223cc0, 0x000001ce09223e88]
Event: 2.397 Thread 0x000001ce203dc800 nmethod 1767 0x000001ce104aec90 code [0x000001ce104aee20, 0x000001ce104aeea8]

GC Heap History (4 events):
Event: 0.698 GC heap before
{Heap before GC invocations=0 (full 0):
 garbage-first heap   total 131072K, used 29696K [0x0000000080000000, 0x0000000100000000)
  region size 1024K, 24 young (24576K), 0 survivors (0K)
 Metaspace       used 10261K, capacity 10491K, committed 10624K, reserved 1058816K
  class space    used 1073K, capacity 1141K, committed 1152K, reserved 1048576K
}
Event: 0.704 GC heap after
{Heap after GC invocations=1 (full 0):
 garbage-first heap   total 131072K, used 9121K [0x0000000080000000, 0x0000000100000000)
  region size 1024K, 3 young (3072K), 3 survivors (3072K)
 Metaspace       used 10261K, capacity 10491K, committed 10624K, reserved 1058816K
  class space    used 1073K, capacity 1141K, committed 1152K, reserved 1048576K
}
Event: 0.988 GC heap before
{Heap before GC invocations=1 (full 0):
 garbage-first heap   total 131072K, used 31649K [0x0000000080000000, 0x0000000100000000)
  region size 1024K, 25 young (25600K), 3 survivors (3072K)
 Metaspace       used 11194K, capacity 11382K, committed 11520K, reserved 1058816K
  class space    used 1174K, capacity 1246K, committed 1280K, reserved 1048576K
}
Event: 0.991 GC heap after
{Heap after GC invocations=2 (full 0):
 garbage-first heap   total 131072K, used 10020K [0x0000000080000000, 0x0000000100000000)
  region size 1024K, 1 young (1024K), 1 survivors (1024K)
 Metaspace       used 11194K, capacity 11382K, committed 11520K, reserved 1058816K
  class space    used 1174K, capacity 1246K, committed 1280K, reserved 1048576K
}

Deoptimization events (20 events):
Event: 1.999 Thread 0x000001ce22446000 Uncommon trap: trap_request=0xffffffc6 fr.pc=0x000001ce1048210c relative=0x000000000000098c
Event: 1.999 Thread 0x000001ce22446000 Uncommon trap: reason=bimorphic_or_optimized_type_check action=maybe_recompile pc=0x000001ce1048210c method=java.util.HashMap.putVal(ILjava/lang/Object;Ljava/lang/Object;ZZ)Ljava/lang/Object; @ 253 c2
Event: 1.999 Thread 0x000001ce22446000 DEOPT PACKING pc=0x000001ce1048210c sp=0x0000007662cfe820
Event: 1.999 Thread 0x000001ce22446000 DEOPT UNPACKING pc=0x000001ce0892662f sp=0x0000007662cfe758 mode 2
Event: 1.999 Thread 0x000001ce22446000 Uncommon trap: trap_request=0xffffffc6 fr.pc=0x000001ce1048210c relative=0x000000000000098c
Event: 1.999 Thread 0x000001ce22446000 Uncommon trap: reason=bimorphic_or_optimized_type_check action=maybe_recompile pc=0x000001ce1048210c method=java.util.HashMap.putVal(ILjava/lang/Object;Ljava/lang/Object;ZZ)Ljava/lang/Object; @ 253 c2
Event: 1.999 Thread 0x000001ce22446000 DEOPT PACKING pc=0x000001ce1048210c sp=0x0000007662cfe910
Event: 1.999 Thread 0x000001ce22446000 DEOPT UNPACKING pc=0x000001ce0892662f sp=0x0000007662cfe848 mode 2
Event: 2.397 Thread 0x000001ce223aa800 Uncommon trap: trap_request=0xffffff4d fr.pc=0x000001ce10472284 relative=0x00000000000001a4
Event: 2.397 Thread 0x000001ce223aa800 Uncommon trap: reason=unstable_if action=reinterpret pc=0x000001ce10472284 method=java.util.concurrent.ConcurrentHashMap.addCount(JI)V @ 168 c2
Event: 2.397 Thread 0x000001ce223aa800 DEOPT PACKING pc=0x000001ce10472284 sp=0x00000076628fdd20
Event: 2.397 Thread 0x000001ce223aa800 DEOPT UNPACKING pc=0x000001ce0892662f sp=0x00000076628fdc60 mode 2
Event: 2.397 Thread 0x000001ce223aa800 Uncommon trap: trap_request=0xffffff4d fr.pc=0x000001ce104aca10 relative=0x0000000000001310
Event: 2.397 Thread 0x000001ce223aa800 Uncommon trap: reason=unstable_if action=reinterpret pc=0x000001ce104aca10 method=java.util.concurrent.ConcurrentHashMap.transfer([Ljava/util/concurrent/ConcurrentHashMap$Node;[Ljava/util/concurrent/ConcurrentHashMap$Node;)V @ 34 c2
Event: 2.397 Thread 0x000001ce223aa800 DEOPT PACKING pc=0x000001ce104aca10 sp=0x00000076628fdb60
Event: 2.397 Thread 0x000001ce223aa800 DEOPT UNPACKING pc=0x000001ce0892662f sp=0x00000076628fdb20 mode 2
Event: 2.397 Thread 0x000001ce223aa800 Uncommon trap: trap_request=0xffffff4d fr.pc=0x000001ce10484404 relative=0x0000000000001224
Event: 2.397 Thread 0x000001ce223aa800 Uncommon trap: reason=unstable_if action=reinterpret pc=0x000001ce10484404 method=java.util.concurrent.ConcurrentHashMap.transfer([Ljava/util/concurrent/ConcurrentHashMap$Node;[Ljava/util/concurrent/ConcurrentHashMap$Node;)V @ 273 c2
Event: 2.397 Thread 0x000001ce223aa800 DEOPT PACKING pc=0x000001ce10484404 sp=0x00000076628fdb80
Event: 2.397 Thread 0x000001ce223aa800 DEOPT UNPACKING pc=0x000001ce0892662f sp=0x00000076628fdb18 mode 2

Classes redefined (0 events):
No events

Internal exceptions (20 events):
Event: 0.215 Thread 0x000001ce0361b800 Exception <a 'java/lang/NoSuchMethodError'{0x0000000087deb5a8}: 'int java.lang.invoke.DirectMethodHandle$Holder.invokeSpecial(java.lang.Object, java.lang.Object, java.lang.Object, java.lang.Object)'> (0x0000000087deb5a8) thrown at [./src/hotspot/share/interpreter/linkResolver.cpp, line 773]
Event: 0.223 Thread 0x000001ce0361b800 Exception <a 'java/lang/NoSuchMethodError'{0x0000000087c22c98}: 'int java.lang.invoke.DirectMethodHandle$Holder.invokeSpecialIFC(java.lang.Object, java.lang.Object, int)'> (0x0000000087c22c98) thrown at [./src/hotspot/share/interpreter/linkResolver.cpp, line 773]
Event: 0.477 Thread 0x000001ce0361b800 Exception <a 'java/lang/NoClassDefFoundError'{0x00000000872fe050}: org/slf4j/impl/StaticMarkerBinder> (0x00000000872fe050) thrown at [./src/hotspot/share/classfile/systemDictionary.cpp, line 220]
Event: 0.539 Thread 0x000001ce0361b800 Exception <a 'java/lang/NoSuchMethodError'{0x0000000086e9e708}: 'java.lang.Object java.lang.invoke.DirectMethodHandle$Holder.invokeVirtual(java.lang.Object, java.lang.Object, java.lang.Object, java.lang.Object, java.lang.Object, java.lang.Object, java.lang.Object)'> (0x0000000086e9e708) thrown at [./src/hotspot/share/interpreter/linkResolver.cpp, line 773]
Event: 0.541 Thread 0x000001ce0361b800 Exception <a 'java/lang/NoSuchMethodError'{0x0000000086eb31b0}: 'java.lang.Object java.lang.invoke.Invokers$Holder.invoker(java.lang.Object, java.lang.Object, java.lang.Object)'> (0x0000000086eb31b0) thrown at [./src/hotspot/share/interpreter/linkResolver.cpp, line 773]
Event: 0.544 Thread 0x000001ce0361b800 Exception <a 'java/lang/NoSuchMethodError'{0x0000000086ec4228}: 'void java.lang.invoke.DelegatingMethodHandle$Holder.delegate(java.lang.Object, java.lang.Object, int, java.lang.Object)'> (0x0000000086ec4228) thrown at [./src/hotspot/share/interpreter/linkResolver.cpp, line 773]
Event: 1.071 Thread 0x000001ce0361b800 Exception <a 'java/security/PrivilegedActionException'{0x00000000873637d8}> (0x00000000873637d8) thrown at [./src/hotspot/share/prims/jvm.cpp, line 1306]
Event: 1.071 Thread 0x000001ce0361b800 Exception <a 'java/security/PrivilegedActionException'{0x0000000087363d50}> (0x0000000087363d50) thrown at [./src/hotspot/share/prims/jvm.cpp, line 1306]
Event: 1.336 Thread 0x000001ce0361b800 Exception <a 'java/lang/NoSuchMethodError'{0x0000000086129e50}: 'java.lang.Object java.lang.invoke.DirectMethodHandle$Holder.invokeStaticInit(java.lang.Object, java.lang.Object, java.lang.Object)'> (0x0000000086129e50) thrown at [./src/hotspot/share/interpreter/linkResolver.cpp, line 773]
Event: 1.487 Thread 0x000001ce0361b800 Exception <a 'java/lang/NoSuchMethodError'{0x0000000085be67d8}: 'java.lang.Object java.lang.invoke.DirectMethodHandle$Holder.invokeStaticInit(java.lang.Object, int, int, int, int)'> (0x0000000085be67d8) thrown at [./src/hotspot/share/interpreter/linkResolver.cpp, line 773]
Event: 1.651 Thread 0x000001ce0361b800 Exception <a 'java/lang/NoSuchMethodError'{0x0000000085a143f8}: 'java.lang.Object java.lang.invoke.DirectMethodHandle$Holder.invokeStaticInit(java.lang.Object, java.lang.Object, int, int, int, int)'> (0x0000000085a143f8) thrown at [./src/hotspot/share/interpreter/linkResolver.cpp, line 773]
Event: 1.913 Thread 0x000001ce0361b800 Exception <a 'java/io/IOException'{0x00000000859dafa8}> (0x00000000859dafa8) thrown at [./src/hotspot/share/prims/jni.cpp, line 615]
Event: 1.973 Thread 0x000001ce23de9800 Exception <a 'java/lang/NoSuchMethodError'{0x00000000856d87e8}: <clinit>> (0x00000000856d87e8) thrown at [./src/hotspot/share/prims/jni.cpp, line 1362]
Event: 1.975 Thread 0x000001ce23de9800 Exception <a 'java/lang/NoSuchMethodError'{0x00000000856f0598}: <clinit>> (0x00000000856f0598) thrown at [./src/hotspot/share/prims/jni.cpp, line 1362]
Event: 1.976 Thread 0x000001ce23de9800 Exception <a 'java/lang/NoSuchMethodError'{0x00000000856f9f60}: <clinit>> (0x00000000856f9f60) thrown at [./src/hotspot/share/prims/jni.cpp, line 1362]
Event: 1.977 Thread 0x000001ce23de9800 Exception <a 'java/lang/NoSuchMethodError'{0x000000008550f7d0}: <clinit>> (0x000000008550f7d0) thrown at [./src/hotspot/share/prims/jni.cpp, line 1362]
Event: 2.031 Thread 0x000001ce22446000 Exception <a 'java/lang/NoSuchMethodError'{0x000000008528d4f8}: 'void java.lang.invoke.DirectMethodHandle$Holder.invokeVirtual(java.lang.Object, java.lang.Object, java.lang.Object, java.lang.Object)'> (0x000000008528d4f8) thrown at [./src/hotspot/share/interpreter/linkResolver.cpp, line 773]
Event: 2.033 Thread 0x000001ce22446000 Exception <a 'java/lang/NoSuchMethodError'{0x000000008529c5e0}: 'void java.lang.invoke.DelegatingMethodHandle$Holder.reinvoke_L(java.lang.Object, java.lang.Object, java.lang.Object, java.lang.Object)'> (0x000000008529c5e0) thrown at [./src/hotspot/share/interpreter/linkResolver.cpp, line 773]
Event: 2.038 Thread 0x000001ce22446000 Exception <a 'java/lang/NoSuchMethodError'{0x00000000852cd4c8}: 'long java.lang.invoke.DirectMethodHandle$Holder.invokeInterface(java.lang.Object, java.lang.Object)'> (0x00000000852cd4c8) thrown at [./src/hotspot/share/interpreter/linkResolver.cpp, line 773]
Event: 2.040 Thread 0x000001ce22446000 Exception <a 'java/lang/NoSuchMethodError'{0x00000000852f0a68}: 'void java.lang.invoke.DelegatingMethodHandle$Holder.reinvoke_L(java.lang.Object, java.lang.Object, java.lang.Object, java.lang.Object, java.lang.Object, java.lang.Object, java.lang.Object)'> (0x00000000852f0a68) thrown at [./src/hotspot/share/interpreter/linkResolver.cpp, line 773]

Events (20 events):
Event: 2.058 Executing VM operation: RevokeBias
Event: 2.058 Executing VM operation: RevokeBias done
Event: 2.058 Executing VM operation: RevokeBias
Event: 2.058 Executing VM operation: RevokeBias done
Event: 2.058 Executing VM operation: RevokeBias
Event: 2.058 Executing VM operation: RevokeBias done
Event: 2.058 Executing VM operation: BulkRevokeBias
Event: 2.059 Executing VM operation: BulkRevokeBias done
Event: 2.059 loading class org/gradle/workers/internal/WorkerDaemonClientsManager
Event: 2.059 loading class org/gradle/workers/internal/WorkerDaemonClientsManager done
Event: 2.060 loading class org/gradle/api/internal/artifacts/DependencyManagementGradleUserHomeScopeServices
Event: 2.060 loading class org/gradle/api/internal/artifacts/DependencyManagementGradleUserHomeScopeServices done
Event: 2.060 Executing VM operation: RevokeBias
Event: 2.060 Executing VM operation: RevokeBias done
Event: 2.060 loading class org/gradle/api/internal/artifacts/ivyservice/ArtifactCachesProvider
Event: 2.060 loading class org/gradle/api/internal/artifacts/ivyservice/ArtifactCachesProvider done
Event: 2.061 loading class org/gradle/internal/execution/history/ExecutionHistoryCacheAccess
Event: 2.061 loading class org/gradle/internal/execution/history/ExecutionHistoryCacheAccess done
Event: 2.396 loading class java/lang/management/MemoryType
Event: 2.396 loading class java/lang/management/MemoryType done


Dynamic libraries:
0x00007ff6dace0000 - 0x00007ff6dacea000 	C:\Program Files\Android\Android Studio\jre\bin\java.exe
0x00007fff10850000 - 0x00007fff10a45000 	C:\WINDOWS\SYSTEM32\ntdll.dll
0x00007fff0f240000 - 0x00007fff0f2fe000 	C:\WINDOWS\System32\KERNEL32.DLL
0x00007fff0e5e0000 - 0x00007fff0e8a8000 	C:\WINDOWS\System32\KERNELBASE.dll
0x00007fff0e110000 - 0x00007fff0e210000 	C:\WINDOWS\System32\ucrtbase.dll
0x00007ffef7a80000 - 0x00007ffef7a97000 	C:\Program Files\Android\Android Studio\jre\bin\VCRUNTIME140.dll
0x00007ffef2050000 - 0x00007ffef2069000 	C:\Program Files\Android\Android Studio\jre\bin\jli.dll
0x00007fff0ed20000 - 0x00007fff0eec0000 	C:\WINDOWS\System32\USER32.dll
0x00007fff0e210000 - 0x00007fff0e232000 	C:\WINDOWS\System32\win32u.dll
0x00007fff0d350000 - 0x00007fff0d5ea000 	C:\WINDOWS\WinSxS\amd64_microsoft.windows.common-controls_6595b64144ccf1df_6.0.19041.1110_none_60b5254171f9507e\COMCTL32.dll
0x00007fff0f150000 - 0x00007fff0f17b000 	C:\WINDOWS\System32\GDI32.dll
0x00007fff105f0000 - 0x00007fff1068e000 	C:\WINDOWS\System32\msvcrt.dll
0x00007fff0e370000 - 0x00007fff0e47b000 	C:\WINDOWS\System32\gdi32full.dll
0x00007fff0e070000 - 0x00007fff0e10d000 	C:\WINDOWS\System32\msvcp_win.dll
0x00007fff0efd0000 - 0x00007fff0f000000 	C:\WINDOWS\System32\IMM32.DLL
0x00007ffeedf10000 - 0x00007ffeedfad000 	C:\Program Files\Android\Android Studio\jre\bin\msvcp140.dll
0x00007ffed1fb0000 - 0x00007ffed2a85000 	C:\Program Files\Android\Android Studio\jre\bin\server\jvm.dll
0x00007fff0f190000 - 0x00007fff0f23e000 	C:\WINDOWS\System32\ADVAPI32.dll
0x00007fff0fec0000 - 0x00007fff0ff5c000 	C:\WINDOWS\System32\sechost.dll
0x00007fff0f490000 - 0x00007fff0f5b5000 	C:\WINDOWS\System32\RPCRT4.dll
0x00007fff0f000000 - 0x00007fff0f008000 	C:\WINDOWS\System32\PSAPI.DLL
0x00007ffef3120000 - 0x00007ffef3129000 	C:\WINDOWS\SYSTEM32\WSOCK32.dll
0x00007ffefb2c0000 - 0x00007ffefb2e7000 	C:\WINDOWS\SYSTEM32\WINMM.dll
0x00007fff0ab70000 - 0x00007fff0ab7a000 	C:\WINDOWS\SYSTEM32\VERSION.dll
0x00007fff10030000 - 0x00007fff1009b000 	C:\WINDOWS\System32\WS2_32.dll
0x00007fff0c1c0000 - 0x00007fff0c1d2000 	C:\WINDOWS\SYSTEM32\kernel.appcore.dll
0x00007fff075c0000 - 0x00007fff075d1000 	C:\Program Files\Android\Android Studio\jre\bin\verify.dll
0x00007fff0d910000 - 0x00007fff0daf4000 	C:\WINDOWS\SYSTEM32\DBGHELP.DLL
0x00007fff0d740000 - 0x00007fff0d76c000 	C:\WINDOWS\SYSTEM32\dbgcore.DLL
0x00007fff0df70000 - 0x00007fff0dff2000 	C:\WINDOWS\System32\bcryptPrimitives.dll
0x00007fff07440000 - 0x00007fff07469000 	C:\Program Files\Android\Android Studio\jre\bin\java.dll
0x00007fff084c0000 - 0x00007fff084cb000 	C:\Program Files\Android\Android Studio\jre\bin\jimage.dll
0x00007fff07490000 - 0x00007fff074a8000 	C:\Program Files\Android\Android Studio\jre\bin\zip.dll
0x00007fff0f770000 - 0x00007fff0feb4000 	C:\WINDOWS\System32\SHELL32.dll
0x00007fff0ba10000 - 0x00007fff0c1a4000 	C:\WINDOWS\SYSTEM32\windows.storage.dll
0x00007fff0e960000 - 0x00007fff0ecb4000 	C:\WINDOWS\System32\combase.dll
0x00007fff0d2e0000 - 0x00007fff0d30c000 	C:\WINDOWS\SYSTEM32\Wldp.dll
0x00007fff0f0a0000 - 0x00007fff0f14d000 	C:\WINDOWS\System32\SHCORE.dll
0x00007fff107b0000 - 0x00007fff10805000 	C:\WINDOWS\System32\shlwapi.dll
0x00007fff0deb0000 - 0x00007fff0decf000 	C:\WINDOWS\SYSTEM32\profapi.dll
0x00007ffef9430000 - 0x00007ffef944a000 	C:\Program Files\Android\Android Studio\jre\bin\net.dll
0x00007ffefb550000 - 0x00007ffefb659000 	C:\WINDOWS\SYSTEM32\WINHTTP.dll
0x00007fff0d030000 - 0x00007fff0d09a000 	C:\WINDOWS\system32\mswsock.dll
0x00007ffef9410000 - 0x00007ffef9424000 	C:\Program Files\Android\Android Studio\jre\bin\nio.dll
0x00007ffef5ba0000 - 0x00007ffef5bc7000 	C:\Users\Pranay\.gradle\native\e1d6ef7f7dcc3fd88c89a11ec53ec762bb8ba0a96d01ffa2cd45eb1d1d8dd5c5\windows-amd64\native-platform.dll
0x00007ffed3ad0000 - 0x00007ffed3c14000 	C:\Users\Pranay\.gradle\native\5664cfc778a61ccfe75a443a1ab52a65af34e5dc3c78e0209fed803814484fcb\windows-amd64\native-platform-file-events.dll
0x00007fff07760000 - 0x00007fff0776a000 	C:\Program Files\Android\Android Studio\jre\bin\management.dll
0x00007fff065d0000 - 0x00007fff065dd000 	C:\Program Files\Android\Android Studio\jre\bin\management_ext.dll
0x00007fff0dcf0000 - 0x00007fff0dd08000 	C:\WINDOWS\SYSTEM32\CRYPTSP.dll
0x00007fff0c9e0000 - 0x00007fff0ca14000 	C:\WINDOWS\system32\rsaenh.dll
0x00007fff0e290000 - 0x00007fff0e2b7000 	C:\WINDOWS\System32\bcrypt.dll
0x00007fff0de30000 - 0x00007fff0de5e000 	C:\WINDOWS\SYSTEM32\USERENV.dll
0x00007fff0d120000 - 0x00007fff0d12c000 	C:\WINDOWS\SYSTEM32\CRYPTBASE.dll
0x00007fff0cd30000 - 0x00007fff0cd6b000 	C:\WINDOWS\SYSTEM32\IPHLPAPI.DLL
0x00007fff0eec0000 - 0x00007fff0eec8000 	C:\WINDOWS\System32\NSI.dll
0x00007fff03b00000 - 0x00007fff03b17000 	C:\WINDOWS\SYSTEM32\dhcpcsvc6.DLL
0x00007fff04710000 - 0x00007fff0472d000 	C:\WINDOWS\SYSTEM32\dhcpcsvc.DLL
0x00007fff0cd70000 - 0x00007fff0ce3a000 	C:\WINDOWS\SYSTEM32\DNSAPI.dll

dbghelp: loaded successfully - version: 4.0.5 - missing functions: none
symbol engine: initialized successfully - sym options: 0x614 - pdb path: .;C:\Program Files\Android\Android Studio\jre\bin;C:\WINDOWS\SYSTEM32;C:\WINDOWS\WinSxS\amd64_microsoft.windows.common-controls_6595b64144ccf1df_6.0.19041.1110_none_60b5254171f9507e;C:\Program Files\Android\Android Studio\jre\bin\server;C:\Users\Pranay\.gradle\native\e1d6ef7f7dcc3fd88c89a11ec53ec762bb8ba0a96d01ffa2cd45eb1d1d8dd5c5\windows-amd64;C:\Users\Pranay\.gradle\native\5664cfc778a61ccfe75a443a1ab52a65af34e5dc3c78e0209fed803814484fcb\windows-amd64

VM Arguments:
jvm_args: --add-opens=java.base/java.util=ALL-UNNAMED --add-opens=java.base/java.lang=ALL-UNNAMED --add-opens=java.base/java.lang.invoke=ALL-UNNAMED --add-opens=java.base/java.util=ALL-UNNAMED --add-opens=java.prefs/java.util.prefs=ALL-UNNAMED --add-opens=java.prefs/java.util.prefs=ALL-UNNAMED --add-opens=java.base/java.nio.charset=ALL-UNNAMED --add-opens=java.base/java.net=ALL-UNNAMED --add-opens=java.base/java.util.concurrent.atomic=ALL-UNNAMED -Xmx2048m -Dfile.encoding=UTF-8 -Duser.country=IN -Duser.language=en -Duser.variant 
java_command: org.gradle.launcher.daemon.bootstrap.GradleDaemon 7.2
java_class_path (initial): C:\Users\Pranay\.gradle\wrapper\dists\gradle-7.2-bin\2dnblmf4td7x66yl1d74lt32g\gradle-7.2\lib\gradle-launcher-7.2.jar
Launcher Type: SUN_STANDARD

[Global flags]
     intx CICompilerCount                          = 4                                         {product} {ergonomic}
     uint ConcGCThreads                            = 2                                         {product} {ergonomic}
     uint G1ConcRefinementThreads                  = 8                                         {product} {ergonomic}
   size_t G1HeapRegionSize                         = 1048576                                   {product} {ergonomic}
    uintx GCDrainStackTargetSize                   = 64                                        {product} {ergonomic}
   size_t InitialHeapSize                          = 134217728                                 {product} {ergonomic}
   size_t MarkStackSize                            = 4194304                                   {product} {ergonomic}
   size_t MaxHeapSize                              = 2147483648                                {product} {command line}
   size_t MaxNewSize                               = 1287651328                                {product} {ergonomic}
   size_t MinHeapDeltaBytes                        = 1048576                                   {product} {ergonomic}
    uintx NonNMethodCodeHeapSize                   = 5836300                                {pd product} {ergonomic}
    uintx NonProfiledCodeHeapSize                  = 122910970                              {pd product} {ergonomic}
    uintx ProfiledCodeHeapSize                     = 122910970                              {pd product} {ergonomic}
    uintx ReservedCodeCacheSize                    = 251658240                              {pd product} {ergonomic}
     bool SegmentedCodeCache                       = true                                      {product} {ergonomic}
     bool UseCompressedClassPointers               = true                                 {lp64_product} {ergonomic}
     bool UseCompressedOops                        = true                                 {lp64_product} {ergonomic}
     bool UseG1GC                                  = true                                      {product} {ergonomic}
     bool UseLargePagesIndividualAllocation        = false                                  {pd product} {ergonomic}

Logging:
Log output configuration:
 #0: stdout all=warning uptime,level,tags
 #1: stderr all=off uptime,level,tags

Environment Variables:
PATH=C:\Program Files\Common Files\Oracle\Java\javapath;C:\WINDOWS\system32;C:\WINDOWS;C:\WINDOWS\System32\Wbem;C:\WINDOWS\System32\WindowsPowerShell\v1.0\;C:\WINDOWS\System32\OpenSSH\;C:\Program Files\Intel\WiFi\bin\;C:\Program Files\Common Files\Intel\WirelessCommon\;C:\Program Files (x86)\Intel\Intel(R) Management Engine Components\DAL;C:\Program Files\Intel\Intel(R) Management Engine Components\DAL;C:\Program Files\nodejs\;C:\Users\Pranay\AppData\Local\Microsoft\WindowsApps;C:\Users\Pranay\AppData\Local\Programs\Microsoft VS Code\bin;C:\Users\Pranay\AppData\Roaming\npm;C:\Users\Pranay\AppData\Local\Programs\Git\cmd
USERNAME=Pranay
OS=Windows_NT
PROCESSOR_IDENTIFIER=Intel64 Family 6 Model 142 Stepping 10, GenuineIntel



---------------  S Y S T E M  ---------------

OS: Windows 10 , 64 bit Build 19041 (10.0.19041.1566)
OS uptime: 1 days 22:40 hours

CPU:total 8 (initial active 8) (4 cores per cpu, 2 threads per core) family 6 model 142 stepping 10 microcode 0xea, cmov, cx8, fxsr, mmx, sse, sse2, sse3, ssse3, sse4.1, sse4.2, popcnt, avx, avx2, aes, clmul, erms, 3dnowpref, lzcnt, ht, tsc, tscinvbit, bmi1, bmi2, adx, fma

Memory: 4k page, system-wide physical 8087M (2849M free)
TotalPageFile size 16279M (AvailPageFile size 10732M)
current process WorkingSet (physical memory assigned to process): 156M, peak: 156M
current process commit charge ("private bytes"): 267M, peak: 269M

vm_info: OpenJDK 64-Bit Server VM (11.0.11+9-b60-7590822) for windows-amd64 JRE (11.0.11+9-b60-7590822), built on Jul 29 2021 21:43:44 by "builder" with MS VC++ 14.0 (VS2015)

END.
