#
# A fatal error has been detected by the Java Runtime Environment:
#
#  EXCEPTION_ACCESS_VIOLATION (0xc0000005) at pc=0x00007ffed213d2d4, pid=9316, tid=5436
#
# JRE version: OpenJDK Runtime Environment (11.0.11+9) (build 11.0.11+9-b60-7590822)
# Java VM: OpenJDK 64-Bit Server VM (11.0.11+9-b60-7590822, mixed mode, tiered, compressed oops, g1 gc, windows-amd64)
# Problematic frame:
# V  [jvm.dll+0x18d2d4]
#
# No core dump will be written. Minidumps are not enabled by default on client versions of Windows
#
# If you would like to submit a bug report, please visit:
#   https://bugreport.java.com/bugreport/crash.jsp
#

---------------  S U M M A R Y ------------

Command Line: --add-opens=java.base/java.util=ALL-UNNAMED --add-opens=java.base/java.lang=ALL-UNNAMED --add-opens=java.base/java.lang.invoke=ALL-UNNAMED --add-opens=java.base/java.util=ALL-UNNAMED --add-opens=java.prefs/java.util.prefs=ALL-UNNAMED --add-opens=java.prefs/java.util.prefs=ALL-UNNAMED --add-opens=java.base/java.nio.charset=ALL-UNNAMED --add-opens=java.base/java.net=ALL-UNNAMED --add-opens=java.base/java.util.concurrent.atomic=ALL-UNNAMED -Xmx2048m -Dfile.encoding=UTF-8 -Duser.country=IN -Duser.language=en -Duser.variant org.gradle.launcher.daemon.bootstrap.GradleDaemon 7.2

Host: Intel(R) Core(TM) i5-8250U CPU @ 1.60GHz, 8 cores, 7G,  Windows 10 , 64 bit Build 19041 (10.0.19041.1566)
Time: Sun Apr 10 12:46:59 2022 India Standard Time elapsed time: 7.492139 seconds (0d 0h 0m 7s)

---------------  T H R E A D  ---------------

Current thread (0x0000019e59508000):  GCTaskThread "GC Thread#4" [stack: 0x00000009b2900000,0x00000009b2a00000] [id=5436]

Stack: [0x00000009b2900000,0x00000009b2a00000],  sp=0x00000009b29ff158,  free space=1020k
Native frames: (J=compiled Java code, j=interpreted, Vv=VM code, C=native code)
V  [jvm.dll+0x18d2d4]


siginfo: EXCEPTION_ACCESS_VIOLATION (0xc0000005), reading address 0x0000000000000110


Register to memory mapping:

RIP=0x00007ffed213d2d4 jvm.dll
RAX=0x0 is NULL
RBX=0x0000000084a06b48 is pointing into object: org.codehaus.groovy.util.FastArray 
{0x0000000084a06b38} - klass: 'org/codehaus/groovy/util/FastArray'
RCX=0x0000000100047f08 is pointing into metadata
RDX=0x0000000085539078 is an oop: 
[error occurred during error reporting (printing register info), id 0xc0000005, EXCEPTION_ACCESS_VIOLATION (0xc0000005) at pc=0x00007ffed258f08d]

Registers:
RAX=0x0000000000000000, RBX=0x0000000084a06b48, RCX=0x0000000100047f08, RDX=0x0000000085539078
RSP=0x00000009b29ff158, RBP=0x0000000000000009, RSI=0x0000019e5a652730, RDI=0x0000019e5a652730
R8 =0x0000000000000005, R9 =0x0000000100047f08, R10=0x0000000085539078, R11=0x0000019e5a6528a0
R12=0x0000000000000000, R13=0x0000000000000001, R14=0x0000019e3c346290, R15=0x0000000085539078
RIP=0x00007ffed213d2d4, EFLAGS=0x0000000000010202

Top of Stack: (sp=0x00000009b29ff158)
0x00000009b29ff158:   00007ffed22b03bc 0000000084a06901
0x00000009b29ff168:   000000000000000d 0000019e5a652730
0x00000009b29ff178:   000000000000000d 0000019e3c346210
0x00000009b29ff188:   0000000081f23ff8 000000055a6528a0
0x00000009b29ff198:   0000000000000015 0000000000000001
0x00000009b29ff1a8:   0000019e5a652730 0000000000000040
0x00000009b29ff1b8:   0000019e3c346290 0000000000000000
0x00000009b29ff1c8:   0000019e5a652730 00000009b29ff401
0x00000009b29ff1d8:   00007ffed22820d2 0000019e5a652700
0x00000009b29ff1e8:   00007ffed2284f01 0000000000000080
0x00000009b29ff1f8:   0000000084a06b48 0000019e3c346210
0x00000009b29ff208:   00007ffed22ae91b 0000000000000d0b
0x00000009b29ff218:   0000000000000ce3 00000009b29ff401
0x00000009b29ff228:   00007ffed22bd666 0000000081f23df0
0x00000009b29ff238:   0000019e3c3b83c8 0000000000000000
0x00000009b29ff248:   00007ffed259c19f 00000009b29ff2f0 

Instructions: (pc=0x00007ffed213d2d4)
0x00007ffed213d1d4:   11 86 98 03 00 00 48 8b 5c 24 40 48 8b 74 24 48
0x00007ffed213d1e4:   48 83 c4 30 5f c3 48 8b 07 48 8d 54 24 20 48 8b
0x00007ffed213d1f4:   cf 66 0f 7f 44 24 20 ff 50 38 48 8b 5c 24 40 48
0x00007ffed213d204:   8b 74 24 48 48 83 c4 30 5f c3 cc cc 48 8b 49 38
0x00007ffed213d214:   48 8b 01 48 ff 60 28 cc cc cc cc cc 80 3d 51 f6
0x00007ffed213d224:   86 00 00 48 8b c1 74 1b 8b 51 08 8b 0d 63 6a 82
0x00007ffed213d234:   00 48 d3 e2 48 8b c8 48 03 15 4e 6a 82 00 e9 19
0x00007ffed213d244:   00 00 00 48 8b 51 08 48 8b c8 e9 0d 00 00 00 cc
0x00007ffed213d254:   cc cc cc cc cc cc cc cc cc cc cc cc 4c 8b ca 48
0x00007ffed213d264:   8b d1 45 8b 41 08 45 85 c0 7e 0e 41 f6 c0 01 75
0x00007ffed213d274:   59 41 c1 f8 03 41 8b c0 c3 79 4f 80 3d f2 f5 86
0x00007ffed213d284:   00 00 b8 0c 00 00 00 b9 10 00 00 00 0f 45 c8 8b
0x00007ffed213d294:   05 2b b4 80 00 ff c8 4c 63 c8 48 63 c1 41 8b c8
0x00007ffed213d2a4:   83 e1 3f 48 63 14 10 41 8b c0 48 c1 f8 10 0f b6
0x00007ffed213d2b4:   c0 48 d3 e2 49 8d 0c 11 49 f7 d1 48 03 c1 49 c1
0x00007ffed213d2c4:   e9 03 48 c1 e8 03 41 23 c1 c3 49 8b 01 49 8b c9
0x00007ffed213d2d4:   48 ff a0 10 01 00 00 cc cc cc cc cc 48 83 ec 38
0x00007ffed213d2e4:   0f 10 02 48 8b 49 38 48 8d 54 24 20 0f 29 44 24
0x00007ffed213d2f4:   20 e8 66 f0 ff ff 48 83 c4 38 c3 cc 48 89 5c 24
0x00007ffed213d304:   08 55 56 57 41 54 41 55 41 56 41 57 48 8d 6c 24
0x00007ffed213d314:   e0 48 81 ec 20 01 00 00 48 8b 05 1d ef 83 00 48
0x00007ffed213d324:   33 c4 48 89 45 10 48 8b 05 5f 60 86 00 45 33 ed
0x00007ffed213d334:   4c 8b b5 80 00 00 00 4c 8b fa 48 8b bd 88 00 00
0x00007ffed213d344:   00 4d 8b c6 49 8b d6 49 8b f1 48 8b 48 38 48 8b
0x00007ffed213d354:   59 48 49 8b cf c7 45 c0 ff ff ff ff 44 89 6d d4
0x00007ffed213d364:   4c 89 6d d8 44 88 6d e0 c7 45 e8 ff ff ff ff 44
0x00007ffed213d374:   89 6d fc 4c 89 6d 00 44 88 6d 08 e8 7c 15 f6 ff
0x00007ffed213d384:   41 b1 01 4c 8d 45 e8 41 8d 55 04 49 8b cf e8 b9
0x00007ffed213d394:   d1 f4 ff 48 8b 05 62 92 6e 00 4c 8d 25 ab 60 5c
0x00007ffed213d3a4:   00 48 89 44 24 30 4c 8d 44 24 70 0f b6 05 b9 f4
0x00007ffed213d3b4:   86 00 49 8b d6 f6 d8 48 89 74 24 20 4c 89 74 24
0x00007ffed213d3c4:   28 0f 10 44 24 20 1b c9 44 89 6c 24 3c 83 c1 03 


Stack slot to memory mapping:
stack at sp + 0 slots: 0x00007ffed22b03bc jvm.dll
stack at sp + 1 slots: 0x0000000084a06901 is pointing into object: org.codehaus.groovy.runtime.metaclass.MetaMethodIndex$Entry 
{0x0000000084a068d0} - klass: 'org/codehaus/groovy/runtime/metaclass/MetaMethodIndex$Entry'
stack at sp + 2 slots: 0x000000000000000d is an unknown value
stack at sp + 3 slots: 0x0000019e5a652730 points into unknown readable memory: 0x00007ffed27d71a8 | a8 71 7d d2 fe 7f 00 00
stack at sp + 4 slots: 0x000000000000000d is an unknown value
stack at sp + 5 slots: 0x0000019e3c346210 points into unknown readable memory: 0x0000000000000d0b | 0b 0d 00 00 00 00 00 00
stack at sp + 6 slots: 0x0000000081f23ff8 is an oop: java.lang.Object 
{0x0000000081f23ff8} - klass: 'java/lang/Object'
stack at sp + 7 slots: 0x000000055a6528a0 is an unknown value


---------------  P R O C E S S  ---------------

Threads class SMR info:
_java_thread_list=0x0000019e5d1b0d60, length=43, elements={
0x0000019e3c32f800, 0x0000019e567a1000, 0x0000019e567ac000, 0x0000019e57122800,
0x0000019e567be800, 0x0000019e567c0800, 0x0000019e567c5800, 0x0000019e567c6800,
0x0000019e567c9800, 0x0000019e57279800, 0x0000019e58732000, 0x0000019e57348000,
0x0000019e5756f000, 0x0000019e589a2800, 0x0000019e58633800, 0x0000019e59251800,
0x0000019e59de2800, 0x0000019e58ede000, 0x0000019e57fd3000, 0x0000019e599eb000,
0x0000019e599e9800, 0x0000019e599e6800, 0x0000019e599e8000, 0x0000019e59a4e800,
0x0000019e599ed000, 0x0000019e599e7000, 0x0000019e599ec000, 0x0000019e599ea800,
0x0000019e599e9000, 0x0000019e59c42000, 0x0000019e59c45800, 0x0000019e59c43800,
0x0000019e59c43000, 0x0000019e59c46000, 0x0000019e59c41000, 0x0000019e59c47000,
0x0000019e59c4a000, 0x0000019e59c44800, 0x0000019e59c4c000, 0x0000019e59c4b000,
0x0000019e59c48000, 0x0000019e5aff5800, 0x0000019e59c4e800
}

Java Threads: ( => current thread )
  0x0000019e3c32f800 JavaThread "main" [_thread_blocked, id=10656, stack(0x00000009b0b00000,0x00000009b0c00000)]
  0x0000019e567a1000 JavaThread "Reference Handler" daemon [_thread_blocked, id=1572, stack(0x00000009b1200000,0x00000009b1300000)]
  0x0000019e567ac000 JavaThread "Finalizer" daemon [_thread_blocked, id=10796, stack(0x00000009b1300000,0x00000009b1400000)]
  0x0000019e57122800 JavaThread "Signal Dispatcher" daemon [_thread_blocked, id=10712, stack(0x00000009b1400000,0x00000009b1500000)]
  0x0000019e567be800 JavaThread "Attach Listener" daemon [_thread_blocked, id=10808, stack(0x00000009b1500000,0x00000009b1600000)]
  0x0000019e567c0800 JavaThread "Service Thread" daemon [_thread_blocked, id=10044, stack(0x00000009b1600000,0x00000009b1700000)]
  0x0000019e567c5800 JavaThread "C2 CompilerThread0" daemon [_thread_blocked, id=5732, stack(0x00000009b1700000,0x00000009b1800000)]
  0x0000019e567c6800 JavaThread "C1 CompilerThread0" daemon [_thread_blocked, id=1920, stack(0x00000009b1800000,0x00000009b1900000)]
  0x0000019e567c9800 JavaThread "Sweeper thread" daemon [_thread_blocked, id=3984, stack(0x00000009b1900000,0x00000009b1a00000)]
  0x0000019e57279800 JavaThread "Common-Cleaner" daemon [_thread_blocked, id=8324, stack(0x00000009b1a00000,0x00000009b1b00000)]
  0x0000019e58732000 JavaThread "Daemon health stats" [_thread_blocked, id=4000, stack(0x00000009b2000000,0x00000009b2100000)]
  0x0000019e57348000 JavaThread "Incoming local TCP Connector on port 65488" [_thread_in_native, id=7060, stack(0x00000009b1c00000,0x00000009b1d00000)]
  0x0000019e5756f000 JavaThread "Daemon periodic checks" [_thread_blocked, id=6836, stack(0x00000009b1f00000,0x00000009b2000000)]
  0x0000019e589a2800 JavaThread "Daemon" [_thread_blocked, id=9968, stack(0x00000009b2100000,0x00000009b2200000)]
  0x0000019e58633800 JavaThread "Handler for socket connection from /127.0.0.1:65488 to /127.0.0.1:65489" [_thread_in_native, id=9104, stack(0x00000009b2200000,0x00000009b2300000)]
  0x0000019e59251800 JavaThread "Cancel handler" [_thread_blocked, id=7764, stack(0x00000009b2300000,0x00000009b2400000)]
  0x0000019e59de2800 JavaThread "Daemon worker" [_thread_blocked, id=148, stack(0x00000009b2400000,0x00000009b2500000)]
  0x0000019e58ede000 JavaThread "Asynchronous log dispatcher for DefaultDaemonConnection: socket connection from /127.0.0.1:65488 to /127.0.0.1:65489" [_thread_blocked, id=4072, stack(0x00000009b2500000,0x00000009b2600000)]
  0x0000019e57fd3000 JavaThread "Stdin handler" [_thread_blocked, id=10516, stack(0x00000009b2600000,0x00000009b2700000)]
  0x0000019e599eb000 JavaThread "Daemon client event forwarder" [_thread_blocked, id=8484, stack(0x00000009b2700000,0x00000009b2800000)]
  0x0000019e599e9800 JavaThread "Cache worker for journal cache (C:\Users\Pranay\.gradle\caches\journal-1)" [_thread_blocked, id=8412, stack(0x00000009b2d00000,0x00000009b2e00000)]
  0x0000019e599e6800 JavaThread "File lock request listener" [_thread_in_native, id=3160, stack(0x00000009b2e00000,0x00000009b2f00000)]
  0x0000019e599e8000 JavaThread "Cache worker for file hash cache (C:\Users\Pranay\.gradle\caches\7.2\fileHashes)" [_thread_blocked, id=6564, stack(0x00000009b3000000,0x00000009b3100000)]
  0x0000019e59a4e800 JavaThread "C2 CompilerThread1" daemon [_thread_blocked, id=11164, stack(0x00000009b3100000,0x00000009b3200000)]
  0x0000019e599ed000 JavaThread "Cache worker for file hash cache (C:\Users\Pranay\AndroidStudioProjects\MxPlayerProject\.gradle\7.2\fileHashes)" [_thread_blocked, id=8292, stack(0x00000009b3200000,0x00000009b3300000)]
  0x0000019e599e7000 JavaThread "File watcher server" daemon [_thread_in_native, id=7812, stack(0x00000009b3300000,0x00000009b3400000)]
  0x0000019e599ec000 JavaThread "File watcher consumer" daemon [_thread_blocked, id=3612, stack(0x00000009b3400000,0x00000009b3500000)]
  0x0000019e599ea800 JavaThread "jar transforms" [_thread_blocked, id=1936, stack(0x00000009b3500000,0x00000009b3600000)]
  0x0000019e599e9000 JavaThread "jar transforms Thread 2" [_thread_blocked, id=9976, stack(0x00000009b3600000,0x00000009b3700000)]
  0x0000019e59c42000 JavaThread "jar transforms Thread 3" [_thread_blocked, id=10020, stack(0x00000009b3700000,0x00000009b3800000)]
  0x0000019e59c45800 JavaThread "jar transforms Thread 4" [_thread_blocked, id=1520, stack(0x00000009b3800000,0x00000009b3900000)]
  0x0000019e59c43800 JavaThread "jar transforms Thread 5" [_thread_blocked, id=1584, stack(0x00000009b3900000,0x00000009b3a00000)]
  0x0000019e59c43000 JavaThread "jar transforms Thread 6" [_thread_blocked, id=2436, stack(0x00000009b3a00000,0x00000009b3b00000)]
  0x0000019e59c46000 JavaThread "jar transforms Thread 7" [_thread_blocked, id=8136, stack(0x00000009b3b00000,0x00000009b3c00000)]
  0x0000019e59c41000 JavaThread "jar transforms Thread 8" [_thread_blocked, id=3968, stack(0x00000009b3c00000,0x00000009b3d00000)]
  0x0000019e59c47000 JavaThread "Cache worker for checksums cache (C:\Users\Pranay\AndroidStudioProjects\MxPlayerProject\.gradle\checksums)" [_thread_blocked, id=8456, stack(0x00000009b3d00000,0x00000009b3e00000)]
  0x0000019e59c4a000 JavaThread "Cache worker for cache directory md-supplier (C:\Users\Pranay\.gradle\caches\7.2\md-supplier)" [_thread_blocked, id=8732, stack(0x00000009b3e00000,0x00000009b3f00000)]
  0x0000019e59c44800 JavaThread "Cache worker for cache directory md-rule (C:\Users\Pranay\.gradle\caches\7.2\md-rule)" [_thread_blocked, id=9620, stack(0x00000009b4000000,0x00000009b4100000)]
  0x0000019e59c4c000 JavaThread "Cache worker for execution history cache (C:\Users\Pranay\.gradle\caches\7.2\executionHistory)" [_thread_blocked, id=460, stack(0x00000009b4100000,0x00000009b4200000)]
  0x0000019e59c4b000 JavaThread "Cache worker for file content cache (C:\Users\Pranay\.gradle\caches\7.2\fileContent)" [_thread_blocked, id=5880, stack(0x00000009b4200000,0x00000009b4300000)]
  0x0000019e59c48000 JavaThread "Cache worker for dependencies-accessors (C:\Users\Pranay\AndroidStudioProjects\MxPlayerProject\.gradle\7.2\dependencies-accessors)" [_thread_blocked, id=1708, stack(0x00000009b3f00000,0x00000009b4000000)]
  0x0000019e5aff5800 JavaThread "C2 CompilerThread2" daemon [_thread_in_native, id=3224, stack(0x00000009b4300000,0x00000009b4400000)]
  0x0000019e59c4e800 JavaThread "Cache worker for Build Output Cleanup Cache (C:\Users\Pranay\AndroidStudioProjects\MxPlayerProject\.gradle\buildOutputCleanup)" [_thread_blocked, id=3604, stack(0x00000009b4400000,0x00000009b4500000)]

Other Threads:
  0x0000019e5679d000 VMThread "VM Thread" [stack: 0x00000009b1100000,0x00000009b1200000] [id=1200]
  0x0000019e57295000 WatcherThread [stack: 0x00000009b1b00000,0x00000009b1c00000] [id=4396]
  0x0000019e3c344000 GCTaskThread "GC Thread#0" [stack: 0x00000009b0c00000,0x00000009b0d00000] [id=9424]
  0x0000019e576ec800 GCTaskThread "GC Thread#1" [stack: 0x00000009b1d00000,0x00000009b1e00000] [id=5912]
  0x0000019e57df2000 GCTaskThread "GC Thread#2" [stack: 0x00000009b1e00000,0x00000009b1f00000] [id=4416]
  0x0000019e58b74000 GCTaskThread "GC Thread#3" [stack: 0x00000009b2800000,0x00000009b2900000] [id=11244]
=>0x0000019e59508000 GCTaskThread "GC Thread#4" [stack: 0x00000009b2900000,0x00000009b2a00000] [id=5436]
  0x0000019e59aa4000 GCTaskThread "GC Thread#5" [stack: 0x00000009b2a00000,0x00000009b2b00000] [id=7760]
  0x0000019e59880000 GCTaskThread "GC Thread#6" [stack: 0x00000009b2b00000,0x00000009b2c00000] [id=9568]
  0x0000019e58a1f800 GCTaskThread "GC Thread#7" [stack: 0x00000009b2c00000,0x00000009b2d00000] [id=10120]
  0x0000019e3c375000 ConcurrentGCThread "G1 Main Marker" [stack: 0x00000009b0d00000,0x00000009b0e00000] [id=1596]
  0x0000019e3c376800 ConcurrentGCThread "G1 Conc#0" [stack: 0x00000009b0e00000,0x00000009b0f00000] [id=5396]
  0x0000019e57fa9800 ConcurrentGCThread "G1 Conc#1" [stack: 0x00000009b2f00000,0x00000009b3000000] [id=10836]
  0x0000019e565f0800 ConcurrentGCThread "G1 Refine#0" [stack: 0x00000009b0f00000,0x00000009b1000000] [id=5212]
  0x0000019e565f1800 ConcurrentGCThread "G1 Young RemSet Sampling" [stack: 0x00000009b1000000,0x00000009b1100000] [id=11200]

Threads with active compile tasks:
C2 CompilerThread0   7518 5135       4       java.net.URLClassLoader$1::run (5 bytes)
C2 CompilerThread1   7518 5171       4       java.util.HashMap::computeIfAbsent (330 bytes)
C2 CompilerThread2   7518 5115   !   4       java.net.URLClassLoader$1::run (63 bytes)

VM state:at safepoint (normal execution)

VM Mutex/Monitor currently owned by a thread:  ([mutex/lock_event])
[0x0000019e3c32b600] Threads_lock - owner thread: 0x0000019e5679d000
[0x0000019e3c32a250] Heap_lock - owner thread: 0x0000019e59de2800

Heap address: 0x0000000080000000, size: 2048 MB, Compressed Oops mode: 32-bit
Narrow klass base: 0x0000000000000000, Narrow klass shift: 3
Compressed class space size: 1073741824 Address: 0x0000000100000000

Heap:
 garbage-first heap   total 157696K, used 120056K [0x0000000080000000, 0x0000000100000000)
  region size 1024K, 74 young (75776K), 10 survivors (10240K)
 Metaspace       used 54720K, capacity 56203K, committed 56468K, reserved 1097728K
  class space    used 7097K, capacity 7626K, committed 7756K, reserved 1048576K
Heap Regions: E=young(eden), S=young(survivor), O=old, HS=humongous(starts), HC=humongous(continues), CS=collection set, F=free, A=archive, TAMS=top-at-mark-start (previous, next)
|   0|0x0000000080000000, 0x0000000080100000, 0x0000000080100000|100%| O|  |TAMS 0x0000000080100000, 0x0000000080000000| Untracked 
|   1|0x0000000080100000, 0x0000000080200000, 0x0000000080200000|100%| O|  |TAMS 0x0000000080200000, 0x0000000080100000| Untracked 
|   2|0x0000000080200000, 0x0000000080300000, 0x0000000080300000|100%| O|  |TAMS 0x0000000080300000, 0x0000000080200000| Untracked 
|   3|0x0000000080300000, 0x0000000080400000, 0x0000000080400000|100%|HS|  |TAMS 0x0000000080400000, 0x0000000080300000| Complete 
|   4|0x0000000080400000, 0x0000000080500000, 0x0000000080500000|100%|HC|  |TAMS 0x0000000080500000, 0x0000000080400000| Complete 
|   5|0x0000000080500000, 0x0000000080600000, 0x0000000080600000|100%|HC|  |TAMS 0x0000000080600000, 0x0000000080500000| Complete 
|   6|0x0000000080600000, 0x0000000080700000, 0x0000000080700000|100%| O|  |TAMS 0x0000000080700000, 0x0000000080600000| Untracked 
|   7|0x0000000080700000, 0x0000000080800000, 0x0000000080800000|100%| O|  |TAMS 0x0000000080800000, 0x0000000080700000| Untracked 
|   8|0x0000000080800000, 0x0000000080900000, 0x0000000080900000|100%| O|  |TAMS 0x0000000080900000, 0x0000000080800000| Untracked 
|   9|0x0000000080900000, 0x0000000080a00000, 0x0000000080a00000|100%| O|  |TAMS 0x0000000080a00000, 0x0000000080900000| Untracked 
|  10|0x0000000080a00000, 0x0000000080b00000, 0x0000000080b00000|100%| O|  |TAMS 0x0000000080b00000, 0x0000000080a00000| Untracked 
|  11|0x0000000080b00000, 0x0000000080c00000, 0x0000000080c00000|100%| O|  |TAMS 0x0000000080c00000, 0x0000000080b00000| Untracked 
|  12|0x0000000080c00000, 0x0000000080d00000, 0x0000000080d00000|100%| O|  |TAMS 0x0000000080d00000, 0x0000000080c00000| Untracked 
|  13|0x0000000080d00000, 0x0000000080e00000, 0x0000000080e00000|100%| O|  |TAMS 0x0000000080e00000, 0x0000000080d00000| Untracked 
|  14|0x0000000080e00000, 0x0000000080f00000, 0x0000000080f00000|100%| O|  |TAMS 0x0000000080f00000, 0x0000000080e00000| Untracked 
|  15|0x0000000080f00000, 0x0000000081000000, 0x0000000081000000|100%| O|  |TAMS 0x0000000081000000, 0x0000000080f00000| Untracked 
|  16|0x0000000081000000, 0x0000000081100000, 0x0000000081100000|100%|HS|  |TAMS 0x0000000081100000, 0x0000000081000000| Complete 
|  17|0x0000000081100000, 0x0000000081200000, 0x0000000081200000|100%|HC|  |TAMS 0x0000000081200000, 0x0000000081100000| Complete 
|  18|0x0000000081200000, 0x0000000081300000, 0x0000000081300000|100%|HS|  |TAMS 0x0000000081300000, 0x0000000081200000| Complete 
|  19|0x0000000081300000, 0x0000000081400000, 0x0000000081400000|100%|HC|  |TAMS 0x0000000081400000, 0x0000000081300000| Complete 
|  20|0x0000000081400000, 0x0000000081500000, 0x0000000081500000|100%|HC|  |TAMS 0x0000000081500000, 0x0000000081400000| Complete 
|  21|0x0000000081500000, 0x0000000081600000, 0x0000000081600000|100%|HS|  |TAMS 0x0000000081600000, 0x0000000081500000| Complete 
|  22|0x0000000081600000, 0x0000000081700000, 0x0000000081700000|100%|HC|  |TAMS 0x0000000081700000, 0x0000000081600000| Complete 
|  23|0x0000000081700000, 0x0000000081800000, 0x0000000081800000|100%|HC|  |TAMS 0x0000000081800000, 0x0000000081700000| Complete 
|  24|0x0000000081800000, 0x0000000081900000, 0x0000000081900000|100%|HC|  |TAMS 0x0000000081900000, 0x0000000081800000| Complete 
|  25|0x0000000081900000, 0x0000000081a00000, 0x0000000081a00000|100%| O|  |TAMS 0x0000000081a00000, 0x0000000081900000| Untracked 
|  26|0x0000000081a00000, 0x0000000081b00000, 0x0000000081b00000|100%| O|  |TAMS 0x0000000081b00000, 0x0000000081a00000| Untracked 
|  27|0x0000000081b00000, 0x0000000081c00000, 0x0000000081c00000|100%| O|  |TAMS 0x0000000081c00000, 0x0000000081b00000| Untracked 
|  28|0x0000000081c00000, 0x0000000081d00000, 0x0000000081d00000|100%| O|  |TAMS 0x0000000081d00000, 0x0000000081c00000| Untracked 
|  29|0x0000000081d00000, 0x0000000081e00000, 0x0000000081e00000|100%| O|  |TAMS 0x0000000081e00000, 0x0000000081d00000| Untracked 
|  30|0x0000000081e00000, 0x0000000081f00000, 0x0000000081f00000|100%| O|  |TAMS 0x0000000081f00000, 0x0000000081e00000| Untracked 
|  31|0x0000000081f00000, 0x0000000082000000, 0x0000000082000000|100%| O|  |TAMS 0x0000000082000000, 0x0000000081f00000| Untracked 
|  32|0x0000000082000000, 0x0000000082100000, 0x0000000082100000|100%| O|  |TAMS 0x0000000082064a00, 0x0000000082000000| Untracked 
|  33|0x0000000082100000, 0x0000000082200000, 0x0000000082200000|100%|HS|  |TAMS 0x0000000082100000, 0x0000000082100000| Complete 
|  34|0x0000000082200000, 0x0000000082300000, 0x0000000082300000|100%|HC|  |TAMS 0x0000000082200000, 0x0000000082200000| Complete 
|  35|0x0000000082300000, 0x0000000082400000, 0x0000000082400000|100%|HC|  |TAMS 0x0000000082300000, 0x0000000082300000| Complete 
|  36|0x0000000082400000, 0x0000000082500000, 0x0000000082500000|100%| O|  |TAMS 0x0000000082400000, 0x0000000082400000| Untracked 
|  37|0x0000000082500000, 0x0000000082600000, 0x0000000082600000|100%| O|  |TAMS 0x0000000082500000, 0x0000000082500000| Untracked 
|  38|0x0000000082600000, 0x0000000082700000, 0x0000000082700000|100%| O|  |TAMS 0x0000000082600000, 0x0000000082600000| Untracked 
|  39|0x0000000082700000, 0x0000000082800000, 0x0000000082800000|100%| O|  |TAMS 0x0000000082700000, 0x0000000082700000| Untracked 
|  40|0x0000000082800000, 0x0000000082900000, 0x0000000082900000|100%| O|  |TAMS 0x0000000082800000, 0x0000000082800000| Untracked 
|  41|0x0000000082900000, 0x0000000082a00000, 0x0000000082a00000|100%| O|  |TAMS 0x0000000082900000, 0x0000000082900000| Untracked 
|  42|0x0000000082a00000, 0x0000000082b00000, 0x0000000082b00000|100%|HS|  |TAMS 0x0000000082a00000, 0x0000000082a00000| Complete 
|  43|0x0000000082b00000, 0x0000000082c00000, 0x0000000082c00000|100%|HC|  |TAMS 0x0000000082b00000, 0x0000000082b00000| Complete 
|  44|0x0000000082c00000, 0x0000000082d00000, 0x0000000082d00000|100%|HC|  |TAMS 0x0000000082c00000, 0x0000000082c00000| Complete 
|  45|0x0000000082d00000, 0x0000000082e00000, 0x0000000082e00000|100%|HC|  |TAMS 0x0000000082d00000, 0x0000000082d00000| Complete 
|  46|0x0000000082e00000, 0x0000000082f00000, 0x0000000082f00000|100%| O|  |TAMS 0x0000000082e00000, 0x0000000082e00000| Untracked 
|  47|0x0000000082f00000, 0x0000000083000000, 0x0000000083000000|100%| O|  |TAMS 0x0000000082f00000, 0x0000000082f00000| Untracked 
|  48|0x0000000083000000, 0x0000000083100000, 0x0000000083100000|100%| O|  |TAMS 0x0000000083000000, 0x0000000083000000| Untracked 
|  49|0x0000000083100000, 0x000000008310d5b0, 0x0000000083200000|  5%| O|  |TAMS 0x0000000083100000, 0x0000000083100000| Untracked 
|  50|0x0000000083200000, 0x0000000083200000, 0x0000000083300000|  0%| F|  |TAMS 0x0000000083200000, 0x0000000083200000| Untracked 
|  51|0x0000000083300000, 0x0000000083300000, 0x0000000083400000|  0%| F|  |TAMS 0x0000000083300000, 0x0000000083300000| Untracked 
|  52|0x0000000083400000, 0x0000000083400000, 0x0000000083500000|  0%| F|  |TAMS 0x0000000083400000, 0x0000000083400000| Untracked 
|  53|0x0000000083500000, 0x0000000083500000, 0x0000000083600000|  0%| F|  |TAMS 0x0000000083500000, 0x0000000083500000| Untracked 
|  54|0x0000000083600000, 0x0000000083600000, 0x0000000083700000|  0%| F|  |TAMS 0x0000000083600000, 0x0000000083600000| Untracked 
|  55|0x0000000083700000, 0x0000000083700000, 0x0000000083800000|  0%| F|  |TAMS 0x0000000083700000, 0x0000000083700000| Untracked 
|  56|0x0000000083800000, 0x0000000083800000, 0x0000000083900000|  0%| F|  |TAMS 0x0000000083800000, 0x0000000083800000| Untracked 
|  57|0x0000000083900000, 0x0000000083900000, 0x0000000083a00000|  0%| F|  |TAMS 0x0000000083900000, 0x0000000083900000| Untracked 
|  58|0x0000000083a00000, 0x0000000083a00000, 0x0000000083b00000|  0%| F|  |TAMS 0x0000000083a00000, 0x0000000083a00000| Untracked 
|  59|0x0000000083b00000, 0x0000000083b00000, 0x0000000083c00000|  0%| F|  |TAMS 0x0000000083b00000, 0x0000000083b00000| Untracked 
|  60|0x0000000083c00000, 0x0000000083c00000, 0x0000000083d00000|  0%| F|  |TAMS 0x0000000083c00000, 0x0000000083c00000| Untracked 
|  61|0x0000000083d00000, 0x0000000083d00000, 0x0000000083e00000|  0%| F|  |TAMS 0x0000000083d00000, 0x0000000083d00000| Untracked 
|  62|0x0000000083e00000, 0x0000000083e00000, 0x0000000083f00000|  0%| F|  |TAMS 0x0000000083e00000, 0x0000000083e00000| Untracked 
|  63|0x0000000083f00000, 0x0000000083f00000, 0x0000000084000000|  0%| F|  |TAMS 0x0000000083f00000, 0x0000000083f00000| Untracked 
|  64|0x0000000084000000, 0x0000000084000000, 0x0000000084100000|  0%| F|  |TAMS 0x0000000084000000, 0x0000000084000000| Untracked 
|  65|0x0000000084100000, 0x0000000084100000, 0x0000000084200000|  0%| F|  |TAMS 0x0000000084100000, 0x0000000084100000| Untracked 
|  66|0x0000000084200000, 0x0000000084200000, 0x0000000084300000|  0%| F|  |TAMS 0x0000000084200000, 0x0000000084200000| Untracked 
|  67|0x0000000084300000, 0x0000000084300000, 0x0000000084400000|  0%| F|  |TAMS 0x0000000084300000, 0x0000000084300000| Untracked 
|  68|0x0000000084400000, 0x0000000084400000, 0x0000000084500000|  0%| F|  |TAMS 0x0000000084400000, 0x0000000084400000| Untracked 
|  69|0x0000000084500000, 0x0000000084500000, 0x0000000084600000|  0%| F|  |TAMS 0x0000000084500000, 0x0000000084500000| Untracked 
|  70|0x0000000084600000, 0x0000000084600000, 0x0000000084700000|  0%| F|  |TAMS 0x0000000084600000, 0x0000000084600000| Untracked 
|  71|0x0000000084700000, 0x0000000084749160, 0x0000000084800000| 28%| S|  |TAMS 0x0000000084700000, 0x0000000084700000| Complete 
|  72|0x0000000084800000, 0x0000000084900000, 0x0000000084900000|100%| S|  |TAMS 0x0000000084800000, 0x0000000084800000| Complete 
|  73|0x0000000084900000, 0x0000000084a00000, 0x0000000084a00000|100%| S|  |TAMS 0x0000000084900000, 0x0000000084900000| Complete 
|  74|0x0000000084a00000, 0x0000000084b00000, 0x0000000084b00000|100%| S|  |TAMS 0x0000000084a00000, 0x0000000084a00000| Complete 
|  75|0x0000000084b00000, 0x0000000084c00000, 0x0000000084c00000|100%| S|  |TAMS 0x0000000084b00000, 0x0000000084b00000| Complete 
|  76|0x0000000084c00000, 0x0000000084d00000, 0x0000000084d00000|100%| S|  |TAMS 0x0000000084c00000, 0x0000000084c00000| Complete 
|  77|0x0000000084d00000, 0x0000000084e00000, 0x0000000084e00000|100%| S|  |TAMS 0x0000000084d00000, 0x0000000084d00000| Complete 
|  78|0x0000000084e00000, 0x0000000084f00000, 0x0000000084f00000|100%| S|  |TAMS 0x0000000084e00000, 0x0000000084e00000| Complete 
|  79|0x0000000084f00000, 0x0000000085000000, 0x0000000085000000|100%| S|  |TAMS 0x0000000084f00000, 0x0000000084f00000| Complete 
|  80|0x0000000085000000, 0x0000000085100000, 0x0000000085100000|100%| S|  |TAMS 0x0000000085000000, 0x0000000085000000| Complete 
|  81|0x0000000085100000, 0x000000008514e7a0, 0x0000000085200000| 30%| E|CS|TAMS 0x0000000085100000, 0x0000000085100000| Complete 
|  82|0x0000000085200000, 0x0000000085300000, 0x0000000085300000|100%| E|CS|TAMS 0x0000000085200000, 0x0000000085200000| Complete 
|  83|0x0000000085300000, 0x0000000085400000, 0x0000000085400000|100%| E|CS|TAMS 0x0000000085300000, 0x0000000085300000| Complete 
|  84|0x0000000085400000, 0x0000000085500000, 0x0000000085500000|100%| E|CS|TAMS 0x0000000085400000, 0x0000000085400000| Complete 
|  85|0x0000000085500000, 0x0000000085600000, 0x0000000085600000|100%| E|CS|TAMS 0x0000000085500000, 0x0000000085500000| Complete 
|  86|0x0000000085600000, 0x0000000085700000, 0x0000000085700000|100%| E|CS|TAMS 0x0000000085600000, 0x0000000085600000| Complete 
|  87|0x0000000085700000, 0x0000000085800000, 0x0000000085800000|100%| E|CS|TAMS 0x0000000085700000, 0x0000000085700000| Complete 
|  88|0x0000000085800000, 0x0000000085900000, 0x0000000085900000|100%| E|CS|TAMS 0x0000000085800000, 0x0000000085800000| Complete 
|  89|0x0000000085900000, 0x0000000085a00000, 0x0000000085a00000|100%| E|CS|TAMS 0x0000000085900000, 0x0000000085900000| Complete 
|  90|0x0000000085a00000, 0x0000000085b00000, 0x0000000085b00000|100%| E|CS|TAMS 0x0000000085a00000, 0x0000000085a00000| Complete 
|  91|0x0000000085b00000, 0x0000000085c00000, 0x0000000085c00000|100%| E|CS|TAMS 0x0000000085b00000, 0x0000000085b00000| Complete 
|  92|0x0000000085c00000, 0x0000000085d00000, 0x0000000085d00000|100%| E|CS|TAMS 0x0000000085c00000, 0x0000000085c00000| Complete 
|  93|0x0000000085d00000, 0x0000000085e00000, 0x0000000085e00000|100%| E|CS|TAMS 0x0000000085d00000, 0x0000000085d00000| Complete 
|  94|0x0000000085e00000, 0x0000000085f00000, 0x0000000085f00000|100%| E|CS|TAMS 0x0000000085e00000, 0x0000000085e00000| Complete 
|  95|0x0000000085f00000, 0x0000000086000000, 0x0000000086000000|100%| E|CS|TAMS 0x0000000085f00000, 0x0000000085f00000| Complete 
|  96|0x0000000086000000, 0x0000000086100000, 0x0000000086100000|100%| E|CS|TAMS 0x0000000086000000, 0x0000000086000000| Complete 
|  97|0x0000000086100000, 0x0000000086200000, 0x0000000086200000|100%| E|CS|TAMS 0x0000000086100000, 0x0000000086100000| Complete 
|  98|0x0000000086200000, 0x0000000086300000, 0x0000000086300000|100%| E|CS|TAMS 0x0000000086200000, 0x0000000086200000| Complete 
|  99|0x0000000086300000, 0x0000000086400000, 0x0000000086400000|100%| E|CS|TAMS 0x0000000086300000, 0x0000000086300000| Complete 
| 100|0x0000000086400000, 0x0000000086500000, 0x0000000086500000|100%| E|CS|TAMS 0x0000000086400000, 0x0000000086400000| Complete 
| 101|0x0000000086500000, 0x0000000086600000, 0x0000000086600000|100%| E|CS|TAMS 0x0000000086500000, 0x0000000086500000| Complete 
| 102|0x0000000086600000, 0x0000000086700000, 0x0000000086700000|100%| E|CS|TAMS 0x0000000086600000, 0x0000000086600000| Complete 
| 103|0x0000000086700000, 0x0000000086800000, 0x0000000086800000|100%| E|CS|TAMS 0x0000000086700000, 0x0000000086700000| Complete 
| 104|0x0000000086800000, 0x0000000086900000, 0x0000000086900000|100%| E|CS|TAMS 0x0000000086800000, 0x0000000086800000| Complete 
| 105|0x0000000086900000, 0x0000000086a00000, 0x0000000086a00000|100%| E|CS|TAMS 0x0000000086900000, 0x0000000086900000| Complete 
| 106|0x0000000086a00000, 0x0000000086b00000, 0x0000000086b00000|100%| E|CS|TAMS 0x0000000086a00000, 0x0000000086a00000| Complete 
| 107|0x0000000086b00000, 0x0000000086c00000, 0x0000000086c00000|100%| E|CS|TAMS 0x0000000086b00000, 0x0000000086b00000| Complete 
| 108|0x0000000086c00000, 0x0000000086d00000, 0x0000000086d00000|100%| E|CS|TAMS 0x0000000086c00000, 0x0000000086c00000| Complete 
| 109|0x0000000086d00000, 0x0000000086e00000, 0x0000000086e00000|100%| E|CS|TAMS 0x0000000086d00000, 0x0000000086d00000| Complete 
| 110|0x0000000086e00000, 0x0000000086f00000, 0x0000000086f00000|100%| E|CS|TAMS 0x0000000086e00000, 0x0000000086e00000| Complete 
| 111|0x0000000086f00000, 0x0000000087000000, 0x0000000087000000|100%| E|CS|TAMS 0x0000000086f00000, 0x0000000086f00000| Complete 
| 112|0x0000000087000000, 0x0000000087100000, 0x0000000087100000|100%| E|CS|TAMS 0x0000000087000000, 0x0000000087000000| Complete 
| 113|0x0000000087100000, 0x0000000087200000, 0x0000000087200000|100%| E|CS|TAMS 0x0000000087100000, 0x0000000087100000| Complete 
| 114|0x0000000087200000, 0x0000000087300000, 0x0000000087300000|100%| E|CS|TAMS 0x0000000087200000, 0x0000000087200000| Complete 
| 115|0x0000000087300000, 0x0000000087400000, 0x0000000087400000|100%| E|CS|TAMS 0x0000000087300000, 0x0000000087300000| Complete 
| 116|0x0000000087400000, 0x0000000087500000, 0x0000000087500000|100%| E|CS|TAMS 0x0000000087400000, 0x0000000087400000| Complete 
| 117|0x0000000087500000, 0x0000000087600000, 0x0000000087600000|100%| E|CS|TAMS 0x0000000087500000, 0x0000000087500000| Complete 
| 118|0x0000000087600000, 0x0000000087700000, 0x0000000087700000|100%| E|CS|TAMS 0x0000000087600000, 0x0000000087600000| Complete 
| 119|0x0000000087700000, 0x0000000087800000, 0x0000000087800000|100%| E|CS|TAMS 0x0000000087700000, 0x0000000087700000| Complete 
| 120|0x0000000087800000, 0x0000000087900000, 0x0000000087900000|100%| E|CS|TAMS 0x0000000087800000, 0x0000000087800000| Complete 
| 121|0x0000000087900000, 0x0000000087a00000, 0x0000000087a00000|100%| E|CS|TAMS 0x0000000087900000, 0x0000000087900000| Complete 
| 122|0x0000000087a00000, 0x0000000087b00000, 0x0000000087b00000|100%| E|CS|TAMS 0x0000000087a00000, 0x0000000087a00000| Complete 
| 123|0x0000000087b00000, 0x0000000087c00000, 0x0000000087c00000|100%| E|CS|TAMS 0x0000000087b00000, 0x0000000087b00000| Complete 
| 124|0x0000000087c00000, 0x0000000087d00000, 0x0000000087d00000|100%| E|CS|TAMS 0x0000000087c00000, 0x0000000087c00000| Complete 
| 125|0x0000000087d00000, 0x0000000087e00000, 0x0000000087e00000|100%| E|CS|TAMS 0x0000000087d00000, 0x0000000087d00000| Complete 
| 126|0x0000000087e00000, 0x0000000087f00000, 0x0000000087f00000|100%| E|CS|TAMS 0x0000000087e00000, 0x0000000087e00000| Complete 
| 127|0x0000000087f00000, 0x0000000088000000, 0x0000000088000000|100%| E|CS|TAMS 0x0000000087f00000, 0x0000000087f00000| Complete 
| 128|0x0000000088000000, 0x0000000088100000, 0x0000000088100000|100%| E|CS|TAMS 0x0000000088000000, 0x0000000088000000| Complete 
| 129|0x0000000088100000, 0x0000000088200000, 0x0000000088200000|100%| E|CS|TAMS 0x0000000088100000, 0x0000000088100000| Complete 
| 130|0x0000000088200000, 0x0000000088300000, 0x0000000088300000|100%| E|CS|TAMS 0x0000000088200000, 0x0000000088200000| Complete 
| 131|0x0000000088300000, 0x0000000088400000, 0x0000000088400000|100%| E|CS|TAMS 0x0000000088300000, 0x0000000088300000| Complete 
| 132|0x0000000088400000, 0x0000000088500000, 0x0000000088500000|100%| E|CS|TAMS 0x0000000088400000, 0x0000000088400000| Complete 
| 133|0x0000000088500000, 0x0000000088600000, 0x0000000088600000|100%| E|CS|TAMS 0x0000000088500000, 0x0000000088500000| Complete 
| 134|0x0000000088600000, 0x0000000088700000, 0x0000000088700000|100%| E|CS|TAMS 0x0000000088600000, 0x0000000088600000| Complete 
| 135|0x0000000088700000, 0x0000000088800000, 0x0000000088800000|100%| E|CS|TAMS 0x0000000088700000, 0x0000000088700000| Complete 
| 136|0x0000000088800000, 0x0000000088900000, 0x0000000088900000|100%| E|CS|TAMS 0x0000000088800000, 0x0000000088800000| Complete 
| 137|0x0000000088900000, 0x0000000088a00000, 0x0000000088a00000|100%| E|CS|TAMS 0x0000000088900000, 0x0000000088900000| Complete 
| 138|0x0000000088a00000, 0x0000000088b00000, 0x0000000088b00000|100%| E|CS|TAMS 0x0000000088a00000, 0x0000000088a00000| Complete 
| 139|0x0000000088b00000, 0x0000000088c00000, 0x0000000088c00000|100%| E|CS|TAMS 0x0000000088b00000, 0x0000000088b00000| Complete 
| 140|0x0000000088c00000, 0x0000000088d00000, 0x0000000088d00000|100%| E|CS|TAMS 0x0000000088c00000, 0x0000000088c00000| Complete 
| 141|0x0000000088d00000, 0x0000000088e00000, 0x0000000088e00000|100%| E|CS|TAMS 0x0000000088d00000, 0x0000000088d00000| Complete 
| 142|0x0000000088e00000, 0x0000000088f00000, 0x0000000088f00000|100%| E|CS|TAMS 0x0000000088e00000, 0x0000000088e00000| Complete 
| 143|0x0000000088f00000, 0x0000000089000000, 0x0000000089000000|100%| E|CS|TAMS 0x0000000088f00000, 0x0000000088f00000| Complete 
| 144|0x0000000089000000, 0x0000000089100000, 0x0000000089100000|100%| E|CS|TAMS 0x0000000089000000, 0x0000000089000000| Complete 
| 145|0x0000000089100000, 0x0000000089200000, 0x0000000089200000|100%| E|CS|TAMS 0x0000000089100000, 0x0000000089100000| Complete 
| 146|0x0000000089200000, 0x0000000089300000, 0x0000000089300000|100%| E|CS|TAMS 0x0000000089200000, 0x0000000089200000| Complete 
| 147|0x0000000089300000, 0x0000000089400000, 0x0000000089400000|100%| E|CS|TAMS 0x0000000089300000, 0x0000000089300000| Complete 
| 148|0x0000000089400000, 0x0000000089500000, 0x0000000089500000|100%| E|CS|TAMS 0x0000000089400000, 0x0000000089400000| Complete 
| 149|0x0000000089500000, 0x0000000089600000, 0x0000000089600000|100%| E|CS|TAMS 0x0000000089500000, 0x0000000089500000| Complete 
| 150|0x0000000089600000, 0x0000000089700000, 0x0000000089700000|100%| E|CS|TAMS 0x0000000089600000, 0x0000000089600000| Complete 
| 151|0x0000000089700000, 0x0000000089800000, 0x0000000089800000|100%| E|CS|TAMS 0x0000000089700000, 0x0000000089700000| Complete 
| 152|0x0000000089800000, 0x0000000089900000, 0x0000000089900000|100%| E|CS|TAMS 0x0000000089800000, 0x0000000089800000| Complete 
| 153|0x0000000089900000, 0x0000000089a00000, 0x0000000089a00000|100%| E|CS|TAMS 0x0000000089900000, 0x0000000089900000| Complete 

Card table byte_map: [0x0000019e4f560000,0x0000019e4f960000] _byte_map_base: 0x0000019e4f160000

Marking Bits (Prev, Next): (CMBitMap*) 0x0000019e3c36c480, (CMBitMap*) 0x0000019e3c36c448
 Prev Bits: [0x0000019e51d60000, 0x0000019e53d60000)
 Next Bits: [0x0000019e4fd60000, 0x0000019e51d60000)

Polling page: 0x0000019e3bb10000

Metaspace:

Usage:
  Non-class:     47.44 MB capacity,    46.51 MB ( 98%) used,   809.20 KB (  2%) free+waste,   144.81 KB ( <1%) overhead. 
      Class:      7.45 MB capacity,     6.93 MB ( 93%) used,   457.94 KB (  6%) free+waste,    70.13 KB ( <1%) overhead. 
       Both:     54.89 MB capacity,    53.44 MB ( 97%) used,     1.24 MB (  2%) free+waste,   214.94 KB ( <1%) overhead. 

Virtual space:
  Non-class space:       48.00 MB reserved,      47.57 MB (>99%) committed 
      Class space:        1.00 GB reserved,       7.57 MB ( <1%) committed 
             Both:        1.05 GB reserved,      55.14 MB (  5%) committed 

Chunk freelists:
   Non-Class:  7.00 KB
       Class:  22.00 KB
        Both:  29.00 KB

MaxMetaspaceSize: 17179869184.00 GB
CompressedClassSpaceSize: 1.00 GB

CodeHeap 'non-profiled nmethods': size=120000Kb used=3077Kb max_used=3077Kb free=116922Kb
 bounds [0x0000019e47900000, 0x0000019e47c10000, 0x0000019e4ee30000]
CodeHeap 'profiled nmethods': size=120000Kb used=11194Kb max_used=11194Kb free=108805Kb
 bounds [0x0000019e403d0000, 0x0000019e40ec0000, 0x0000019e47900000]
CodeHeap 'non-nmethods': size=5760Kb used=2232Kb max_used=2266Kb free=3527Kb
 bounds [0x0000019e3fe30000, 0x0000019e400a0000, 0x0000019e403d0000]
 total_blobs=6057 nmethods=5246 adapters=722
 compilation: enabled
              stopped_count=0, restarted_count=0
 full_count=0

Compilation events (20 events):
Event: 7.427 Thread 0x0000019e567c6800 5273       3       java.io.DataInputStream::<init> (30 bytes)
Event: 7.427 Thread 0x0000019e567c6800 nmethod 5273 0x0000019e40ebbf10 code [0x0000019e40ebc0e0, 0x0000019e40ebc638]
Event: 7.427 Thread 0x0000019e567c6800 5276       1       org.gradle.api.internal.artifacts.ivyservice.modulecache.ModuleComponentAtRepositoryKey::getRepositoryId (5 bytes)
Event: 7.427 Thread 0x0000019e567c6800 nmethod 5276 0x0000019e47c00890 code [0x0000019e47c00a40, 0x0000019e47c00af8]
Event: 7.427 Thread 0x0000019e567c6800 5277       1       org.gradle.api.internal.artifacts.ivyservice.modulecache.ModuleComponentAtRepositoryKey::getComponentId (5 bytes)
Event: 7.427 Thread 0x0000019e567c6800 nmethod 5277 0x0000019e47c00b90 code [0x0000019e47c00d40, 0x0000019e47c00df8]
Event: 7.427 Thread 0x0000019e567c6800 5278       3       org.gradle.internal.component.external.model.DefaultModuleComponentSelector::assertModuleIdentifier (51 bytes)
Event: 7.428 Thread 0x0000019e567c6800 nmethod 5278 0x0000019e40ebc790 code [0x0000019e40ebc940, 0x0000019e40ebca38]
Event: 7.428 Thread 0x0000019e567c6800 5279       3       org.gradle.api.internal.artifacts.dependencies.DefaultImmutableVersionConstraint::of (50 bytes)
Event: 7.428 Thread 0x0000019e567c6800 nmethod 5279 0x0000019e40ebcb10 code [0x0000019e40ebcd40, 0x0000019e40ebd4f8]
Event: 7.428 Thread 0x0000019e567c6800 5280       3       org.gradle.internal.component.external.model.DefaultModuleComponentSelector::<init> (120 bytes)
Event: 7.428 Thread 0x0000019e567c6800 nmethod 5280 0x0000019e40ebd690 code [0x0000019e40ebd860, 0x0000019e40ebdba8]
Event: 7.428 Thread 0x0000019e567c6800 5281       3       org.gradle.internal.component.external.model.DefaultModuleComponentSelector::computeHashcode (46 bytes)
Event: 7.429 Thread 0x0000019e567c6800 nmethod 5281 0x0000019e40ebdc90 code [0x0000019e40ebde80, 0x0000019e40ebe2b8]
Event: 7.429 Thread 0x0000019e567c6800 5283   !   3       com.esotericsoftware.kryo.io.Output::flush (57 bytes)
Event: 7.429 Thread 0x0000019e567c6800 nmethod 5283 0x0000019e40ebe490 code [0x0000019e40ebe660, 0x0000019e40ebe998]
Event: 7.429 Thread 0x0000019e567c6800 5275       1       org.gradle.api.internal.artifacts.DefaultModuleVersionIdentifier::getModule (5 bytes)
Event: 7.429 Thread 0x0000019e567c6800 nmethod 5275 0x0000019e47c00e90 code [0x0000019e47c01040, 0x0000019e47c010f8]
Event: 7.429 Thread 0x0000019e567c6800 5282       1       org.gradle.api.internal.artifacts.DefaultModuleVersionIdentifier::getVersion (5 bytes)
Event: 7.429 Thread 0x0000019e567c6800 nmethod 5282 0x0000019e47c01190 code [0x0000019e47c01340, 0x0000019e47c013f8]

GC Heap History (19 events):
Event: 0.612 GC heap before
{Heap before GC invocations=0 (full 0):
 garbage-first heap   total 131072K, used 29696K [0x0000000080000000, 0x0000000100000000)
  region size 1024K, 24 young (24576K), 0 survivors (0K)
 Metaspace       used 10219K, capacity 10431K, committed 10624K, reserved 1058816K
  class space    used 1072K, capacity 1141K, committed 1152K, reserved 1048576K
}
Event: 0.617 GC heap after
{Heap after GC invocations=1 (full 0):
 garbage-first heap   total 131072K, used 9128K [0x0000000080000000, 0x0000000100000000)
  region size 1024K, 3 young (3072K), 3 survivors (3072K)
 Metaspace       used 10219K, capacity 10431K, committed 10624K, reserved 1058816K
  class space    used 1072K, capacity 1141K, committed 1152K, reserved 1048576K
}
Event: 2.022 GC heap before
{Heap before GC invocations=1 (full 0):
 garbage-first heap   total 131072K, used 83880K [0x0000000080000000, 0x0000000100000000)
  region size 1024K, 76 young (77824K), 3 survivors (3072K)
 Metaspace       used 17949K, capacity 18429K, committed 18688K, reserved 1064960K
  class space    used 2127K, capacity 2268K, committed 2304K, reserved 1048576K
}
Event: 2.028 GC heap after
{Heap after GC invocations=2 (full 0):
 garbage-first heap   total 131072K, used 16330K [0x0000000080000000, 0x0000000100000000)
  region size 1024K, 10 young (10240K), 10 survivors (10240K)
 Metaspace       used 17949K, capacity 18429K, committed 18688K, reserved 1064960K
  class space    used 2127K, capacity 2268K, committed 2304K, reserved 1048576K
}
Event: 2.223 GC heap before
{Heap before GC invocations=2 (full 0):
 garbage-first heap   total 131072K, used 37834K [0x0000000080000000, 0x0000000100000000)
  region size 1024K, 33 young (33792K), 10 survivors (10240K)
 Metaspace       used 20658K, capacity 21122K, committed 21296K, reserved 1069056K
  class space    used 2531K, capacity 2676K, committed 2688K, reserved 1048576K
}
Event: 2.230 GC heap after
{Heap after GC invocations=3 (full 0):
 garbage-first heap   total 131072K, used 17334K [0x0000000080000000, 0x0000000100000000)
  region size 1024K, 2 young (2048K), 2 survivors (2048K)
 Metaspace       used 20658K, capacity 21122K, committed 21296K, reserved 1069056K
  class space    used 2531K, capacity 2676K, committed 2688K, reserved 1048576K
}
Event: 2.744 GC heap before
{Heap before GC invocations=4 (full 0):
 garbage-first heap   total 131072K, used 65462K [0x0000000080000000, 0x0000000100000000)
  region size 1024K, 50 young (51200K), 2 survivors (2048K)
 Metaspace       used 25779K, capacity 26409K, committed 26544K, reserved 1073152K
  class space    used 3347K, capacity 3550K, committed 3584K, reserved 1048576K
}
Event: 2.747 GC heap after
{Heap after GC invocations=5 (full 0):
 garbage-first heap   total 131072K, used 19039K [0x0000000080000000, 0x0000000100000000)
  region size 1024K, 3 young (3072K), 3 survivors (3072K)
 Metaspace       used 25779K, capacity 26409K, committed 26544K, reserved 1073152K
  class space    used 3347K, capacity 3550K, committed 3584K, reserved 1048576K
}
Event: 3.467 GC heap before
{Heap before GC invocations=5 (full 0):
 garbage-first heap   total 131072K, used 85599K [0x0000000080000000, 0x0000000100000000)
  region size 1024K, 59 young (60416K), 3 survivors (3072K)
 Metaspace       used 30855K, capacity 31663K, committed 31792K, reserved 1077248K
  class space    used 4156K, capacity 4472K, committed 4480K, reserved 1048576K
}
Event: 3.472 GC heap after
{Heap after GC invocations=6 (full 0):
 garbage-first heap   total 131072K, used 32939K [0x0000000080000000, 0x0000000100000000)
  region size 1024K, 8 young (8192K), 8 survivors (8192K)
 Metaspace       used 30855K, capacity 31663K, committed 31792K, reserved 1077248K
  class space    used 4156K, capacity 4472K, committed 4480K, reserved 1048576K
}
Event: 3.809 GC heap before
{Heap before GC invocations=6 (full 0):
 garbage-first heap   total 131072K, used 49323K [0x0000000080000000, 0x0000000100000000)
  region size 1024K, 25 young (25600K), 8 survivors (8192K)
 Metaspace       used 34578K, capacity 35508K, committed 35632K, reserved 1079296K
  class space    used 4551K, capacity 4923K, committed 4992K, reserved 1048576K
}
Event: 3.820 GC heap after
{Heap after GC invocations=7 (full 0):
 garbage-first heap   total 131072K, used 35320K [0x0000000080000000, 0x0000000100000000)
  region size 1024K, 3 young (3072K), 3 survivors (3072K)
 Metaspace       used 34578K, capacity 35508K, committed 35632K, reserved 1079296K
  class space    used 4551K, capacity 4923K, committed 4992K, reserved 1048576K
}
Event: 4.722 GC heap before
{Heap before GC invocations=8 (full 0):
 garbage-first heap   total 131072K, used 89592K [0x0000000080000000, 0x0000000100000000)
  region size 1024K, 54 young (55296K), 3 survivors (3072K)
 Metaspace       used 40689K, capacity 41797K, committed 42004K, reserved 1085440K
  class space    used 5190K, capacity 5564K, committed 5580K, reserved 1048576K
}
Event: 4.729 GC heap after
{Heap after GC invocations=9 (full 0):
 garbage-first heap   total 131072K, used 39785K [0x0000000080000000, 0x0000000100000000)
  region size 1024K, 7 young (7168K), 7 survivors (7168K)
 Metaspace       used 40689K, capacity 41797K, committed 42004K, reserved 1085440K
  class space    used 5190K, capacity 5564K, committed 5580K, reserved 1048576K
}
Event: 5.370 GC heap before
{Heap before GC invocations=10 (full 0):
 garbage-first heap   total 131072K, used 96105K [0x0000000080000000, 0x0000000100000000)
  region size 1024K, 58 young (59392K), 7 survivors (7168K)
 Metaspace       used 44864K, capacity 46176K, committed 46484K, reserved 1089536K
  class space    used 5653K, capacity 6098K, committed 6220K, reserved 1048576K
}
Event: 5.380 GC heap after
{Heap after GC invocations=11 (full 0):
 garbage-first heap   total 157696K, used 46469K [0x0000000080000000, 0x0000000100000000)
  region size 1024K, 5 young (5120K), 5 survivors (5120K)
 Metaspace       used 44864K, capacity 46176K, committed 46484K, reserved 1089536K
  class space    used 5653K, capacity 6098K, committed 6220K, reserved 1048576K
}
Event: 6.443 GC heap before
{Heap before GC invocations=11 (full 0):
 garbage-first heap   total 157696K, used 112005K [0x0000000080000000, 0x0000000100000000)
  region size 1024K, 69 young (70656K), 5 survivors (5120K)
 Metaspace       used 50651K, capacity 51985K, committed 52116K, reserved 1095680K
  class space    used 6460K, capacity 6923K, committed 6988K, reserved 1048576K
}
Event: 6.463 GC heap after
{Heap after GC invocations=12 (full 0):
 garbage-first heap   total 157696K, used 50424K [0x0000000080000000, 0x0000000100000000)
  region size 1024K, 9 young (9216K), 9 survivors (9216K)
 Metaspace       used 50651K, capacity 51985K, committed 52116K, reserved 1095680K
  class space    used 6460K, capacity 6923K, committed 6988K, reserved 1048576K
}
Event: 7.431 GC heap before
{Heap before GC invocations=12 (full 0):
 garbage-first heap   total 157696K, used 120056K [0x0000000080000000, 0x0000000100000000)
  region size 1024K, 73 young (74752K), 9 survivors (9216K)
 Metaspace       used 54720K, capacity 56203K, committed 56468K, reserved 1097728K
  class space    used 7097K, capacity 7626K, committed 7756K, reserved 1048576K
}

Deoptimization events (20 events):
Event: 7.345 Thread 0x0000019e59de2800 Uncommon trap: trap_request=0xffffffde fr.pc=0x0000019e47b04ad8 relative=0x0000000000000218
Event: 7.345 Thread 0x0000019e59de2800 Uncommon trap: reason=class_check action=maybe_recompile pc=0x0000019e47b04ad8 method=java.util.HashSet.contains(Ljava/lang/Object;)Z @ 5 c2
Event: 7.345 Thread 0x0000019e59de2800 DEOPT PACKING pc=0x0000019e47b04ad8 sp=0x00000009b24f8dc0
Event: 7.345 Thread 0x0000019e59de2800 DEOPT UNPACKING pc=0x0000019e3fe5662f sp=0x00000009b24f8d68 mode 2
Event: 7.360 Thread 0x0000019e59de2800 Uncommon trap: trap_request=0xffffffde fr.pc=0x0000019e47b70dd4 relative=0x00000000000013b4
Event: 7.360 Thread 0x0000019e59de2800 Uncommon trap: reason=class_check action=maybe_recompile pc=0x0000019e47b70dd4 method=java.util.HashMap.computeIfAbsent(Ljava/lang/Object;Ljava/util/function/Function;)Ljava/lang/Object; @ 142 c2
Event: 7.360 Thread 0x0000019e59de2800 DEOPT PACKING pc=0x0000019e47b70dd4 sp=0x00000009b24f87d0
Event: 7.360 Thread 0x0000019e59de2800 DEOPT UNPACKING pc=0x0000019e3fe5662f sp=0x00000009b24f87a8 mode 2
Event: 7.367 Thread 0x0000019e59de2800 Uncommon trap: trap_request=0xffffffde fr.pc=0x0000019e47b70dd4 relative=0x00000000000013b4
Event: 7.367 Thread 0x0000019e59de2800 Uncommon trap: reason=class_check action=maybe_recompile pc=0x0000019e47b70dd4 method=java.util.HashMap.computeIfAbsent(Ljava/lang/Object;Ljava/util/function/Function;)Ljava/lang/Object; @ 142 c2
Event: 7.367 Thread 0x0000019e59de2800 DEOPT PACKING pc=0x0000019e47b70dd4 sp=0x00000009b24f87d0
Event: 7.367 Thread 0x0000019e59de2800 DEOPT UNPACKING pc=0x0000019e3fe5662f sp=0x00000009b24f87a8 mode 2
Event: 7.379 Thread 0x0000019e59de2800 Uncommon trap: trap_request=0xffffffde fr.pc=0x0000019e47b70dd4 relative=0x00000000000013b4
Event: 7.379 Thread 0x0000019e59de2800 Uncommon trap: reason=class_check action=maybe_recompile pc=0x0000019e47b70dd4 method=java.util.HashMap.computeIfAbsent(Ljava/lang/Object;Ljava/util/function/Function;)Ljava/lang/Object; @ 142 c2
Event: 7.379 Thread 0x0000019e59de2800 DEOPT PACKING pc=0x0000019e47b70dd4 sp=0x00000009b24f8aa0
Event: 7.379 Thread 0x0000019e59de2800 DEOPT UNPACKING pc=0x0000019e3fe5662f sp=0x00000009b24f8a78 mode 2
Event: 7.379 Thread 0x0000019e59de2800 Uncommon trap: trap_request=0xffffffde fr.pc=0x0000019e47b70dd4 relative=0x00000000000013b4
Event: 7.379 Thread 0x0000019e59de2800 Uncommon trap: reason=class_check action=maybe_recompile pc=0x0000019e47b70dd4 method=java.util.HashMap.computeIfAbsent(Ljava/lang/Object;Ljava/util/function/Function;)Ljava/lang/Object; @ 142 c2
Event: 7.379 Thread 0x0000019e59de2800 DEOPT PACKING pc=0x0000019e47b70dd4 sp=0x00000009b24f8b10
Event: 7.379 Thread 0x0000019e59de2800 DEOPT UNPACKING pc=0x0000019e3fe5662f sp=0x00000009b24f8ae8 mode 2

Classes redefined (0 events):
No events

Internal exceptions (20 events):
Event: 7.009 Thread 0x0000019e59de2800 Exception <a 'java/lang/ClassNotFoundException'{0x0000000087bc4b58}: groovy/lang/MetaPropertyBeanInfo> (0x0000000087bc4b58) thrown at [./src/hotspot/share/classfile/systemDictionary.cpp, line 231]
Event: 7.009 Thread 0x0000019e59de2800 Exception <a 'java/lang/ClassNotFoundException'{0x0000000087be79d0}: groovy/lang/MetaPropertyCustomizer> (0x0000000087be79d0) thrown at [./src/hotspot/share/classfile/systemDictionary.cpp, line 231]
Event: 7.013 Thread 0x0000019e59de2800 Exception <a 'java/lang/ClassNotFoundException'{0x00000000879712e0}: org/codehaus/groovy/reflection/CachedFieldCustomizer> (0x00000000879712e0) thrown at [./src/hotspot/share/classfile/systemDictionary.cpp, line 231]
Event: 7.018 Thread 0x0000019e59de2800 Exception <a 'java/lang/ClassNotFoundException'{0x0000000087822b50}: org/gradle/tooling/provider/model/internal/DefaultToolingModelBuilderRegistry$1BeanInfo> (0x0000000087822b50) thrown at [./src/hotspot/share/classfile/systemDictionary.cpp, line 231]
Event: 7.018 Thread 0x0000019e59de2800 Exception <a 'java/lang/ClassNotFoundException'{0x0000000087840070}: org/gradle/tooling/provider/model/internal/DefaultToolingModelBuilderRegistry$1Customizer> (0x0000000087840070) thrown at [./src/hotspot/share/classfile/systemDictionary.cpp, line 231]
Event: 7.021 Thread 0x0000019e59de2800 Exception <a 'java/lang/ClassNotFoundException'{0x00000000878af250}: java/util/CollectionBeanInfo> (0x00000000878af250) thrown at [./src/hotspot/share/classfile/systemDictionary.cpp, line 231]
Event: 7.021 Thread 0x0000019e59de2800 Exception <a 'java/lang/ClassNotFoundException'{0x00000000878ba340}: java/util/CollectionCustomizer> (0x00000000878ba340) thrown at [./src/hotspot/share/classfile/systemDictionary.cpp, line 231]
Event: 7.065 Thread 0x0000019e59de2800 Implicit null exception at 0x0000019e479e64f4 to 0x0000019e479e6704
Event: 7.171 Thread 0x0000019e59c42000 Exception <a 'sun/nio/fs/WindowsException'{0x0000000087184d00}> (0x0000000087184d00) thrown at [./src/hotspot/share/prims/jni.cpp, line 615]
Event: 7.174 Thread 0x0000019e59c42000 Exception <a 'sun/nio/fs/WindowsException'{0x00000000871e23e0}> (0x00000000871e23e0) thrown at [./src/hotspot/share/prims/jni.cpp, line 615]
Event: 7.174 Thread 0x0000019e59c42000 Exception <a 'sun/nio/fs/WindowsException'{0x00000000871e2558}> (0x00000000871e2558) thrown at [./src/hotspot/share/prims/jni.cpp, line 615]
Event: 7.179 Thread 0x0000019e59de2800 Exception <a 'java/lang/ClassNotFoundException'{0x0000000087049fc8}: build_2spmb0wjha53r4y0kiv65ci84BeanInfo> (0x0000000087049fc8) thrown at [./src/hotspot/share/classfile/systemDictionary.cpp, line 231]
Event: 7.179 Thread 0x0000019e59de2800 Exception <a 'java/lang/ClassNotFoundException'{0x0000000087060f60}: org/gradle/api/internal/project/ProjectScriptBeanInfo> (0x0000000087060f60) thrown at [./src/hotspot/share/classfile/systemDictionary.cpp, line 231]
Event: 7.180 Thread 0x0000019e59de2800 Exception <a 'java/lang/ClassNotFoundException'{0x0000000087077628}: org/gradle/api/internal/project/ProjectScriptCustomizer> (0x0000000087077628) thrown at [./src/hotspot/share/classfile/systemDictionary.cpp, line 231]
Event: 7.181 Thread 0x0000019e59de2800 Exception <a 'java/lang/ClassNotFoundException'{0x0000000087092af0}: build_2spmb0wjha53r4y0kiv65ci84Customizer> (0x0000000087092af0) thrown at [./src/hotspot/share/classfile/systemDictionary.cpp, line 231]
Event: 7.188 Thread 0x0000019e59de2800 Exception <a 'java/lang/ClassNotFoundException'{0x0000000086f16928}: org/gradle/plugin/use/internal/PluginRequestCollector$PluginDependenciesSpecImplBeanInfo> (0x0000000086f16928) thrown at [./src/hotspot/share/classfile/systemDictionary.cpp, line 231]
Event: 7.189 Thread 0x0000019e59de2800 Exception <a 'java/lang/ClassNotFoundException'{0x0000000086f45710}: org/gradle/plugin/use/internal/PluginRequestCollector$PluginDependenciesSpecImplCustomizer> (0x0000000086f45710) thrown at [./src/hotspot/share/classfile/systemDictionary.cpp, line 231]
Event: 7.193 Thread 0x0000019e59de2800 Exception <a 'java/lang/ClassNotFoundException'{0x0000000086fa4b90}: org/gradle/plugin/use/internal/PluginRequestCollector$PluginDependencySpecImplBeanInfo> (0x0000000086fa4b90) thrown at [./src/hotspot/share/classfile/systemDictionary.cpp, line 231]
Event: 7.194 Thread 0x0000019e59de2800 Exception <a 'java/lang/ClassNotFoundException'{0x0000000086fd2c00}: org/gradle/plugin/use/internal/PluginRequestCollector$PluginDependencySpecImplCustomizer> (0x0000000086fd2c00) thrown at [./src/hotspot/share/classfile/systemDictionary.cpp, line 231]
Event: 7.341 Thread 0x0000019e59de2800 Exception <a 'java/lang/NoSuchMethodError'{0x0000000085efbe70}: 'void java.lang.invoke.DirectMethodHandle$Holder.invokeStatic(java.lang.Object, java.lang.Object, java.lang.Object, int, java.lang.Object)'> (0x0000000085efbe70) thrown at [./src/hotspot/share/interpreter/linkResolver.cpp, line 773]

Events (20 events):
Event: 7.371 loading class org/gradle/internal/component/external/model/AbstractMutableModuleComponentResolveMetadata$FileImpl done
Event: 7.371 loading class org/gradle/internal/component/external/model/ComponentVariant$File
Event: 7.371 loading class org/gradle/internal/component/external/model/ComponentVariant$File done
Event: 7.373 loading class org/gradle/internal/component/external/model/AbstractMutableModuleComponentResolveMetadata$ImmutableVariantImpl
Event: 7.373 loading class org/gradle/internal/component/external/model/AbstractMutableModuleComponentResolveMetadata$ImmutableVariantImpl done
Event: 7.373 loading class org/gradle/internal/component/external/model/ComponentVariant
Event: 7.373 loading class org/gradle/internal/component/external/model/ComponentVariant done
Event: 7.374 loading class org/gradle/internal/component/external/model/LazyVariantBackedConfigurationMetadata
Event: 7.374 loading class org/gradle/internal/component/external/model/LazyVariantBackedConfigurationMetadata done
Event: 7.375 loading class org/gradle/internal/component/external/model/AbstractVariantBackedConfigurationMetadata
Event: 7.375 loading class org/gradle/internal/component/external/model/AbstractVariantBackedConfigurationMetadata done
Event: 7.376 loading class org/gradle/internal/component/external/model/LazyVariantBackedConfigurationMetadata$RuleAwareVariant
Event: 7.376 loading class org/gradle/internal/component/external/model/LazyVariantBackedConfigurationMetadata$RuleAwareVariant done
Event: 7.377 loading class org/gradle/internal/component/external/model/GradleDependencyMetadata
Event: 7.377 loading class org/gradle/internal/component/external/model/GradleDependencyMetadata done
Event: 7.411 loading class org/gradle/internal/component/external/descriptor/DefaultExclude
Event: 7.411 loading class org/gradle/internal/component/external/descriptor/DefaultExclude done
Event: 7.412 loading class org/gradle/internal/component/model/Exclude
Event: 7.412 loading class org/gradle/internal/component/model/Exclude done
Event: 7.430 Executing VM operation: G1CollectForAllocation


Dynamic libraries:
0x00007ff6dace0000 - 0x00007ff6dacea000 	C:\Program Files\Android\Android Studio\jre\bin\java.exe
0x00007fff10850000 - 0x00007fff10a45000 	C:\WINDOWS\SYSTEM32\ntdll.dll
0x00007fff0f240000 - 0x00007fff0f2fe000 	C:\WINDOWS\System32\KERNEL32.DLL
0x00007fff0e5e0000 - 0x00007fff0e8a8000 	C:\WINDOWS\System32\KERNELBASE.dll
0x00007fff0e110000 - 0x00007fff0e210000 	C:\WINDOWS\System32\ucrtbase.dll
0x00007ffef7a80000 - 0x00007ffef7a97000 	C:\Program Files\Android\Android Studio\jre\bin\VCRUNTIME140.dll
0x00007ffef2050000 - 0x00007ffef2069000 	C:\Program Files\Android\Android Studio\jre\bin\jli.dll
0x00007fff0ed20000 - 0x00007fff0eec0000 	C:\WINDOWS\System32\USER32.dll
0x00007fff0d350000 - 0x00007fff0d5ea000 	C:\WINDOWS\WinSxS\amd64_microsoft.windows.common-controls_6595b64144ccf1df_6.0.19041.1110_none_60b5254171f9507e\COMCTL32.dll
0x00007fff0e210000 - 0x00007fff0e232000 	C:\WINDOWS\System32\win32u.dll
0x00007fff105f0000 - 0x00007fff1068e000 	C:\WINDOWS\System32\msvcrt.dll
0x00007fff0f150000 - 0x00007fff0f17b000 	C:\WINDOWS\System32\GDI32.dll
0x00007fff0e370000 - 0x00007fff0e47b000 	C:\WINDOWS\System32\gdi32full.dll
0x00007fff0e070000 - 0x00007fff0e10d000 	C:\WINDOWS\System32\msvcp_win.dll
0x00007fff0efd0000 - 0x00007fff0f000000 	C:\WINDOWS\System32\IMM32.DLL
0x00007ffeedf10000 - 0x00007ffeedfad000 	C:\Program Files\Android\Android Studio\jre\bin\msvcp140.dll
0x00007ffed1fb0000 - 0x00007ffed2a85000 	C:\Program Files\Android\Android Studio\jre\bin\server\jvm.dll
0x00007fff0f190000 - 0x00007fff0f23e000 	C:\WINDOWS\System32\ADVAPI32.dll
0x00007fff0fec0000 - 0x00007fff0ff5c000 	C:\WINDOWS\System32\sechost.dll
0x00007fff0f490000 - 0x00007fff0f5b5000 	C:\WINDOWS\System32\RPCRT4.dll
0x00007fff0f000000 - 0x00007fff0f008000 	C:\WINDOWS\System32\PSAPI.DLL
0x00007ffef3120000 - 0x00007ffef3129000 	C:\WINDOWS\SYSTEM32\WSOCK32.dll
0x00007ffefb2c0000 - 0x00007ffefb2e7000 	C:\WINDOWS\SYSTEM32\WINMM.dll
0x00007fff0ab70000 - 0x00007fff0ab7a000 	C:\WINDOWS\SYSTEM32\VERSION.dll
0x00007fff10030000 - 0x00007fff1009b000 	C:\WINDOWS\System32\WS2_32.dll
0x00007fff0c1c0000 - 0x00007fff0c1d2000 	C:\WINDOWS\SYSTEM32\kernel.appcore.dll
0x00007fff075c0000 - 0x00007fff075d1000 	C:\Program Files\Android\Android Studio\jre\bin\verify.dll
0x00007fff0d910000 - 0x00007fff0daf4000 	C:\WINDOWS\SYSTEM32\DBGHELP.DLL
0x00007fff0d740000 - 0x00007fff0d76c000 	C:\WINDOWS\SYSTEM32\dbgcore.DLL
0x00007fff0df70000 - 0x00007fff0dff2000 	C:\WINDOWS\System32\bcryptPrimitives.dll
0x00007fff07440000 - 0x00007fff07469000 	C:\Program Files\Android\Android Studio\jre\bin\java.dll
0x00007fff084c0000 - 0x00007fff084cb000 	C:\Program Files\Android\Android Studio\jre\bin\jimage.dll
0x00007fff07490000 - 0x00007fff074a8000 	C:\Program Files\Android\Android Studio\jre\bin\zip.dll
0x00007fff0f770000 - 0x00007fff0feb4000 	C:\WINDOWS\System32\SHELL32.dll
0x00007fff0ba10000 - 0x00007fff0c1a4000 	C:\WINDOWS\SYSTEM32\windows.storage.dll
0x00007fff0e960000 - 0x00007fff0ecb4000 	C:\WINDOWS\System32\combase.dll
0x00007fff0d2e0000 - 0x00007fff0d30c000 	C:\WINDOWS\SYSTEM32\Wldp.dll
0x00007fff0f0a0000 - 0x00007fff0f14d000 	C:\WINDOWS\System32\SHCORE.dll
0x00007fff107b0000 - 0x00007fff10805000 	C:\WINDOWS\System32\shlwapi.dll
0x00007fff0deb0000 - 0x00007fff0decf000 	C:\WINDOWS\SYSTEM32\profapi.dll
0x00007ffef9430000 - 0x00007ffef944a000 	C:\Program Files\Android\Android Studio\jre\bin\net.dll
0x00007ffefb550000 - 0x00007ffefb659000 	C:\WINDOWS\SYSTEM32\WINHTTP.dll
0x00007fff0d030000 - 0x00007fff0d09a000 	C:\WINDOWS\system32\mswsock.dll
0x00007ffef9410000 - 0x00007ffef9424000 	C:\Program Files\Android\Android Studio\jre\bin\nio.dll
0x00007ffef5ba0000 - 0x00007ffef5bc7000 	C:\Users\Pranay\.gradle\native\e1d6ef7f7dcc3fd88c89a11ec53ec762bb8ba0a96d01ffa2cd45eb1d1d8dd5c5\windows-amd64\native-platform.dll
0x00007ffed3ad0000 - 0x00007ffed3c14000 	C:\Users\Pranay\.gradle\native\5664cfc778a61ccfe75a443a1ab52a65af34e5dc3c78e0209fed803814484fcb\windows-amd64\native-platform-file-events.dll
0x00007fff07760000 - 0x00007fff0776a000 	C:\Program Files\Android\Android Studio\jre\bin\management.dll
0x00007fff065d0000 - 0x00007fff065dd000 	C:\Program Files\Android\Android Studio\jre\bin\management_ext.dll
0x00007fff0dcf0000 - 0x00007fff0dd08000 	C:\WINDOWS\SYSTEM32\CRYPTSP.dll
0x00007fff0c9e0000 - 0x00007fff0ca14000 	C:\WINDOWS\system32\rsaenh.dll
0x00007fff0e290000 - 0x00007fff0e2b7000 	C:\WINDOWS\System32\bcrypt.dll
0x00007fff0de30000 - 0x00007fff0de5e000 	C:\WINDOWS\SYSTEM32\USERENV.dll
0x00007fff0d120000 - 0x00007fff0d12c000 	C:\WINDOWS\SYSTEM32\CRYPTBASE.dll
0x00007fff0cd30000 - 0x00007fff0cd6b000 	C:\WINDOWS\SYSTEM32\IPHLPAPI.DLL
0x00007fff0eec0000 - 0x00007fff0eec8000 	C:\WINDOWS\System32\NSI.dll
0x00007fff03b00000 - 0x00007fff03b17000 	C:\WINDOWS\SYSTEM32\dhcpcsvc6.DLL
0x00007fff04710000 - 0x00007fff0472d000 	C:\WINDOWS\SYSTEM32\dhcpcsvc.DLL
0x00007fff0cd70000 - 0x00007fff0ce3a000 	C:\WINDOWS\SYSTEM32\DNSAPI.dll

dbghelp: loaded successfully - version: 4.0.5 - missing functions: none
symbol engine: initialized successfully - sym options: 0x614 - pdb path: .;C:\Program Files\Android\Android Studio\jre\bin;C:\WINDOWS\SYSTEM32;C:\WINDOWS\WinSxS\amd64_microsoft.windows.common-controls_6595b64144ccf1df_6.0.19041.1110_none_60b5254171f9507e;C:\Program Files\Android\Android Studio\jre\bin\server;C:\Users\Pranay\.gradle\native\e1d6ef7f7dcc3fd88c89a11ec53ec762bb8ba0a96d01ffa2cd45eb1d1d8dd5c5\windows-amd64;C:\Users\Pranay\.gradle\native\5664cfc778a61ccfe75a443a1ab52a65af34e5dc3c78e0209fed803814484fcb\windows-amd64

VM Arguments:
jvm_args: --add-opens=java.base/java.util=ALL-UNNAMED --add-opens=java.base/java.lang=ALL-UNNAMED --add-opens=java.base/java.lang.invoke=ALL-UNNAMED --add-opens=java.base/java.util=ALL-UNNAMED --add-opens=java.prefs/java.util.prefs=ALL-UNNAMED --add-opens=java.prefs/java.util.prefs=ALL-UNNAMED --add-opens=java.base/java.nio.charset=ALL-UNNAMED --add-opens=java.base/java.net=ALL-UNNAMED --add-opens=java.base/java.util.concurrent.atomic=ALL-UNNAMED -Xmx2048m -Dfile.encoding=UTF-8 -Duser.country=IN -Duser.language=en -Duser.variant 
java_command: org.gradle.launcher.daemon.bootstrap.GradleDaemon 7.2
java_class_path (initial): C:\Users\Pranay\.gradle\wrapper\dists\gradle-7.2-bin\2dnblmf4td7x66yl1d74lt32g\gradle-7.2\lib\gradle-launcher-7.2.jar
Launcher Type: SUN_STANDARD

[Global flags]
     intx CICompilerCount                          = 4                                         {product} {ergonomic}
     uint ConcGCThreads                            = 2                                         {product} {ergonomic}
     uint G1ConcRefinementThreads                  = 8                                         {product} {ergonomic}
   size_t G1HeapRegionSize                         = 1048576                                   {product} {ergonomic}
    uintx GCDrainStackTargetSize                   = 64                                        {product} {ergonomic}
   size_t InitialHeapSize                          = 134217728                                 {product} {ergonomic}
   size_t MarkStackSize                            = 4194304                                   {product} {ergonomic}
   size_t MaxHeapSize                              = 2147483648                                {product} {command line}
   size_t MaxNewSize                               = 1287651328                                {product} {ergonomic}
   size_t MinHeapDeltaBytes                        = 1048576                                   {product} {ergonomic}
    uintx NonNMethodCodeHeapSize                   = 5836300                                {pd product} {ergonomic}
    uintx NonProfiledCodeHeapSize                  = 122910970                              {pd product} {ergonomic}
    uintx ProfiledCodeHeapSize                     = 122910970                              {pd product} {ergonomic}
    uintx ReservedCodeCacheSize                    = 251658240                              {pd product} {ergonomic}
     bool SegmentedCodeCache                       = true                                      {product} {ergonomic}
     bool UseCompressedClassPointers               = true                                 {lp64_product} {ergonomic}
     bool UseCompressedOops                        = true                                 {lp64_product} {ergonomic}
     bool UseG1GC                                  = true                                      {product} {ergonomic}
     bool UseLargePagesIndividualAllocation        = false                                  {pd product} {ergonomic}

Logging:
Log output configuration:
 #0: stdout all=warning uptime,level,tags
 #1: stderr all=off uptime,level,tags

Environment Variables:
PATH=C:\Program Files\Common Files\Oracle\Java\javapath;C:\WINDOWS\system32;C:\WINDOWS;C:\WINDOWS\System32\Wbem;C:\WINDOWS\System32\WindowsPowerShell\v1.0\;C:\WINDOWS\System32\OpenSSH\;C:\Program Files\Intel\WiFi\bin\;C:\Program Files\Common Files\Intel\WirelessCommon\;C:\Program Files (x86)\Intel\Intel(R) Management Engine Components\DAL;C:\Program Files\Intel\Intel(R) Management Engine Components\DAL;C:\Program Files\nodejs\;C:\Users\Pranay\AppData\Local\Microsoft\WindowsApps;C:\Users\Pranay\AppData\Local\Programs\Microsoft VS Code\bin;C:\Users\Pranay\AppData\Roaming\npm;C:\Users\Pranay\AppData\Local\Programs\Git\cmd
USERNAME=Pranay
OS=Windows_NT
PROCESSOR_IDENTIFIER=Intel64 Family 6 Model 142 Stepping 10, GenuineIntel



---------------  S Y S T E M  ---------------

OS: Windows 10 , 64 bit Build 19041 (10.0.19041.1566)
OS uptime: 1 days 22:40 hours

CPU:total 8 (initial active 8) (4 cores per cpu, 2 threads per core) family 6 model 142 stepping 10 microcode 0xea, cmov, cx8, fxsr, mmx, sse, sse2, sse3, ssse3, sse4.1, sse4.2, popcnt, avx, avx2, aes, clmul, erms, 3dnowpref, lzcnt, ht, tsc, tscinvbit, bmi1, bmi2, adx, fma

Memory: 4k page, system-wide physical 8087M (2657M free)
TotalPageFile size 16279M (AvailPageFile size 10622M)
current process WorkingSet (physical memory assigned to process): 341M, peak: 341M
current process commit charge ("private bytes"): 378M, peak: 378M

vm_info: OpenJDK 64-Bit Server VM (11.0.11+9-b60-7590822) for windows-amd64 JRE (11.0.11+9-b60-7590822), built on Jul 29 2021 21:43:44 by "builder" with MS VC++ 14.0 (VS2015)

END.
